I 2018-06-21 16:25:15:027 server.cc(86) Starting WebDriver server on port: '26803' on host: ''
T 2018-06-21 16:25:15:027 server.cc(634) Entering Server::PopulateCommandRepository
T 2018-06-21 16:25:15:028 IEServer.cpp(32) Entering IEServer::IEServer
I 2018-06-21 16:25:15:028 IEServer.cpp(33) Driver version: 3.6.0.0 (32-bit)
T 2018-06-21 16:25:15:028 server.cc(121) Entering Server::Start
D 2018-06-21 16:25:15:028 server.cc(148) Civetweb ACL is -0.0.0.0/0,+127.0.0.1
T 2018-06-21 16:25:15:288 server.cc(174) Entering Server::ProcessRequest
T 2018-06-21 16:25:15:288 server.cc(183) Process request with: URI: /status HTTP verb: GET
body: {}
T 2018-06-21 16:25:15:288 server.cc(272) Entering Server::DispatchCommand
T 2018-06-21 16:25:15:288 server.cc(583) Entering Server::LookupCommand
D 2018-06-21 16:25:15:288 server.cc(281) Command: GET /status {}
T 2018-06-21 16:25:15:289 IEServer.cpp(51) Entering IEServer::GetStatus
T 2018-06-21 16:25:15:289 response.cc(72) Entering Response::SetSuccessResponse
T 2018-06-21 16:25:15:289 response.cc(78) Entering Response::SetResponse
T 2018-06-21 16:25:15:289 response.cc(51) Entering Response::Serialize
D 2018-06-21 16:25:15:289 server.cc(338) Response: {"value":{"build":{"version":"3.6.0.0 (32-bit)"},"message":"Ready to create session","os":{"arch":"x64","name":"windows","version":"6.3.9600.18217 (winblue_ltsb.160124-0053)"},"ready":true}}

T 2018-06-21 16:25:15:289 server.cc(391) Entering Server::SendResponseToClient
T 2018-06-21 16:25:15:289 response.cc(30) Entering Response::Deserialize
T 2018-06-21 16:25:15:289 server.cc(445) Entering Server::SendHttpOk
T 2018-06-21 16:25:15:787 server.cc(174) Entering Server::ProcessRequest
T 2018-06-21 16:25:15:787 server.cc(238) Entering Server::ReadRequestBody
T 2018-06-21 16:25:15:787 server.cc(183) Process request with: URI: /session HTTP verb: POST
body: {
  "desiredCapabilities": {"browserName":"internet explorer","ensureCleanSession":true,"ie.usePerProcessProxy":"true","platform":"WINDOWS","se:ieOptions":{"ie.usePerProcessProxy":"true"}},
  "capabilities": {
    "desiredCapabilities": {"browserName":"internet explorer","ensureCleanSession":true,"ie.usePerProcessProxy":"true","platform":"WINDOWS","se:ieOptions":{"ie.usePerProcessProxy":"true"}},
    "firstMatch": [
      {"browserName":"internet explorer","platformName":"windows","se:ieOptions":{"ie.usePerProcessProxy":"true"}}
    ]
  }
}
T 2018-06-21 16:25:15:787 server.cc(272) Entering Server::DispatchCommand
T 2018-06-21 16:25:15:787 server.cc(583) Entering Server::LookupCommand
D 2018-06-21 16:25:15:787 server.cc(281) Command: POST /session {
  "desiredCapabilities": {"browserName":"internet explorer","ensureCleanSession":true,"ie.usePerProcessProxy":"true","platform":"WINDOWS","se:ieOptions":{"ie.usePerProcessProxy":"true"}},
  "capabilities": {
    "desiredCapabilities": {"browserName":"internet explorer","ensureCleanSession":true,"ie.usePerProcessProxy":"true","platform":"WINDOWS","se:ieOptions":{"ie.usePerProcessProxy":"true"}},
    "firstMatch": [
      {"browserName":"internet explorer","platformName":"windows","se:ieOptions":{"ie.usePerProcessProxy":"true"}}
    ]
  }
}
T 2018-06-21 16:25:15:787 IEServer.cpp(42) Entering IEServer::InitializeSession
T 2018-06-21 16:25:15:787 IESession.cpp(38) Entering IESession::Initialize
D 2018-06-21 16:25:15:787 IESession.cpp(53) Mutex acquired for session initalization
T 2018-06-21 16:25:15:788 IECommandExecutor.cpp(386) Entering IECommandExecutor::ThreadProc
T 2018-06-21 16:25:15:794 IECommandExecutor.cpp(47) Entering IECommandExecutor::OnCreate
T 2018-06-21 16:25:15:795 IECommandExecutor.cpp(753) Entering IECommandExecutor::PopulateElementFinderMethods
T 2018-06-21 16:25:15:795 InputManager.cpp(40) Entering InputManager::InputManager
T 2018-06-21 16:25:15:795 InputManager.cpp(75) Entering InputManager::Initialize
T 2018-06-21 16:25:15:795 BrowserFactory.cpp(998) Entering BrowserFactory::GetExecutableLocation
T 2018-06-21 16:25:15:795 BrowserFactory.cpp(1039) Entering BrowserFactory::GetIEVersion
T 2018-06-21 16:25:15:796 CommandHandlerRepository.cpp(108) Entering CommandHandlerRepository::PopulateCommandHandlers
T 2018-06-21 16:25:15:798 IESession.cpp(99) Created thread for command executor returns HWND: '00AD0DF4'
T 2018-06-21 16:25:15:798 IESession.cpp(103) Session id is retrived from command executor window: '927bfc36-5676-4932-873e-7c194d60ff92'
D 2018-06-21 16:25:15:798 IESession.cpp(109) Releasing session initialization mutex
T 2018-06-21 16:25:15:798 IESession.cpp(191) Entering IESession::ExecuteCommand
T 2018-06-21 16:25:15:798 IECommandExecutor.cpp(122) Entering IECommandExecutor::OnSetCommand
T 2018-06-21 16:25:15:798 command.cc(31) Entering Command::Deserialize
D 2018-06-21 16:25:15:798 command.cc(36) Raw JSON command: { "name" : "newSession", "locator" : { }, "parameters" : {
  "desiredCapabilities": {"browserName":"internet explorer","ensureCleanSession":true,"ie.usePerProcessProxy":"true","platform":"WINDOWS","se:ieOptions":{"ie.usePerProcessProxy":"true"}},
  "capabilities": {
    "desiredCapabilities": {"browserName":"internet explorer","ensureCleanSession":true,"ie.usePerProcessProxy":"true","platform":"WINDOWS","se:ieOptions":{"ie.usePerProcessProxy":"true"}},
    "firstMatch": [
      {"browserName":"internet explorer","platformName":"windows","se:ieOptions":{"ie.usePerProcessProxy":"true"}}
    ]
  }
} }
T 2018-06-21 16:25:15:799 IECommandExecutor.cpp(133) Entering IECommandExecutor::OnExecCommand
T 2018-06-21 16:25:15:799 IECommandExecutor.cpp(454) Entering IECommandExecutor::DispatchCommand
D 2018-06-21 16:25:15:799 CommandHandlers\NewSessionCommandHandler.cpp(46) Found W3C capabilities structure
D 2018-06-21 16:25:15:799 CommandHandlers\NewSessionCommandHandler.cpp(505) Validating capabilities object
D 2018-06-21 16:25:15:799 CommandHandlers\NewSessionCommandHandler.cpp(505) Validating capabilities object
D 2018-06-21 16:25:15:799 CommandHandlers\NewSessionCommandHandler.cpp(535) Found browserNamecapability. Validating value type is string.
D 2018-06-21 16:25:15:799 CommandHandlers\NewSessionCommandHandler.cpp(564) Found platformNamecapability. Validating value type is string.
D 2018-06-21 16:25:15:799 CommandHandlers\NewSessionCommandHandler.cpp(794) Found proxycapability. Validating value type is object.
T 2018-06-21 16:25:15:799 BrowserFactory.cpp(113) Entering BrowserFactory::Initialize
T 2018-06-21 16:25:15:799 IECommandExecutor.cpp(631) Entering IECommandExecutor::CreateNewBrowser
T 2018-06-21 16:25:15:800 BrowserFactory.cpp(142) Entering BrowserFactory::LaunchBrowserProcess
D 2018-06-21 16:25:15:800 BrowserFactory.cpp(146) Ignoring Protected Mode Settings: 0
D 2018-06-21 16:25:15:800 BrowserFactory.cpp(149) Checking validity of Protected Mode settings.
T 2018-06-21 16:25:15:800 BrowserFactory.cpp(1058) Entering BrowserFactory::ProtectedModeSettingsAreValid
D 2018-06-21 16:25:15:800 BrowserFactory.cpp(1061) Detected IE version: 11, Windows version supports Protected Mode: 1
T 2018-06-21 16:25:15:800 BrowserFactory.cpp(1135) Entering BrowserFactory::GetZoneProtectedModeSetting
D 2018-06-21 16:25:15:800 BrowserFactory.cpp(1152) Found Protected Mode setting value of 3 for zone 1
T 2018-06-21 16:25:15:800 BrowserFactory.cpp(1135) Entering BrowserFactory::GetZoneProtectedModeSetting
D 2018-06-21 16:25:15:800 BrowserFactory.cpp(1156) RegQueryValueEx failed for getting Protected Mode setting for a zone: 2
T 2018-06-21 16:25:15:800 BrowserFactory.cpp(1135) Entering BrowserFactory::GetZoneProtectedModeSetting
D 2018-06-21 16:25:15:800 BrowserFactory.cpp(1156) RegQueryValueEx failed for getting Protected Mode setting for a zone: 3
T 2018-06-21 16:25:15:800 BrowserFactory.cpp(1135) Entering BrowserFactory::GetZoneProtectedModeSetting
D 2018-06-21 16:25:15:800 BrowserFactory.cpp(1156) RegQueryValueEx failed for getting Protected Mode setting for a zone: 4
D 2018-06-21 16:25:15:800 BrowserFactory.cpp(152) Has Valid Protected Mode Settings: 1
T 2018-06-21 16:25:15:800 BrowserFactory.cpp(226) Entering BrowserFactory::IsIELaunchURLAvailable
T 2018-06-21 16:25:15:809 BrowserFactory.cpp(130) Entering BrowserFactory::ClearCache
T 2018-06-21 16:25:15:809 BrowserFactory.cpp(247) Entering BrowserFactory::LaunchBrowserUsingIELaunchURL
D 2018-06-21 16:25:15:809 BrowserFactory.cpp(248) Starting IE using the IELaunchURL API
D 2018-06-21 16:25:16:689 BrowserFactory.cpp(202) IE launched successfully with process ID 107864
T 2018-06-21 16:25:16:689 IESession.cpp(212) Beginning wait for response length to be not zero
D 2018-06-21 16:25:16:689 BrowserFactory.cpp(208) Process with ID 107864 is executing iexplore.exe
T 2018-06-21 16:25:16:689 BrowserFactory.cpp(365) Entering BrowserFactory::AttachToBrowser
D 2018-06-21 16:25:16:689 BrowserFactory.cpp(375) Using Active Accessibility to find IWebBrowser2 interface
T 2018-06-21 16:25:16:689 BrowserFactory.cpp(414) Entering BrowserFactory::AttachToBrowserUsingActiveAccessibility
T 2018-06-21 16:25:18:355 server.cc(174) Entering Server::ProcessRequest
T 2018-06-21 16:25:18:355 server.cc(183) Process request with: URI: / HTTP verb: GET
body: {}
T 2018-06-21 16:25:18:355 server.cc(445) Entering Server::SendHttpOk
D 2018-06-21 16:25:18:507 BrowserFactory.cpp(434) Found window handle 007413A0 for window with class 'Internet Explorer_Server' belonging to process with id 107864
T 2018-06-21 16:25:18:507 BrowserFactory.cpp(329) Entering BrowserFactory::GetDocumentFromWindowHandle
T 2018-06-21 16:25:18:592 server.cc(174) Entering Server::ProcessRequest
T 2018-06-21 16:25:18:592 server.cc(183) Process request with: URI: /favicon.ico HTTP verb: GET
body: {}
T 2018-06-21 16:25:18:592 server.cc(272) Entering Server::DispatchCommand
T 2018-06-21 16:25:18:592 server.cc(583) Entering Server::LookupCommand
D 2018-06-21 16:25:18:592 server.cc(281) Command: GET /favicon.ico {}
D 2018-06-21 16:25:18:592 server.cc(338) Response: { "error" : "unknown method", "message" : "Command not found: GET /favicon.ico" }
T 2018-06-21 16:25:18:592 server.cc(391) Entering Server::SendResponseToClient
T 2018-06-21 16:25:18:592 response.cc(30) Entering Response::Deserialize
T 2018-06-21 16:25:18:592 server.cc(445) Entering Server::SendHttpOk
D 2018-06-21 16:25:18:725 BrowserFactory.cpp(396) Ignoring zoom setting: 0
T 2018-06-21 16:25:18:725 BrowserFactory.cpp(574) Entering BrowserFactory::GetBrowserZoomLevel
T 2018-06-21 16:25:18:768 BrowserFactory.cpp(614) Entering BrowserFactory::GetZoomLevel
D 2018-06-21 16:25:18:869 BrowserFactory.cpp(694) Browser zoom level is 100%
I 2018-06-21 16:25:18:877 IECommandExecutor.cpp(654) Persistent hovering set to: 1
T 2018-06-21 16:25:18:877 ProxyManager.cpp(97) ProxyManager::SetProxySettings
D 2018-06-21 16:25:18:877 ProxyManager.cpp(113) Using existing system proxy settings.
T 2018-06-21 16:25:18:877 DocumentHost.cpp(33) Entering DocumentHost::DocumentHost
T 2018-06-21 16:25:18:877 CookieManager.cpp(49) Entering CookieManager::Initialize
T 2018-06-21 16:25:18:877 Browser.cpp(33) Entering Browser::Browser
T 2018-06-21 16:25:18:877 Browser.cpp(293) Entering Browser::AttachEvents
T 2018-06-21 16:25:18:885 IECommandExecutor.cpp(621) Entering IECommandExecutor::AddManagedBrowser
T 2018-06-21 16:25:18:885 IECommandExecutor.cpp(625) Setting current browser id to 2381d850-8647-45d9-90ff-e63b2e174e62
T 2018-06-21 16:25:18:885 response.cc(72) Entering Response::SetSuccessResponse
T 2018-06-21 16:25:18:885 response.cc(78) Entering Response::SetResponse
T 2018-06-21 16:25:18:885 IECommandExecutor.cpp(577) Entering IECommandExecutor::GetCurrentBrowser
T 2018-06-21 16:25:18:885 IECommandExecutor.cpp(583) Entering IECommandExecutor::GetManagedBrowser
T 2018-06-21 16:25:18:886 response.cc(51) Entering Response::Serialize
T 2018-06-21 16:25:18:896 IESession.cpp(221) Found non-zero response length
T 2018-06-21 16:25:18:896 IECommandExecutor.cpp(156) Entering IECommandExecutor::OnGetResponse
T 2018-06-21 16:25:18:896 IECommandExecutor.cpp(285) Entering IECommandExecutor::OnIsSessionValid
T 2018-06-21 16:25:18:896 response.cc(30) Entering Response::Deserialize
D 2018-06-21 16:25:18:896 server.cc(338) Response: {"value":{"capabilities":{"acceptInsecureCerts":false,"browserName":"internet explorer","browserVersion":"11","pageLoadStrategy":"normal","platformName":"windows","se:ieOptions":{"browserAttachTimeout":0,"elementScrollBehavior":0,"enablePersistentHover":true,"ie.browserCommandLineSwitches":"","ie.ensureCleanSession":false,"ie.fileUploadDialogTimeout":3000,"ie.forceCreateProcessApi":false,"ignoreProtectedModeSettings":false,"ignoreZoomSetting":false,"initialBrowserUrl":"http://localhost:26803/","nativeEvents":true,"requireWindowFocus":false},"setWindowRect":true},"sessionId":"927bfc36-5676-4932-873e-7c194d60ff92"}}

T 2018-06-21 16:25:18:896 server.cc(391) Entering Server::SendResponseToClient
T 2018-06-21 16:25:18:896 response.cc(30) Entering Response::Deserialize
T 2018-06-21 16:25:18:896 server.cc(445) Entering Server::SendHttpOk
T 2018-06-21 16:25:19:064 server.cc(174) Entering Server::ProcessRequest
T 2018-06-21 16:25:19:064 server.cc(238) Entering Server::ReadRequestBody
T 2018-06-21 16:25:19:064 server.cc(183) Process request with: URI: /session/927bfc36-5676-4932-873e-7c194d60ff92/timeouts HTTP verb: POST
body: {"implicit":0}
T 2018-06-21 16:25:19:064 server.cc(272) Entering Server::DispatchCommand
T 2018-06-21 16:25:19:064 server.cc(583) Entering Server::LookupCommand
D 2018-06-21 16:25:19:064 server.cc(281) Command: POST /session/927bfc36-5676-4932-873e-7c194d60ff92/timeouts {"implicit":0}
T 2018-06-21 16:25:19:064 server.cc(378) Entering Server::LookupSession
T 2018-06-21 16:25:19:064 IESession.cpp(191) Entering IESession::ExecuteCommand
T 2018-06-21 16:25:19:064 IECommandExecutor.cpp(122) Entering IECommandExecutor::OnSetCommand
T 2018-06-21 16:25:19:064 command.cc(31) Entering Command::Deserialize
D 2018-06-21 16:25:19:064 command.cc(36) Raw JSON command: { "name" : "setTimeouts", "locator" : { "sessionid" : "927bfc36-5676-4932-873e-7c194d60ff92" }, "parameters" : {"implicit":0} }
T 2018-06-21 16:25:19:064 IECommandExecutor.cpp(133) Entering IECommandExecutor::OnExecCommand
T 2018-06-21 16:25:19:064 IESession.cpp(212) Beginning wait for response length to be not zero
T 2018-06-21 16:25:19:064 IECommandExecutor.cpp(454) Entering IECommandExecutor::DispatchCommand
T 2018-06-21 16:25:19:064 IECommandExecutor.cpp(577) Entering IECommandExecutor::GetCurrentBrowser
T 2018-06-21 16:25:19:064 IECommandExecutor.cpp(583) Entering IECommandExecutor::GetManagedBrowser
T 2018-06-21 16:25:19:065 IECommandExecutor.cpp(529) Entering IECommandExecutor::IsAlertActive
T 2018-06-21 16:25:19:065 Browser.cpp(700) Entering Browser::GetActiveDialogWindowHandle
T 2018-06-21 16:25:19:065 Browser.cpp(206) Entering Browser::GetContentWindowHandle
D 2018-06-21 16:25:19:065 IECommandExecutor.cpp(543) No alert handle is found
T 2018-06-21 16:25:19:065 IECommandExecutor.cpp(577) Entering IECommandExecutor::GetCurrentBrowser
T 2018-06-21 16:25:19:065 IECommandExecutor.cpp(583) Entering IECommandExecutor::GetManagedBrowser
T 2018-06-21 16:25:19:065 response.cc(51) Entering Response::Serialize
T 2018-06-21 16:25:19:075 IESession.cpp(221) Found non-zero response length
T 2018-06-21 16:25:19:075 IECommandExecutor.cpp(156) Entering IECommandExecutor::OnGetResponse
T 2018-06-21 16:25:19:076 IECommandExecutor.cpp(285) Entering IECommandExecutor::OnIsSessionValid
D 2018-06-21 16:25:19:076 server.cc(338) Response: {"value":null}

T 2018-06-21 16:25:19:076 server.cc(391) Entering Server::SendResponseToClient
T 2018-06-21 16:25:19:076 response.cc(30) Entering Response::Deserialize
T 2018-06-21 16:25:19:076 server.cc(445) Entering Server::SendHttpOk
T 2018-06-21 16:25:19:103 server.cc(174) Entering Server::ProcessRequest
T 2018-06-21 16:25:19:103 server.cc(238) Entering Server::ReadRequestBody
T 2018-06-21 16:25:19:103 server.cc(183) Process request with: URI: /session/927bfc36-5676-4932-873e-7c194d60ff92/execute/sync HTTP verb: POST
body: {"script":"return navigator.sayswho\u003d (function() { var ua\u003d navigator.userAgent, tem, M\u003d ua.match(/(opera|chrome|safari|firefox|msie|trident)\\/?\\s*(\\.?\\d+(\\.\\d+)*)/i) || []; if (/trident/i.test(M[1])) {     tem\u003d  /\\brv[ :]+(\\d+)/g.exec(ua) || [];     return \u0027IE \u0027+(tem[1] || \u0027\u0027); } if(M[1]\u003d\u003d\u003d \u0027Chrome\u0027) {     tem\u003d ua.match(/\\b(OPR|Edge)\\/(\\d+)/);     if(tem!\u003d null) return tem.slice(1).join(\u0027 \u0027).replace(\u0027OPR\u0027, \u0027Opera\u0027); } M\u003d M[2]? [M[1], M[2]]: [navigator.appName, navigator.appVersion, \u0027-?\u0027]; if((tem\u003d ua.match(/version\\/(\\d+)/i))!\u003d null) M.splice(1, 1, tem[1]); return M.join(\u0027 \u0027).replace(\u0027MSIE\u0027, \u0027IE\u0027);})();","args":[]}
T 2018-06-21 16:25:19:103 server.cc(272) Entering Server::DispatchCommand
T 2018-06-21 16:25:19:103 server.cc(583) Entering Server::LookupCommand
D 2018-06-21 16:25:19:103 server.cc(281) Command: POST /session/927bfc36-5676-4932-873e-7c194d60ff92/execute/sync {"script":"return navigator.sayswho\u003d (function() { var ua\u003d navigator.userAgent, tem, M\u003d ua.match(/(opera|chrome|safari|firefox|msie|trident)\\/?\\s*(\\.?\\d+(\\.\\d+)*)/i) || []; if (/trident/i.test(M[1])) {     tem\u003d  /\\brv[ :]+(\\d+)/g.exec(ua) || [];     return \u0027IE \u0027+(tem[1] || \u0027\u0027); } if(M[1]\u003d\u003d\u003d \u0027Chrome\u0027) {     tem\u003d ua.match(/\\b(OPR|Edge)\\/(\\d+)/);     if(tem!\u003d null) return tem.slice(1).join(\u0027 \u0027).replace(\u0027OPR\u0027, \u0027Opera\u0027); } M\u003d M[2]? [M[1], M[2]]: [navigator.appName, navigator.appVersion, \u0027-?\u0027]; if((tem\u003d ua.match(/version\\/(\\d+)/i))!\u003d null) M.splice(1, 1, tem[1]); return M.join(\u0027 \u0027).replace(\u0027MSIE\u0027, \u0027IE\u0027);})();","args":[]}
T 2018-06-21 16:25:19:103 server.cc(378) Entering Server::LookupSession
T 2018-06-21 16:25:19:103 IESession.cpp(191) Entering IESession::ExecuteCommand
T 2018-06-21 16:25:19:103 IECommandExecutor.cpp(122) Entering IECommandExecutor::OnSetCommand
T 2018-06-21 16:25:19:103 command.cc(31) Entering Command::Deserialize
D 2018-06-21 16:25:19:103 command.cc(36) Raw JSON command: { "name" : "executeScript", "locator" : { "sessionid" : "927bfc36-5676-4932-873e-7c194d60ff92" }, "parameters" : {"script":"return navigator.sayswho\u003d (function() { var ua\u003d navigator.userAgent, tem, M\u003d ua.match(/(opera|chrome|safari|firefox|msie|trident)\\/?\\s*(\\.?\\d+(\\.\\d+)*)/i) || []; if (/trident/i.test(M[1])) {     tem\u003d  /\\brv[ :]+(\\d+)/g.exec(ua) || [];     return \u0027IE \u0027+(tem[1] || \u0027\u0027); } if(M[1]\u003d\u003d\u003d \u0027Chrome\u0027) {     tem\u003d ua.match(/\\b(OPR|Edge)\\/(\\d+)/);     if(tem!\u003d null) return tem.slice(1).join(\u0027 \u0027).replace(\u0027OPR\u0027, \u0027Opera\u0027); } M\u003d M[2]? [M[1], M[2]]: [navigator.appName, navigator.appVersion, \u0027-?\u0027]; if((tem\u003d ua.match(/version\\/(\\d+)/i))!\u003d null) M.splice(1, 1, tem[1]); return M.join(\u0027 \u0027).replace(\u0027MSIE\u0027, \u0027IE\u0027);})();","args":[]} }
T 2018-06-21 16:25:19:104 IECommandExecutor.cpp(133) Entering IECommandExecutor::OnExecCommand
T 2018-06-21 16:25:19:104 IECommandExecutor.cpp(454) Entering IECommandExecutor::DispatchCommand
T 2018-06-21 16:25:19:104 IECommandExecutor.cpp(577) Entering IECommandExecutor::GetCurrentBrowser
T 2018-06-21 16:25:19:104 IECommandExecutor.cpp(583) Entering IECommandExecutor::GetManagedBrowser
T 2018-06-21 16:25:19:104 IECommandExecutor.cpp(529) Entering IECommandExecutor::IsAlertActive
T 2018-06-21 16:25:19:104 Browser.cpp(700) Entering Browser::GetActiveDialogWindowHandle
T 2018-06-21 16:25:19:104 Browser.cpp(206) Entering Browser::GetContentWindowHandle
D 2018-06-21 16:25:19:104 IECommandExecutor.cpp(543) No alert handle is found
T 2018-06-21 16:25:19:104 IECommandExecutor.cpp(577) Entering IECommandExecutor::GetCurrentBrowser
T 2018-06-21 16:25:19:105 IECommandExecutor.cpp(583) Entering IECommandExecutor::GetManagedBrowser
T 2018-06-21 16:25:19:105 Browser.cpp(126) Entering Browser::GetDocument
I 2018-06-21 16:25:19:105 Browser.cpp(130) No child frame focus. Focus is on top-level frame
T 2018-06-21 16:25:19:105 IESession.cpp(212) Beginning wait for response length to be not zero
T 2018-06-21 16:25:19:201 Browser.cpp(613) Entering Browser::GetDocumentFromWindow
T 2018-06-21 16:25:19:218 Script.cpp(49) Entering Script::Initialize
T 2018-06-21 16:25:19:218 CommandHandlers\ExecuteScriptCommandHandler.cpp(85) Entering ExecuteScriptCommandHandler::PopulateArgumentArray
T 2018-06-21 16:25:19:218 Script.cpp(169) Entering Script::Execute
T 2018-06-21 16:25:19:218 Script.cpp(438) Entering Script::CreateAnonymousFunction
T 2018-06-21 16:25:19:295 Script.cpp(426) Entering Script::ConvertResultToJsonValue
T 2018-06-21 16:25:19:295 response.cc(72) Entering Response::SetSuccessResponse
T 2018-06-21 16:25:19:295 response.cc(78) Entering Response::SetResponse
T 2018-06-21 16:25:19:295 IECommandExecutor.cpp(577) Entering IECommandExecutor::GetCurrentBrowser
T 2018-06-21 16:25:19:295 IECommandExecutor.cpp(583) Entering IECommandExecutor::GetManagedBrowser
T 2018-06-21 16:25:19:295 response.cc(51) Entering Response::Serialize
T 2018-06-21 16:25:19:296 IESession.cpp(221) Found non-zero response length
T 2018-06-21 16:25:19:296 IECommandExecutor.cpp(156) Entering IECommandExecutor::OnGetResponse
T 2018-06-21 16:25:19:296 IECommandExecutor.cpp(285) Entering IECommandExecutor::OnIsSessionValid
D 2018-06-21 16:25:19:296 server.cc(338) Response: {"value":"IE 11"}

T 2018-06-21 16:25:19:296 server.cc(391) Entering Server::SendResponseToClient
T 2018-06-21 16:25:19:296 response.cc(30) Entering Response::Deserialize
T 2018-06-21 16:25:19:296 server.cc(445) Entering Server::SendHttpOk
T 2018-06-21 16:25:19:365 server.cc(174) Entering Server::ProcessRequest
T 2018-06-21 16:25:19:366 server.cc(238) Entering Server::ReadRequestBody
T 2018-06-21 16:25:19:366 server.cc(183) Process request with: URI: /session/927bfc36-5676-4932-873e-7c194d60ff92/url HTTP verb: POST
body: {"url":"http://staging.walmart.triadretail.net/OldSpiceAmericanLegends"}
T 2018-06-21 16:25:19:366 server.cc(272) Entering Server::DispatchCommand
T 2018-06-21 16:25:19:366 server.cc(583) Entering Server::LookupCommand
D 2018-06-21 16:25:19:366 server.cc(281) Command: POST /session/927bfc36-5676-4932-873e-7c194d60ff92/url {"url":"http://staging.walmart.triadretail.net/OldSpiceAmericanLegends"}
T 2018-06-21 16:25:19:366 server.cc(378) Entering Server::LookupSession
T 2018-06-21 16:25:19:366 IESession.cpp(191) Entering IESession::ExecuteCommand
T 2018-06-21 16:25:19:366 IECommandExecutor.cpp(122) Entering IECommandExecutor::OnSetCommand
T 2018-06-21 16:25:19:367 command.cc(31) Entering Command::Deserialize
D 2018-06-21 16:25:19:367 command.cc(36) Raw JSON command: { "name" : "get", "locator" : { "sessionid" : "927bfc36-5676-4932-873e-7c194d60ff92" }, "parameters" : {"url":"http://staging.walmart.triadretail.net/OldSpiceAmericanLegends"} }
T 2018-06-21 16:25:19:367 IECommandExecutor.cpp(133) Entering IECommandExecutor::OnExecCommand
T 2018-06-21 16:25:19:367 IESession.cpp(212) Beginning wait for response length to be not zero
T 2018-06-21 16:25:19:367 IECommandExecutor.cpp(454) Entering IECommandExecutor::DispatchCommand
T 2018-06-21 16:25:19:367 IECommandExecutor.cpp(577) Entering IECommandExecutor::GetCurrentBrowser
T 2018-06-21 16:25:19:367 IECommandExecutor.cpp(583) Entering IECommandExecutor::GetManagedBrowser
T 2018-06-21 16:25:19:367 IECommandExecutor.cpp(529) Entering IECommandExecutor::IsAlertActive
T 2018-06-21 16:25:19:367 Browser.cpp(700) Entering Browser::GetActiveDialogWindowHandle
T 2018-06-21 16:25:19:367 Browser.cpp(206) Entering Browser::GetContentWindowHandle
D 2018-06-21 16:25:19:367 IECommandExecutor.cpp(543) No alert handle is found
T 2018-06-21 16:25:19:367 IECommandExecutor.cpp(577) Entering IECommandExecutor::GetCurrentBrowser
T 2018-06-21 16:25:19:368 IECommandExecutor.cpp(583) Entering IECommandExecutor::GetManagedBrowser
T 2018-06-21 16:25:19:368 Browser.cpp(318) Entring Browser::NavigateToUrl
T 2018-06-21 16:25:19:467 DocumentHost.cpp(142) Entering DocumentHost::SetFocusedFrameByElement
T 2018-06-21 16:25:19:467 response.cc(72) Entering Response::SetSuccessResponse
T 2018-06-21 16:25:19:467 response.cc(78) Entering Response::SetResponse
T 2018-06-21 16:25:19:467 IECommandExecutor.cpp(577) Entering IECommandExecutor::GetCurrentBrowser
T 2018-06-21 16:25:19:467 IECommandExecutor.cpp(583) Entering IECommandExecutor::GetManagedBrowser
T 2018-06-21 16:25:19:467 response.cc(51) Entering Response::Serialize
T 2018-06-21 16:25:19:468 IECommandExecutor.cpp(172) Entering IECommandExecutor::OnWait
T 2018-06-21 16:25:19:468 IECommandExecutor.cpp(577) Entering IECommandExecutor::GetCurrentBrowser
T 2018-06-21 16:25:19:468 IECommandExecutor.cpp(583) Entering IECommandExecutor::GetManagedBrowser
T 2018-06-21 16:25:19:468 Browser.cpp(438) Entering Browser::Wait
D 2018-06-21 16:25:19:468 Browser.cpp(448) Navigate Events Completed.
T 2018-06-21 16:25:19:468 Browser.cpp(700) Entering Browser::GetActiveDialogWindowHandle
T 2018-06-21 16:25:19:468 Browser.cpp(206) Entering Browser::GetContentWindowHandle
D 2018-06-21 16:25:19:512 Browser.cpp(508) Waiting for document to complete...
T 2018-06-21 16:25:19:512 Browser.cpp(522) Entering Browser::IsDocumentNavigating
D 2018-06-21 16:25:19:741 Browser.cpp(513) Not in navigating state
T 2018-06-21 16:25:19:752 IESession.cpp(221) Found non-zero response length
T 2018-06-21 16:25:19:752 IECommandExecutor.cpp(156) Entering IECommandExecutor::OnGetResponse
T 2018-06-21 16:25:19:752 IECommandExecutor.cpp(285) Entering IECommandExecutor::OnIsSessionValid
D 2018-06-21 16:25:19:752 server.cc(338) Response: {"value":null}

T 2018-06-21 16:25:19:752 server.cc(391) Entering Server::SendResponseToClient
T 2018-06-21 16:25:19:752 response.cc(30) Entering Response::Deserialize
T 2018-06-21 16:25:19:752 server.cc(445) Entering Server::SendHttpOk
T 2018-06-21 16:25:19:873 server.cc(174) Entering Server::ProcessRequest
T 2018-06-21 16:25:19:873 server.cc(238) Entering Server::ReadRequestBody
T 2018-06-21 16:25:19:873 server.cc(183) Process request with: URI: /session/927bfc36-5676-4932-873e-7c194d60ff92/elements HTTP verb: POST
body: {"value":"//p[(text() \u003d \u0027Important Walmart Disclaimer: Product information is provided by the supplier or manufacturer of the product and should not be construed as advice. Walmart does not sponsor, recommend or endorse any third party, product, service or information provided on this site.\u0027 or . \u003d \u0027Important Walmart Disclaimer: Product information is provided by the supplier or manufacturer of the product and should not be construed as advice. Walmart does not sponsor, recommend or endorse any third party, product, service or information provided on this site.\u0027)]","using":"xpath"}
T 2018-06-21 16:25:19:873 server.cc(272) Entering Server::DispatchCommand
T 2018-06-21 16:25:19:873 server.cc(583) Entering Server::LookupCommand
D 2018-06-21 16:25:19:873 server.cc(281) Command: POST /session/927bfc36-5676-4932-873e-7c194d60ff92/elements {"value":"//p[(text() \u003d \u0027Important Walmart Disclaimer: Product information is provided by the supplier or manufacturer of the product and should not be construed as advice. Walmart does not sponsor, recommend or endorse any third party, product, service or information provided on this site.\u0027 or . \u003d \u0027Important Walmart Disclaimer: Product information is provided by the supplier or manufacturer of the product and should not be construed as advice. Walmart does not sponsor, recommend or endorse any third party, product, service or information provided on this site.\u0027)]","using":"xpath"}
T 2018-06-21 16:25:19:873 server.cc(378) Entering Server::LookupSession
T 2018-06-21 16:25:19:873 IESession.cpp(191) Entering IESession::ExecuteCommand
T 2018-06-21 16:25:19:873 IECommandExecutor.cpp(122) Entering IECommandExecutor::OnSetCommand
T 2018-06-21 16:25:19:873 command.cc(31) Entering Command::Deserialize
D 2018-06-21 16:25:19:873 command.cc(36) Raw JSON command: { "name" : "findElements", "locator" : { "sessionid" : "927bfc36-5676-4932-873e-7c194d60ff92" }, "parameters" : {"value":"//p[(text() \u003d \u0027Important Walmart Disclaimer: Product information is provided by the supplier or manufacturer of the product and should not be construed as advice. Walmart does not sponsor, recommend or endorse any third party, product, service or information provided on this site.\u0027 or . \u003d \u0027Important Walmart Disclaimer: Product information is provided by the supplier or manufacturer of the product and should not be construed as advice. Walmart does not sponsor, recommend or endorse any third party, product, service or information provided on this site.\u0027)]","using":"xpath"} }
T 2018-06-21 16:25:19:873 IECommandExecutor.cpp(133) Entering IECommandExecutor::OnExecCommand
T 2018-06-21 16:25:19:873 IECommandExecutor.cpp(454) Entering IECommandExecutor::DispatchCommand
T 2018-06-21 16:25:19:873 IECommandExecutor.cpp(577) Entering IECommandExecutor::GetCurrentBrowser
T 2018-06-21 16:25:19:873 IECommandExecutor.cpp(583) Entering IECommandExecutor::GetManagedBrowser
T 2018-06-21 16:25:19:874 IECommandExecutor.cpp(529) Entering IECommandExecutor::IsAlertActive
T 2018-06-21 16:25:19:874 Browser.cpp(700) Entering Browser::GetActiveDialogWindowHandle
T 2018-06-21 16:25:19:874 Browser.cpp(206) Entering Browser::GetContentWindowHandle
T 2018-06-21 16:25:19:874 IESession.cpp(212) Beginning wait for response length to be not zero
D 2018-06-21 16:25:19:874 IECommandExecutor.cpp(543) No alert handle is found
T 2018-06-21 16:25:19:874 IECommandExecutor.cpp(734) Entering IECommandExecutor::LocateElements
T 2018-06-21 16:25:19:874 IECommandExecutor.cpp(695) Entering IECommandExecutor::GetElementFindMethod
T 2018-06-21 16:25:19:874 ElementFinder.cpp(111) Entering ElementFinder::FindElements
T 2018-06-21 16:25:19:874 IECommandExecutor.cpp(577) Entering IECommandExecutor::GetCurrentBrowser
T 2018-06-21 16:25:19:874 IECommandExecutor.cpp(583) Entering IECommandExecutor::GetManagedBrowser
D 2018-06-21 16:25:19:874 ElementFinder.cpp(128) Using FindElements atom to locate element having xpath = //p[(text() = 'Important Walmart Disclaimer: Product information is provided by the supplier or manufacturer of the product and should not be construed as advice. Walmart does not sponsor, recommend or endorse any third party, product, service or information provided on this site.' or . = 'Important Walmart Disclaimer: Product information is provided by the supplier or manufacturer of the product and should not be construed as advice. Walmart does not sponsor, recommend or endorse any third party, product, service or information provided on this site.')]
T 2018-06-21 16:25:19:874 Browser.cpp(126) Entering Browser::GetDocument
I 2018-06-21 16:25:19:874 Browser.cpp(130) No child frame focus. Focus is on top-level frame
T 2018-06-21 16:25:20:015 Browser.cpp(613) Entering Browser::GetDocumentFromWindow
T 2018-06-21 16:25:20:088 Script.cpp(49) Entering Script::Initialize
T 2018-06-21 16:25:20:088 Script.cpp(70) Entering Script::AddArgument(std::wstring)
T 2018-06-21 16:25:20:088 Script.cpp(105) Entering Script::AddArgument(VARIANT)
T 2018-06-21 16:25:20:088 Script.cpp(70) Entering Script::AddArgument(std::wstring)
T 2018-06-21 16:25:20:088 Script.cpp(105) Entering Script::AddArgument(VARIANT)
T 2018-06-21 16:25:20:088 Script.cpp(169) Entering Script::Execute
T 2018-06-21 16:25:20:088 Script.cpp(438) Entering Script::CreateAnonymousFunction
T 2018-06-21 16:25:20:151 Browser.cpp(54) Entering Browser::OnQuit
T 2018-06-21 16:25:20:151 DocumentHost.cpp(252) Entering DocumentHost::PostQuitMessage
T 2018-06-21 16:25:20:239 Script.cpp(426) Entering Script::ConvertResultToJsonValue
D 2018-06-21 16:25:20:246 VariantUtilities.cpp(100) Result type is JScriptTypeInfo
T 2018-06-21 16:25:20:250 VariantUtilities.cpp(307) Entering Script::GetPropertyNameList
D 2018-06-21 16:25:20:263 VariantUtilities.cpp(100) Result type is JScriptTypeInfo
T 2018-06-21 16:25:20:264 VariantUtilities.cpp(324) Entering Script::GetArrayLength
T 2018-06-21 16:25:20:525 response.cc(72) Entering Response::SetSuccessResponse
T 2018-06-21 16:25:20:525 response.cc(78) Entering Response::SetResponse
T 2018-06-21 16:25:20:525 IECommandExecutor.cpp(577) Entering IECommandExecutor::GetCurrentBrowser
T 2018-06-21 16:25:20:525 IECommandExecutor.cpp(583) Entering IECommandExecutor::GetManagedBrowser
T 2018-06-21 16:25:20:525 response.cc(51) Entering Response::Serialize
T 2018-06-21 16:25:20:525 IECommandExecutor.cpp(250) Entering IECommandExecutor::OnBrowserQuit
T 2018-06-21 16:25:20:525 IESession.cpp(221) Found non-zero response length
T 2018-06-21 16:25:20:525 IECommandExecutor.cpp(529) Entering IECommandExecutor::IsAlertActive
T 2018-06-21 16:25:20:525 Browser.cpp(700) Entering Browser::GetActiveDialogWindowHandle
T 2018-06-21 16:25:20:525 Browser.cpp(206) Entering Browser::GetContentWindowHandle
D 2018-06-21 16:25:20:526 IECommandExecutor.cpp(543) No alert handle is found
T 2018-06-21 16:25:20:526 Browser.cpp(300) Entering Browser::DetachEvents
T 2018-06-21 16:25:20:526 IECommandExecutor.cpp(156) Entering IECommandExecutor::OnGetResponse
T 2018-06-21 16:25:20:526 IECommandExecutor.cpp(285) Entering IECommandExecutor::OnIsSessionValid
D 2018-06-21 16:25:20:527 server.cc(338) Response: {"value":[]}

T 2018-06-21 16:25:20:527 server.cc(391) Entering Server::SendResponseToClient
T 2018-06-21 16:25:20:527 response.cc(30) Entering Response::Deserialize
T 2018-06-21 16:25:20:527 server.cc(445) Entering Server::SendHttpOk
T 2018-06-21 16:25:21:054 server.cc(174) Entering Server::ProcessRequest
T 2018-06-21 16:25:21:054 server.cc(238) Entering Server::ReadRequestBody
T 2018-06-21 16:25:21:054 server.cc(183) Process request with: URI: /session/927bfc36-5676-4932-873e-7c194d60ff92/elements HTTP verb: POST
body: {"value":"//p[(text() \u003d \u0027Important Walmart Disclaimer: Product information is provided by the supplier or manufacturer of the product and should not be construed as advice. Walmart does not sponsor, recommend or endorse any third party, product, service or information provided on this site.\u0027 or . \u003d \u0027Important Walmart Disclaimer: Product information is provided by the supplier or manufacturer of the product and should not be construed as advice. Walmart does not sponsor, recommend or endorse any third party, product, service or information provided on this site.\u0027)]","using":"xpath"}
T 2018-06-21 16:25:21:054 server.cc(272) Entering Server::DispatchCommand
T 2018-06-21 16:25:21:054 server.cc(583) Entering Server::LookupCommand
D 2018-06-21 16:25:21:054 server.cc(281) Command: POST /session/927bfc36-5676-4932-873e-7c194d60ff92/elements {"value":"//p[(text() \u003d \u0027Important Walmart Disclaimer: Product information is provided by the supplier or manufacturer of the product and should not be construed as advice. Walmart does not sponsor, recommend or endorse any third party, product, service or information provided on this site.\u0027 or . \u003d \u0027Important Walmart Disclaimer: Product information is provided by the supplier or manufacturer of the product and should not be construed as advice. Walmart does not sponsor, recommend or endorse any third party, product, service or information provided on this site.\u0027)]","using":"xpath"}
T 2018-06-21 16:25:21:054 server.cc(378) Entering Server::LookupSession
T 2018-06-21 16:25:21:054 IESession.cpp(191) Entering IESession::ExecuteCommand
T 2018-06-21 16:25:21:054 IECommandExecutor.cpp(122) Entering IECommandExecutor::OnSetCommand
T 2018-06-21 16:25:21:054 command.cc(31) Entering Command::Deserialize
D 2018-06-21 16:25:21:055 command.cc(36) Raw JSON command: { "name" : "findElements", "locator" : { "sessionid" : "927bfc36-5676-4932-873e-7c194d60ff92" }, "parameters" : {"value":"//p[(text() \u003d \u0027Important Walmart Disclaimer: Product information is provided by the supplier or manufacturer of the product and should not be construed as advice. Walmart does not sponsor, recommend or endorse any third party, product, service or information provided on this site.\u0027 or . \u003d \u0027Important Walmart Disclaimer: Product information is provided by the supplier or manufacturer of the product and should not be construed as advice. Walmart does not sponsor, recommend or endorse any third party, product, service or information provided on this site.\u0027)]","using":"xpath"} }
T 2018-06-21 16:25:21:055 IECommandExecutor.cpp(133) Entering IECommandExecutor::OnExecCommand
T 2018-06-21 16:25:21:055 IECommandExecutor.cpp(454) Entering IECommandExecutor::DispatchCommand
T 2018-06-21 16:25:21:055 IECommandExecutor.cpp(577) Entering IECommandExecutor::GetCurrentBrowser
T 2018-06-21 16:25:21:055 IECommandExecutor.cpp(583) Entering IECommandExecutor::GetManagedBrowser
W 2018-06-21 16:25:21:055 IECommandExecutor.cpp(591) Browser ID requested was an empty string
W 2018-06-21 16:25:21:055 IECommandExecutor.cpp(503) Unable to find current browser
T 2018-06-21 16:25:21:055 IECommandExecutor.cpp(734) Entering IECommandExecutor::LocateElements
T 2018-06-21 16:25:21:055 IECommandExecutor.cpp(695) Entering IECommandExecutor::GetElementFindMethod
T 2018-06-21 16:25:21:055 ElementFinder.cpp(111) Entering ElementFinder::FindElements
T 2018-06-21 16:25:21:055 IECommandExecutor.cpp(577) Entering IECommandExecutor::GetCurrentBrowser
T 2018-06-21 16:25:21:055 IECommandExecutor.cpp(583) Entering IECommandExecutor::GetManagedBrowser
W 2018-06-21 16:25:21:055 IECommandExecutor.cpp(591) Browser ID requested was an empty string
W 2018-06-21 16:25:21:055 ElementFinder.cpp(167) Unable to get browser
T 2018-06-21 16:25:21:055 response.cc(85) Entering Response::SetErrorResponse
T 2018-06-21 16:25:21:055 response.cc(78) Entering Response::SetResponse
T 2018-06-21 16:25:21:055 IECommandExecutor.cpp(577) Entering IECommandExecutor::GetCurrentBrowser
T 2018-06-21 16:25:21:055 IECommandExecutor.cpp(583) Entering IECommandExecutor::GetManagedBrowser
W 2018-06-21 16:25:21:055 IECommandExecutor.cpp(591) Browser ID requested was an empty string
W 2018-06-21 16:25:21:055 IECommandExecutor.cpp(520) Unable to get current browser
T 2018-06-21 16:25:21:055 response.cc(51) Entering Response::Serialize
T 2018-06-21 16:25:21:061 IESession.cpp(212) Beginning wait for response length to be not zero
T 2018-06-21 16:25:21:061 IESession.cpp(221) Found non-zero response length
T 2018-06-21 16:25:21:062 IECommandExecutor.cpp(156) Entering IECommandExecutor::OnGetResponse
T 2018-06-21 16:25:21:065 IECommandExecutor.cpp(285) Entering IECommandExecutor::OnIsSessionValid
D 2018-06-21 16:25:21:066 server.cc(338) Response: {"value":{"data":null,"error":"no such window","message":"Unable to find elements on closed window","stacktrace":""}}

T 2018-06-21 16:25:21:066 server.cc(391) Entering Server::SendResponseToClient
T 2018-06-21 16:25:21:066 response.cc(30) Entering Response::Deserialize
T 2018-06-21 16:25:21:066 server.cc(465) Entering Server::SendHttpBadRequest
T 2018-06-21 16:25:21:116 server.cc(174) Entering Server::ProcessRequest
T 2018-06-21 16:25:21:116 server.cc(183) Process request with: URI: /session/927bfc36-5676-4932-873e-7c194d60ff92/screenshot HTTP verb: GET
body: {}
T 2018-06-21 16:25:21:116 server.cc(272) Entering Server::DispatchCommand
T 2018-06-21 16:25:21:116 server.cc(583) Entering Server::LookupCommand
D 2018-06-21 16:25:21:116 server.cc(281) Command: GET /session/927bfc36-5676-4932-873e-7c194d60ff92/screenshot {}
T 2018-06-21 16:25:21:116 server.cc(378) Entering Server::LookupSession
T 2018-06-21 16:25:21:116 IESession.cpp(191) Entering IESession::ExecuteCommand
T 2018-06-21 16:25:21:121 IECommandExecutor.cpp(122) Entering IECommandExecutor::OnSetCommand
T 2018-06-21 16:25:21:121 command.cc(31) Entering Command::Deserialize
D 2018-06-21 16:25:21:121 command.cc(36) Raw JSON command: { "name" : "takeScreenshot", "locator" : { "sessionid" : "927bfc36-5676-4932-873e-7c194d60ff92" }, "parameters" : {} }
T 2018-06-21 16:25:21:121 IECommandExecutor.cpp(133) Entering IECommandExecutor::OnExecCommand
T 2018-06-21 16:25:21:121 IESession.cpp(212) Beginning wait for response length to be not zero
T 2018-06-21 16:25:21:121 IECommandExecutor.cpp(454) Entering IECommandExecutor::DispatchCommand
T 2018-06-21 16:25:21:121 IECommandExecutor.cpp(577) Entering IECommandExecutor::GetCurrentBrowser
T 2018-06-21 16:25:21:121 IECommandExecutor.cpp(583) Entering IECommandExecutor::GetManagedBrowser
W 2018-06-21 16:25:21:121 IECommandExecutor.cpp(591) Browser ID requested was an empty string
W 2018-06-21 16:25:21:121 IECommandExecutor.cpp(503) Unable to find current browser
T 2018-06-21 16:25:21:121 CommandHandlers\ScreenshotCommandHandler.cpp(38) Entering ScreenshotCommandHandler::ExecuteInternal
T 2018-06-21 16:25:21:121 IECommandExecutor.cpp(577) Entering IECommandExecutor::GetCurrentBrowser
T 2018-06-21 16:25:21:121 IECommandExecutor.cpp(583) Entering IECommandExecutor::GetManagedBrowser
W 2018-06-21 16:25:21:122 IECommandExecutor.cpp(591) Browser ID requested was an empty string
T 2018-06-21 16:25:21:122 response.cc(91) Entering Response::SetErrorResponse
W 2018-06-21 16:25:21:122 response.cc(92) Error response has status code 23 and message 'Unable to get browser' message
T 2018-06-21 16:25:21:122 response.cc(85) Entering Response::SetErrorResponse
T 2018-06-21 16:25:21:122 response.cc(78) Entering Response::SetResponse
T 2018-06-21 16:25:21:122 IECommandExecutor.cpp(577) Entering IECommandExecutor::GetCurrentBrowser
T 2018-06-21 16:25:21:122 IECommandExecutor.cpp(583) Entering IECommandExecutor::GetManagedBrowser
W 2018-06-21 16:25:21:122 IECommandExecutor.cpp(591) Browser ID requested was an empty string
W 2018-06-21 16:25:21:122 IECommandExecutor.cpp(520) Unable to get current browser
T 2018-06-21 16:25:21:122 response.cc(51) Entering Response::Serialize
T 2018-06-21 16:25:21:132 IESession.cpp(221) Found non-zero response length
T 2018-06-21 16:25:21:132 IECommandExecutor.cpp(156) Entering IECommandExecutor::OnGetResponse
T 2018-06-21 16:25:21:132 IECommandExecutor.cpp(285) Entering IECommandExecutor::OnIsSessionValid
D 2018-06-21 16:25:21:132 server.cc(338) Response: {"value":{"data":null,"error":"no such window","message":"Unable to get browser","stacktrace":""}}

T 2018-06-21 16:25:21:132 server.cc(391) Entering Server::SendResponseToClient
T 2018-06-21 16:25:21:132 response.cc(30) Entering Response::Deserialize
T 2018-06-21 16:25:21:133 server.cc(465) Entering Server::SendHttpBadRequest
T 2018-06-21 16:25:21:158 server.cc(174) Entering Server::ProcessRequest
T 2018-06-21 16:25:21:158 server.cc(238) Entering Server::ReadRequestBody
T 2018-06-21 16:25:21:158 server.cc(183) Process request with: URI: /session/927bfc36-5676-4932-873e-7c194d60ff92/elements HTTP verb: POST
body: {"value":"//img[@src \u003d \u0027/MediaOMP/2018/PNG/01_PNG_R9860_OldSpiceAL/img/pov1.jpg\u0027 and @alt \u003d \u0027POV1 Desktop\u0027]","using":"xpath"}
T 2018-06-21 16:25:21:158 server.cc(272) Entering Server::DispatchCommand
T 2018-06-21 16:25:21:158 server.cc(583) Entering Server::LookupCommand
D 2018-06-21 16:25:21:158 server.cc(281) Command: POST /session/927bfc36-5676-4932-873e-7c194d60ff92/elements {"value":"//img[@src \u003d \u0027/MediaOMP/2018/PNG/01_PNG_R9860_OldSpiceAL/img/pov1.jpg\u0027 and @alt \u003d \u0027POV1 Desktop\u0027]","using":"xpath"}
T 2018-06-21 16:25:21:158 server.cc(378) Entering Server::LookupSession
T 2018-06-21 16:25:21:158 IESession.cpp(191) Entering IESession::ExecuteCommand
T 2018-06-21 16:25:21:159 IECommandExecutor.cpp(122) Entering IECommandExecutor::OnSetCommand
T 2018-06-21 16:25:21:159 command.cc(31) Entering Command::Deserialize
D 2018-06-21 16:25:21:159 command.cc(36) Raw JSON command: { "name" : "findElements", "locator" : { "sessionid" : "927bfc36-5676-4932-873e-7c194d60ff92" }, "parameters" : {"value":"//img[@src \u003d \u0027/MediaOMP/2018/PNG/01_PNG_R9860_OldSpiceAL/img/pov1.jpg\u0027 and @alt \u003d \u0027POV1 Desktop\u0027]","using":"xpath"} }
T 2018-06-21 16:25:21:159 IESession.cpp(212) Beginning wait for response length to be not zero
T 2018-06-21 16:25:21:159 IECommandExecutor.cpp(133) Entering IECommandExecutor::OnExecCommand
T 2018-06-21 16:25:21:159 IECommandExecutor.cpp(454) Entering IECommandExecutor::DispatchCommand
T 2018-06-21 16:25:21:159 IECommandExecutor.cpp(577) Entering IECommandExecutor::GetCurrentBrowser
T 2018-06-21 16:25:21:159 IECommandExecutor.cpp(583) Entering IECommandExecutor::GetManagedBrowser
W 2018-06-21 16:25:21:159 IECommandExecutor.cpp(591) Browser ID requested was an empty string
W 2018-06-21 16:25:21:159 IECommandExecutor.cpp(503) Unable to find current browser
T 2018-06-21 16:25:21:159 IECommandExecutor.cpp(734) Entering IECommandExecutor::LocateElements
T 2018-06-21 16:25:21:159 IECommandExecutor.cpp(695) Entering IECommandExecutor::GetElementFindMethod
T 2018-06-21 16:25:21:159 ElementFinder.cpp(111) Entering ElementFinder::FindElements
T 2018-06-21 16:25:21:159 IECommandExecutor.cpp(577) Entering IECommandExecutor::GetCurrentBrowser
T 2018-06-21 16:25:21:159 IECommandExecutor.cpp(583) Entering IECommandExecutor::GetManagedBrowser
W 2018-06-21 16:25:21:159 IECommandExecutor.cpp(591) Browser ID requested was an empty string
W 2018-06-21 16:25:21:159 ElementFinder.cpp(167) Unable to get browser
T 2018-06-21 16:25:21:159 response.cc(85) Entering Response::SetErrorResponse
T 2018-06-21 16:25:21:160 response.cc(78) Entering Response::SetResponse
T 2018-06-21 16:25:21:160 IECommandExecutor.cpp(577) Entering IECommandExecutor::GetCurrentBrowser
T 2018-06-21 16:25:21:160 IECommandExecutor.cpp(583) Entering IECommandExecutor::GetManagedBrowser
W 2018-06-21 16:25:21:160 IECommandExecutor.cpp(591) Browser ID requested was an empty string
W 2018-06-21 16:25:21:160 IECommandExecutor.cpp(520) Unable to get current browser
T 2018-06-21 16:25:21:160 response.cc(51) Entering Response::Serialize
T 2018-06-21 16:25:21:170 IESession.cpp(221) Found non-zero response length
T 2018-06-21 16:25:21:170 IECommandExecutor.cpp(156) Entering IECommandExecutor::OnGetResponse
T 2018-06-21 16:25:21:171 IECommandExecutor.cpp(285) Entering IECommandExecutor::OnIsSessionValid
D 2018-06-21 16:25:21:171 server.cc(338) Response: {"value":{"data":null,"error":"no such window","message":"Unable to find elements on closed window","stacktrace":""}}

T 2018-06-21 16:25:21:171 server.cc(391) Entering Server::SendResponseToClient
T 2018-06-21 16:25:21:171 response.cc(30) Entering Response::Deserialize
T 2018-06-21 16:25:21:171 server.cc(465) Entering Server::SendHttpBadRequest
T 2018-06-21 16:25:21:177 server.cc(174) Entering Server::ProcessRequest
T 2018-06-21 16:25:21:177 server.cc(183) Process request with: URI: /session/927bfc36-5676-4932-873e-7c194d60ff92/screenshot HTTP verb: GET
body: {}
T 2018-06-21 16:25:21:177 server.cc(272) Entering Server::DispatchCommand
T 2018-06-21 16:25:21:177 server.cc(583) Entering Server::LookupCommand
D 2018-06-21 16:25:21:177 server.cc(281) Command: GET /session/927bfc36-5676-4932-873e-7c194d60ff92/screenshot {}
T 2018-06-21 16:25:21:177 server.cc(378) Entering Server::LookupSession
T 2018-06-21 16:25:21:177 IESession.cpp(191) Entering IESession::ExecuteCommand
T 2018-06-21 16:25:21:177 IECommandExecutor.cpp(122) Entering IECommandExecutor::OnSetCommand
T 2018-06-21 16:25:21:177 command.cc(31) Entering Command::Deserialize
D 2018-06-21 16:25:21:177 command.cc(36) Raw JSON command: { "name" : "takeScreenshot", "locator" : { "sessionid" : "927bfc36-5676-4932-873e-7c194d60ff92" }, "parameters" : {} }
T 2018-06-21 16:25:21:178 IECommandExecutor.cpp(133) Entering IECommandExecutor::OnExecCommand
T 2018-06-21 16:25:21:178 IESession.cpp(212) Beginning wait for response length to be not zero
T 2018-06-21 16:25:21:178 IECommandExecutor.cpp(454) Entering IECommandExecutor::DispatchCommand
T 2018-06-21 16:25:21:178 IECommandExecutor.cpp(577) Entering IECommandExecutor::GetCurrentBrowser
T 2018-06-21 16:25:21:178 IECommandExecutor.cpp(583) Entering IECommandExecutor::GetManagedBrowser
W 2018-06-21 16:25:21:178 IECommandExecutor.cpp(591) Browser ID requested was an empty string
W 2018-06-21 16:25:21:178 IECommandExecutor.cpp(503) Unable to find current browser
T 2018-06-21 16:25:21:178 CommandHandlers\ScreenshotCommandHandler.cpp(38) Entering ScreenshotCommandHandler::ExecuteInternal
T 2018-06-21 16:25:21:178 IECommandExecutor.cpp(577) Entering IECommandExecutor::GetCurrentBrowser
T 2018-06-21 16:25:21:178 IECommandExecutor.cpp(583) Entering IECommandExecutor::GetManagedBrowser
W 2018-06-21 16:25:21:178 IECommandExecutor.cpp(591) Browser ID requested was an empty string
T 2018-06-21 16:25:21:178 response.cc(91) Entering Response::SetErrorResponse
W 2018-06-21 16:25:21:178 response.cc(92) Error response has status code 23 and message 'Unable to get browser' message
T 2018-06-21 16:25:21:178 response.cc(85) Entering Response::SetErrorResponse
T 2018-06-21 16:25:21:178 response.cc(78) Entering Response::SetResponse
T 2018-06-21 16:25:21:178 IECommandExecutor.cpp(577) Entering IECommandExecutor::GetCurrentBrowser
T 2018-06-21 16:25:21:178 IECommandExecutor.cpp(583) Entering IECommandExecutor::GetManagedBrowser
W 2018-06-21 16:25:21:178 IECommandExecutor.cpp(591) Browser ID requested was an empty string
W 2018-06-21 16:25:21:178 IECommandExecutor.cpp(520) Unable to get current browser
T 2018-06-21 16:25:21:178 response.cc(51) Entering Response::Serialize
T 2018-06-21 16:25:21:189 IESession.cpp(221) Found non-zero response length
T 2018-06-21 16:25:21:189 IECommandExecutor.cpp(156) Entering IECommandExecutor::OnGetResponse
T 2018-06-21 16:25:21:189 IECommandExecutor.cpp(285) Entering IECommandExecutor::OnIsSessionValid
D 2018-06-21 16:25:21:189 server.cc(338) Response: {"value":{"data":null,"error":"no such window","message":"Unable to get browser","stacktrace":""}}

T 2018-06-21 16:25:21:189 server.cc(391) Entering Server::SendResponseToClient
T 2018-06-21 16:25:21:189 response.cc(30) Entering Response::Deserialize
T 2018-06-21 16:25:21:189 server.cc(465) Entering Server::SendHttpBadRequest
T 2018-06-21 16:25:21:225 server.cc(174) Entering Server::ProcessRequest
T 2018-06-21 16:25:21:226 server.cc(238) Entering Server::ReadRequestBody
T 2018-06-21 16:25:21:226 server.cc(183) Process request with: URI: /session/927bfc36-5676-4932-873e-7c194d60ff92/elements HTTP verb: POST
body: {"value":"//div[(text() \u003d \u0027\n\t\n\t\t\n\t\t\n\t\n\t\n\t\t\n\n\t\t\n\t\t\tOld Spice Red Zone Collection Swagger\n\n\t\t\t\n\t\t\t\t\n\t\t\t\t\t\n\t\t\t\t\t\n\t\t\t\t\t\n\t\t\t\t\t4.5 stars\n\t\t\t\t\n\t\t\t\t\n\t\t\t\t\t173\n\t\t\t\t\t\tratings\n\t\t\t\t\t\n\t\t\t\t\n\t\t\t\n\n\t\t\n\n\t\t\n\t\t\t\n\t\t\t\t\n\t\t\t\t\t\n\t\t\t\t\t\t$7.47\n\t\t\t\t\t\n\t\t\t\t\t\t\n\t\t\t\t\t\t\t $22.00\n\t\t\t\t\t\t\n\t\t\t\t\t\t\n\t\t\t\t\n\t\t\t\n\t\t\n\t\tAdd to cart \n\t\t\n\t\t\t2 day shipping\n\t\t\n\t\n\n\n\t\n\t\t\n\t\t\n\t\n\t\n\t\t\n\n\t\t\n\t\t\tOld Spice Red Zone Collection Swagger\n\n\t\t\t\n\t\t\t\t\n\t\t\t\t\t\n\t\t\t\t\t\n\t\t\t\t\t\n\t\t\t\t\t4.5 stars\n\t\t\t\t\n\t\t\t\t\n\t\t\t\t\t173\n\t\t\t\t\t\tratings\n\t\t\t\t\t\n\t\t\t\t\n\t\t\t\n\n\t\t\n\n\t\t\n\t\t\t\n\t\t\t\t\n\t\t\t\t\t\n\t\t\t\t\t\t$7.47\n\t\t\t\t\t\n\t\t\t\t\t\t\n\t\t\t\t\t\t\t $22.00\n\t\t\t\t\t\t\n\t\t\t\t\t\t\n\t\t\t\t\n\t\t\t\n\t\t\n\t\tAdd to cart \n\t\t\n\t\t\t2 day shipping\n\t\t\n\t\n\n\u0027 or . \u003d \u0027\n\t\n\t\t\n\t\t\n\t\n\t\n\t\t\n\n\t\t\n\t\t\tOld Spice Red Zone Collection Swagger\n\n\t\t\t\n\t\t\t\t\n\t\t\t\t\t\n\t\t\t\t\t\n\t\t\t\t\t\n\t\t\t\t\t4.5 stars\n\t\t\t\t\n\t\t\t\t\n\t\t\t\t\t173\n\t\t\t\t\t\tratings\n\t\t\t\t\t\n\t\t\t\t\n\t\t\t\n\n\t\t\n\n\t\t\n\t\t\t\n\t\t\t\t\n\t\t\t\t\t\n\t\t\t\t\t\t$7.47\n\t\t\t\t\t\n\t\t\t\t\t\t\n\t\t\t\t\t\t\t $22.00\n\t\t\t\t\t\t\n\t\t\t\t\t\t\n\t\t\t\t\n\t\t\t\n\t\t\n\t\tAdd to cart \n\t\t\n\t\t\t2 day shipping\n\t\t\n\t\n\n\n\t\n\t\t\n\t\t\n\t\n\t\n\t\t\n\n\t\t\n\t\t\tOld Spice Red Zone Collection Swagger\n\n\t\t\t\n\t\t\t\t\n\t\t\t\t\t\n\t\t\t\t\t\n\t\t\t\t\t\n\t\t\t\t\t4.5 stars\n\t\t\t\t\n\t\t\t\t\n\t\t\t\t\t173\n\t\t\t\t\t\tratings\n\t\t\t\t\t\n\t\t\t\t\n\t\t\t\n\n\t\t\n\n\t\t\n\t\t\t\n\t\t\t\t\n\t\t\t\t\t\n\t\t\t\t\t\t$7.47\n\t\t\t\t\t\n\t\t\t\t\t\t\n\t\t\t\t\t\t\t $22.00\n\t\t\t\t\t\t\n\t\t\t\t\t\t\n\t\t\t\t\n\t\t\t\n\t\t\n\t\tAdd to cart \n\t\t\n\t\t\t2 day shipping\n\t\t\n\t\n\n\u0027)]","using":"xpath"}
T 2018-06-21 16:25:21:226 server.cc(272) Entering Server::DispatchCommand
T 2018-06-21 16:25:21:226 server.cc(583) Entering Server::LookupCommand
D 2018-06-21 16:25:21:226 server.cc(281) Command: POST /session/927bfc36-5676-4932-873e-7c194d60ff92/elements {"value":"//div[(text() \u003d \u0027\n\t\n\t\t\n\t\t\n\t\n\t\n\t\t\n\n\t\t\n\t\t\tOld Spice Red Zone Collection Swagger\n\n\t\t\t\n\t\t\t\t\n\t\t\t\t\t\n\t\t\t\t\t\n\t\t\t\t\t\n\t\t\t\t\t4.5 stars\n\t\t\t\t\n\t\t\t\t\n\t\t\t\t\t173\n\t\t\t\t\t\tratings\n\t\t\t\t\t\n\t\t\t\t\n\t\t\t\n\n\t\t\n\n\t\t\n\t\t\t\n\t\t\t\t\n\t\t\t\t\t\n\t\t\t\t\t\t$7.47\n\t\t\t\t\t\n\t\t\t\t\t\t\n\t\t\t\t\t\t\t $22.00\n\t\t\t\t\t\t\n\t\t\t\t\t\t\n\t\t\t\t\n\t\t\t\n\t\t\n\t\tAdd to cart \n\t\t\n\t\t\t2 day shipping\n\t\t\n\t\n\n\n\t\n\t\t\n\t\t\n\t\n\t\n\t\t\n\n\t\t\n\t\t\tOld Spice Red Zone Collection Swagger\n\n\t\t\t\n\t\t\t\t\n\t\t\t\t\t\n\t\t\t\t\t\n\t\t\t\t\t\n\t\t\t\t\t4.5 stars\n\t\t\t\t\n\t\t\t\t\n\t\t\t\t\t173\n\t\t\t\t\t\tratings\n\t\t\t\t\t\n\t\t\t\t\n\t\t\t\n\n\t\t\n\n\t\t\n\t\t\t\n\t\t\t\t\n\t\t\t\t\t\n\t\t\t\t\t\t$7.47\n\t\t\t\t\t\n\t\t\t\t\t\t\n\t\t\t\t\t\t\t $22.00\n\t\t\t\t\t\t\n\t\t\t\t\t\t\n\t\t\t\t\n\t\t\t\n\t\t\n\t\tAdd to cart \n\t\t\n\t\t\t2 day shipping\n\t\t\n\t\n\n\u0027 or . \u003d \u0027\n\t\n\t\t\n\t\t\n\t\n\t\n\t\t\n\n\t\t\n\t\t\tOld Spice Red Zone Collection Swagger\n\n\t\t\t\n\t\t\t\t\n\t\t\t\t\t\n\t\t\t\t\t\n\t\t\t\t\t\n\t\t\t\t\t4.5 stars\n\t\t\t\t\n\t\t\t\t\n\t\t\t\t\t173\n\t\t\t\t\t\tratings\n\t\t\t\t\t\n\t\t\t\t\n\t\t\t\n\n\t\t\n\n\t\t\n\t\t\t\n\t\t\t\t\n\t\t\t\t\t\n\t\t\t\t\t\t$7.47\n\t\t\t\t\t\n\t\t\t\t\t\t\n\t\t\t\t\t\t\t $22.00\n\t\t\t\t\t\t\n\t\t\t\t\t\t\n\t\t\t\t\n\t\t\t\n\t\t\n\t\tAdd to cart \n\t\t\n\t\t\t2 day shipping\n\t\t\n\t\n\n\n\t\n\t\t\n\t\t\n\t\n\t\n\t\t\n\n\t\t\n\t\t\tOld Spice Red Zone Collection Swagger\n\n\t\t\t\n\t\t\t\t\n\t\t\t\t\t\n\t\t\t\t\t\n\t\t\t\t\t\n\t\t\t\t\t4.5 stars\n\t\t\t\t\n\t\t\t\t\n\t\t\t\t\t173\n\t\t\t\t\t\tratings\n\t\t\t\t\t\n\t\t\t\t\n\t\t\t\n\n\t\t\n\n\t\t\n\t\t\t\n\t\t\t\t\n\t\t\t\t\t\n\t\t\t\t\t\t$7.47\n\t\t\t\t\t\n\t\t\t\t\t\t\n\t\t\t\t\t\t\t $22.00\n\t\t\t\t\t\t\n\t\t\t\t\t\t\n\t\t\t\t\n\t\t\t\n\t\t\n\t\tAdd to cart \n\t\t\n\t\t\t2 day shipping\n\t\t\n\t\n\n\u0027)]","using":"xpath"}
T 2018-06-21 16:25:21:226 server.cc(378) Entering Server::LookupSession
T 2018-06-21 16:25:21:226 IESession.cpp(191) Entering IESession::ExecuteCommand
T 2018-06-21 16:25:21:226 IECommandExecutor.cpp(122) Entering IECommandExecutor::OnSetCommand
T 2018-06-21 16:25:21:226 command.cc(31) Entering Command::Deserialize
D 2018-06-21 16:25:21:226 command.cc(36) Raw JSON command: { "name" : "findElements", "locator" : { "sessionid" : "927bfc36-5676-4932-873e-7c194d60ff92" }, "parameters" : {"value":"//div[(text() \u003d \u0027\n\t\n\t\t\n\t\t\n\t\n\t\n\t\t\n\n\t\t\n\t\t\tOld Spice Red Zone Collection Swagger\n\n\t\t\t\n\t\t\t\t\n\t\t\t\t\t\n\t\t\t\t\t\n\t\t\t\t\t\n\t\t\t\t\t4.5 stars\n\t\t\t\t\n\t\t\t\t\n\t\t\t\t\t173\n\t\t\t\t\t\tratings\n\t\t\t\t\t\n\t\t\t\t\n\t\t\t\n\n\t\t\n\n\t\t\n\t\t\t\n\t\t\t\t\n\t\t\t\t\t\n\t\t\t\t\t\t$7.47\n\t\t\t\t\t\n\t\t\t\t\t\t\n\t\t\t\t\t\t\t $22.00\n\t\t\t\t\t\t\n\t\t\t\t\t\t\n\t\t\t\t\n\t\t\t\n\t\t\n\t\tAdd to cart \n\t\t\n\t\t\t2 day shipping\n\t\t\n\t\n\n\n\t\n\t\t\n\t\t\n\t\n\t\n\t\t\n\n\t\t\n\t\t\tOld Spice Red Zone Collection Swagger\n\n\t\t\t\n\t\t\t\t\n\t\t\t\t\t\n\t\t\t\t\t\n\t\t\t\t\t\n\t\t\t\t\t4.5 stars\n\t\t\t\t\n\t\t\t\t\n\t\t\t\t\t173\n\t\t\t\t\t\tratings\n\t\t\t\t\t\n\t\t\t\t\n\t\t\t\n\n\t\t\n\n\t\t\n\t\t\t\n\t\t\t\t\n\t\t\t\t\t\n\t\t\t\t\t\t$7.47\n\t\t\t\t\t\n\t\t\t\t\t\t\n\t\t\t\t\t\t\t $22.00\n\t\t\t\t\t\t\n\t\t\t\t\t\t\n\t\t\t\t\n\t\t\t\n\t\t\n\t\tAdd to cart \n\t\t\n\t\t\t2 day shipping\n\t\t\n\t\n\n\u0027 or . \u003d \u0027\n\t\n\t\t\n\t\t\n\t\n\t\n\t\t\n\n\t\t\n\t\t\tOld Spice Red Zone Collection Swagger\n\n\t\t\t\n\t\t\t\t\n\t\t\t\t\t\n\t\t\t\t\t\n\t\t\t\t\t\n\t\t\t\t\t4.5 stars\n\t\t\t\t\n\t\t\t\t\n\t\t\t\t\t173\n\t\t\t\t\t\tratings\n\t\t\t\t\t\n\t\t\t\t\n\t\t\t\n\n\t\t\n\n\t\t\n\t\t\t\n\t\t\t\t\n\t\t\t\t\t\n\t\t\t\t\t\t$7.47\n\t\t\t\t\t\n\t\t\t\t\t\t\n\t\t\t\t\t\t\t $22.00\n\t\t\t\t\t\t\n\t\t\t\t\t\t\n\t\t\t\t\n\t\t\t\n\t\t\n\t\tAdd to cart \n\t\t\n\t\t\t2 day shipping\n\t\t\n\t\n\n\n\t\n\t\t\n\t\t\n\t\n\t\n\t\t\n\n\t\t\n\t\t\tOld Spice Red Zone Collection Swagger\n\n\t\t\t\n\t\t\t\t\n\t\t\t\t\t\n\t\t\t\t\t\n\t\t\t\t\t\n\t\t\t\t\t4.5 stars\n\t\t\t\t\n\t\t\t\t\n\t\t\t\t\t173\n\t\t\t\t\t\tratings\n\t\t\t\t\t\n\t\t\t\t\n\t\t\t\n\n\t\t\n\n\t\t\n\t\t\t\n\t\t\t\t\n\t\t\t\t\t\n\t\t\t\t\t\t$7.47\n\t\t\t\t\t\n\t\t\t\t\t\t\n\t\t\t\t\t\t\t $22.00\n\t\t\t\t\t\t\n\t\t\t\t\t\t\n\t\t\t\t\n\t\t\t\n\t\t\n\t\tAdd to cart \n\t\t\n\t\t\t2 day shipping\n\t\t\n\t\n\n\u0027)]","using":"xpath"} }
T 2018-06-21 16:25:21:226 IECommandExecutor.cpp(133) Entering IECommandExecutor::OnExecCommand
T 2018-06-21 16:25:21:226 IESession.cpp(212) Beginning wait for response length to be not zero
T 2018-06-21 16:25:21:226 IECommandExecutor.cpp(454) Entering IECommandExecutor::DispatchCommand
T 2018-06-21 16:25:21:226 IECommandExecutor.cpp(577) Entering IECommandExecutor::GetCurrentBrowser
T 2018-06-21 16:25:21:226 IECommandExecutor.cpp(583) Entering IECommandExecutor::GetManagedBrowser
W 2018-06-21 16:25:21:226 IECommandExecutor.cpp(591) Browser ID requested was an empty string
W 2018-06-21 16:25:21:226 IECommandExecutor.cpp(503) Unable to find current browser
T 2018-06-21 16:25:21:226 IECommandExecutor.cpp(734) Entering IECommandExecutor::LocateElements
T 2018-06-21 16:25:21:226 IECommandExecutor.cpp(695) Entering IECommandExecutor::GetElementFindMethod
T 2018-06-21 16:25:21:226 ElementFinder.cpp(111) Entering ElementFinder::FindElements
T 2018-06-21 16:25:21:226 IECommandExecutor.cpp(577) Entering IECommandExecutor::GetCurrentBrowser
T 2018-06-21 16:25:21:226 IECommandExecutor.cpp(583) Entering IECommandExecutor::GetManagedBrowser
W 2018-06-21 16:25:21:226 IECommandExecutor.cpp(591) Browser ID requested was an empty string
W 2018-06-21 16:25:21:226 ElementFinder.cpp(167) Unable to get browser
T 2018-06-21 16:25:21:226 response.cc(85) Entering Response::SetErrorResponse
T 2018-06-21 16:25:21:226 response.cc(78) Entering Response::SetResponse
T 2018-06-21 16:25:21:227 IECommandExecutor.cpp(577) Entering IECommandExecutor::GetCurrentBrowser
T 2018-06-21 16:25:21:227 IECommandExecutor.cpp(583) Entering IECommandExecutor::GetManagedBrowser
W 2018-06-21 16:25:21:227 IECommandExecutor.cpp(591) Browser ID requested was an empty string
W 2018-06-21 16:25:21:227 IECommandExecutor.cpp(520) Unable to get current browser
T 2018-06-21 16:25:21:227 response.cc(51) Entering Response::Serialize
T 2018-06-21 16:25:21:236 IESession.cpp(221) Found non-zero response length
T 2018-06-21 16:25:21:237 IECommandExecutor.cpp(156) Entering IECommandExecutor::OnGetResponse
T 2018-06-21 16:25:21:237 IECommandExecutor.cpp(285) Entering IECommandExecutor::OnIsSessionValid
D 2018-06-21 16:25:21:237 server.cc(338) Response: {"value":{"data":null,"error":"no such window","message":"Unable to find elements on closed window","stacktrace":""}}

T 2018-06-21 16:25:21:237 server.cc(391) Entering Server::SendResponseToClient
T 2018-06-21 16:25:21:237 response.cc(30) Entering Response::Deserialize
T 2018-06-21 16:25:21:237 server.cc(465) Entering Server::SendHttpBadRequest
T 2018-06-21 16:25:21:246 server.cc(174) Entering Server::ProcessRequest
T 2018-06-21 16:25:21:246 server.cc(183) Process request with: URI: /session/927bfc36-5676-4932-873e-7c194d60ff92/screenshot HTTP verb: GET
body: {}
T 2018-06-21 16:25:21:246 server.cc(272) Entering Server::DispatchCommand
T 2018-06-21 16:25:21:246 server.cc(583) Entering Server::LookupCommand
D 2018-06-21 16:25:21:246 server.cc(281) Command: GET /session/927bfc36-5676-4932-873e-7c194d60ff92/screenshot {}
T 2018-06-21 16:25:21:246 server.cc(378) Entering Server::LookupSession
T 2018-06-21 16:25:21:246 IESession.cpp(191) Entering IESession::ExecuteCommand
T 2018-06-21 16:25:21:247 IECommandExecutor.cpp(122) Entering IECommandExecutor::OnSetCommand
T 2018-06-21 16:25:21:247 command.cc(31) Entering Command::Deserialize
D 2018-06-21 16:25:21:247 command.cc(36) Raw JSON command: { "name" : "takeScreenshot", "locator" : { "sessionid" : "927bfc36-5676-4932-873e-7c194d60ff92" }, "parameters" : {} }
T 2018-06-21 16:25:21:247 IECommandExecutor.cpp(133) Entering IECommandExecutor::OnExecCommand
T 2018-06-21 16:25:21:247 IECommandExecutor.cpp(454) Entering IECommandExecutor::DispatchCommand
T 2018-06-21 16:25:21:247 IECommandExecutor.cpp(577) Entering IECommandExecutor::GetCurrentBrowser
T 2018-06-21 16:25:21:247 IECommandExecutor.cpp(583) Entering IECommandExecutor::GetManagedBrowser
W 2018-06-21 16:25:21:247 IECommandExecutor.cpp(591) Browser ID requested was an empty string
W 2018-06-21 16:25:21:247 IECommandExecutor.cpp(503) Unable to find current browser
T 2018-06-21 16:25:21:247 CommandHandlers\ScreenshotCommandHandler.cpp(38) Entering ScreenshotCommandHandler::ExecuteInternal
T 2018-06-21 16:25:21:247 IECommandExecutor.cpp(577) Entering IECommandExecutor::GetCurrentBrowser
T 2018-06-21 16:25:21:247 IECommandExecutor.cpp(583) Entering IECommandExecutor::GetManagedBrowser
W 2018-06-21 16:25:21:247 IECommandExecutor.cpp(591) Browser ID requested was an empty string
T 2018-06-21 16:25:21:247 response.cc(91) Entering Response::SetErrorResponse
W 2018-06-21 16:25:21:247 response.cc(92) Error response has status code 23 and message 'Unable to get browser' message
T 2018-06-21 16:25:21:247 response.cc(85) Entering Response::SetErrorResponse
T 2018-06-21 16:25:21:247 response.cc(78) Entering Response::SetResponse
T 2018-06-21 16:25:21:247 IECommandExecutor.cpp(577) Entering IECommandExecutor::GetCurrentBrowser
T 2018-06-21 16:25:21:247 IECommandExecutor.cpp(583) Entering IECommandExecutor::GetManagedBrowser
W 2018-06-21 16:25:21:247 IECommandExecutor.cpp(591) Browser ID requested was an empty string
W 2018-06-21 16:25:21:247 IECommandExecutor.cpp(520) Unable to get current browser
T 2018-06-21 16:25:21:247 response.cc(51) Entering Response::Serialize
T 2018-06-21 16:25:21:248 IESession.cpp(212) Beginning wait for response length to be not zero
T 2018-06-21 16:25:21:248 IESession.cpp(221) Found non-zero response length
T 2018-06-21 16:25:21:248 IECommandExecutor.cpp(156) Entering IECommandExecutor::OnGetResponse
T 2018-06-21 16:25:21:248 IECommandExecutor.cpp(285) Entering IECommandExecutor::OnIsSessionValid
D 2018-06-21 16:25:21:249 server.cc(338) Response: {"value":{"data":null,"error":"no such window","message":"Unable to get browser","stacktrace":""}}

T 2018-06-21 16:25:21:249 server.cc(391) Entering Server::SendResponseToClient
T 2018-06-21 16:25:21:249 response.cc(30) Entering Response::Deserialize
T 2018-06-21 16:25:21:249 server.cc(465) Entering Server::SendHttpBadRequest
T 2018-06-21 16:25:21:266 server.cc(174) Entering Server::ProcessRequest
T 2018-06-21 16:25:21:266 server.cc(238) Entering Server::ReadRequestBody
T 2018-06-21 16:25:21:266 server.cc(183) Process request with: URI: /session/927bfc36-5676-4932-873e-7c194d60ff92/elements HTTP verb: POST
body: {"value":"//a[@href \u003d \u0027https://www.walmart.com/ip/22401538\u0027]","using":"xpath"}
T 2018-06-21 16:25:21:266 server.cc(272) Entering Server::DispatchCommand
T 2018-06-21 16:25:21:266 server.cc(583) Entering Server::LookupCommand
D 2018-06-21 16:25:21:266 server.cc(281) Command: POST /session/927bfc36-5676-4932-873e-7c194d60ff92/elements {"value":"//a[@href \u003d \u0027https://www.walmart.com/ip/22401538\u0027]","using":"xpath"}
T 2018-06-21 16:25:21:267 server.cc(378) Entering Server::LookupSession
T 2018-06-21 16:25:21:267 IESession.cpp(191) Entering IESession::ExecuteCommand
T 2018-06-21 16:25:21:267 IECommandExecutor.cpp(122) Entering IECommandExecutor::OnSetCommand
T 2018-06-21 16:25:21:267 command.cc(31) Entering Command::Deserialize
D 2018-06-21 16:25:21:267 command.cc(36) Raw JSON command: { "name" : "findElements", "locator" : { "sessionid" : "927bfc36-5676-4932-873e-7c194d60ff92" }, "parameters" : {"value":"//a[@href \u003d \u0027https://www.walmart.com/ip/22401538\u0027]","using":"xpath"} }
T 2018-06-21 16:25:21:267 IECommandExecutor.cpp(133) Entering IECommandExecutor::OnExecCommand
T 2018-06-21 16:25:21:267 IECommandExecutor.cpp(454) Entering IECommandExecutor::DispatchCommand
T 2018-06-21 16:25:21:267 IESession.cpp(212) Beginning wait for response length to be not zero
T 2018-06-21 16:25:21:267 IECommandExecutor.cpp(577) Entering IECommandExecutor::GetCurrentBrowser
T 2018-06-21 16:25:21:267 IECommandExecutor.cpp(583) Entering IECommandExecutor::GetManagedBrowser
W 2018-06-21 16:25:21:267 IECommandExecutor.cpp(591) Browser ID requested was an empty string
W 2018-06-21 16:25:21:267 IECommandExecutor.cpp(503) Unable to find current browser
T 2018-06-21 16:25:21:267 IECommandExecutor.cpp(734) Entering IECommandExecutor::LocateElements
T 2018-06-21 16:25:21:267 IECommandExecutor.cpp(695) Entering IECommandExecutor::GetElementFindMethod
T 2018-06-21 16:25:21:267 ElementFinder.cpp(111) Entering ElementFinder::FindElements
T 2018-06-21 16:25:21:267 IECommandExecutor.cpp(577) Entering IECommandExecutor::GetCurrentBrowser
T 2018-06-21 16:25:21:267 IECommandExecutor.cpp(583) Entering IECommandExecutor::GetManagedBrowser
W 2018-06-21 16:25:21:268 IECommandExecutor.cpp(591) Browser ID requested was an empty string
W 2018-06-21 16:25:21:268 ElementFinder.cpp(167) Unable to get browser
T 2018-06-21 16:25:21:268 response.cc(85) Entering Response::SetErrorResponse
T 2018-06-21 16:25:21:268 response.cc(78) Entering Response::SetResponse
T 2018-06-21 16:25:21:268 IECommandExecutor.cpp(577) Entering IECommandExecutor::GetCurrentBrowser
T 2018-06-21 16:25:21:268 IECommandExecutor.cpp(583) Entering IECommandExecutor::GetManagedBrowser
W 2018-06-21 16:25:21:268 IECommandExecutor.cpp(591) Browser ID requested was an empty string
W 2018-06-21 16:25:21:268 IECommandExecutor.cpp(520) Unable to get current browser
T 2018-06-21 16:25:21:268 response.cc(51) Entering Response::Serialize
T 2018-06-21 16:25:21:277 IESession.cpp(221) Found non-zero response length
T 2018-06-21 16:25:21:278 IECommandExecutor.cpp(156) Entering IECommandExecutor::OnGetResponse
T 2018-06-21 16:25:21:278 IECommandExecutor.cpp(285) Entering IECommandExecutor::OnIsSessionValid
D 2018-06-21 16:25:21:278 server.cc(338) Response: {"value":{"data":null,"error":"no such window","message":"Unable to find elements on closed window","stacktrace":""}}

T 2018-06-21 16:25:21:278 server.cc(391) Entering Server::SendResponseToClient
T 2018-06-21 16:25:21:278 response.cc(30) Entering Response::Deserialize
T 2018-06-21 16:25:21:278 server.cc(465) Entering Server::SendHttpBadRequest
T 2018-06-21 16:25:21:294 server.cc(174) Entering Server::ProcessRequest
T 2018-06-21 16:25:21:294 server.cc(183) Process request with: URI: /session/927bfc36-5676-4932-873e-7c194d60ff92/screenshot HTTP verb: GET
body: {}
T 2018-06-21 16:25:21:294 server.cc(272) Entering Server::DispatchCommand
T 2018-06-21 16:25:21:294 server.cc(583) Entering Server::LookupCommand
D 2018-06-21 16:25:21:294 server.cc(281) Command: GET /session/927bfc36-5676-4932-873e-7c194d60ff92/screenshot {}
T 2018-06-21 16:25:21:294 server.cc(378) Entering Server::LookupSession
T 2018-06-21 16:25:21:294 IESession.cpp(191) Entering IESession::ExecuteCommand
T 2018-06-21 16:25:21:294 IECommandExecutor.cpp(122) Entering IECommandExecutor::OnSetCommand
T 2018-06-21 16:25:21:295 command.cc(31) Entering Command::Deserialize
D 2018-06-21 16:25:21:295 command.cc(36) Raw JSON command: { "name" : "takeScreenshot", "locator" : { "sessionid" : "927bfc36-5676-4932-873e-7c194d60ff92" }, "parameters" : {} }
T 2018-06-21 16:25:21:295 IECommandExecutor.cpp(133) Entering IECommandExecutor::OnExecCommand
T 2018-06-21 16:25:21:295 IECommandExecutor.cpp(454) Entering IECommandExecutor::DispatchCommand
T 2018-06-21 16:25:21:295 IECommandExecutor.cpp(577) Entering IECommandExecutor::GetCurrentBrowser
T 2018-06-21 16:25:21:295 IECommandExecutor.cpp(583) Entering IECommandExecutor::GetManagedBrowser
W 2018-06-21 16:25:21:295 IECommandExecutor.cpp(591) Browser ID requested was an empty string
W 2018-06-21 16:25:21:295 IECommandExecutor.cpp(503) Unable to find current browser
T 2018-06-21 16:25:21:295 CommandHandlers\ScreenshotCommandHandler.cpp(38) Entering ScreenshotCommandHandler::ExecuteInternal
T 2018-06-21 16:25:21:295 IECommandExecutor.cpp(577) Entering IECommandExecutor::GetCurrentBrowser
T 2018-06-21 16:25:21:295 IECommandExecutor.cpp(583) Entering IECommandExecutor::GetManagedBrowser
W 2018-06-21 16:25:21:295 IECommandExecutor.cpp(591) Browser ID requested was an empty string
T 2018-06-21 16:25:21:295 response.cc(91) Entering Response::SetErrorResponse
W 2018-06-21 16:25:21:295 response.cc(92) Error response has status code 23 and message 'Unable to get browser' message
T 2018-06-21 16:25:21:295 response.cc(85) Entering Response::SetErrorResponse
T 2018-06-21 16:25:21:295 response.cc(78) Entering Response::SetResponse
T 2018-06-21 16:25:21:295 IECommandExecutor.cpp(577) Entering IECommandExecutor::GetCurrentBrowser
T 2018-06-21 16:25:21:295 IECommandExecutor.cpp(583) Entering IECommandExecutor::GetManagedBrowser
W 2018-06-21 16:25:21:295 IECommandExecutor.cpp(591) Browser ID requested was an empty string
W 2018-06-21 16:25:21:295 IECommandExecutor.cpp(520) Unable to get current browser
T 2018-06-21 16:25:21:295 response.cc(51) Entering Response::Serialize
T 2018-06-21 16:25:21:295 IESession.cpp(212) Beginning wait for response length to be not zero
T 2018-06-21 16:25:21:306 IESession.cpp(221) Found non-zero response length
T 2018-06-21 16:25:21:306 IECommandExecutor.cpp(156) Entering IECommandExecutor::OnGetResponse
T 2018-06-21 16:25:21:306 IECommandExecutor.cpp(285) Entering IECommandExecutor::OnIsSessionValid
D 2018-06-21 16:25:21:306 server.cc(338) Response: {"value":{"data":null,"error":"no such window","message":"Unable to get browser","stacktrace":""}}

T 2018-06-21 16:25:21:306 server.cc(391) Entering Server::SendResponseToClient
T 2018-06-21 16:25:21:306 response.cc(30) Entering Response::Deserialize
T 2018-06-21 16:25:21:306 server.cc(465) Entering Server::SendHttpBadRequest
T 2018-06-21 16:25:21:326 server.cc(174) Entering Server::ProcessRequest
T 2018-06-21 16:25:21:326 server.cc(238) Entering Server::ReadRequestBody
T 2018-06-21 16:25:21:326 server.cc(183) Process request with: URI: /session/927bfc36-5676-4932-873e-7c194d60ff92/elements HTTP verb: POST
body: {"value":"//a[@href \u003d \u0027javascript:;\u0027]","using":"xpath"}
T 2018-06-21 16:25:21:326 server.cc(272) Entering Server::DispatchCommand
T 2018-06-21 16:25:21:326 server.cc(583) Entering Server::LookupCommand
D 2018-06-21 16:25:21:326 server.cc(281) Command: POST /session/927bfc36-5676-4932-873e-7c194d60ff92/elements {"value":"//a[@href \u003d \u0027javascript:;\u0027]","using":"xpath"}
T 2018-06-21 16:25:21:326 server.cc(378) Entering Server::LookupSession
T 2018-06-21 16:25:21:326 IESession.cpp(191) Entering IESession::ExecuteCommand
T 2018-06-21 16:25:21:327 IECommandExecutor.cpp(122) Entering IECommandExecutor::OnSetCommand
T 2018-06-21 16:25:21:327 command.cc(31) Entering Command::Deserialize
D 2018-06-21 16:25:21:327 command.cc(36) Raw JSON command: { "name" : "findElements", "locator" : { "sessionid" : "927bfc36-5676-4932-873e-7c194d60ff92" }, "parameters" : {"value":"//a[@href \u003d \u0027javascript:;\u0027]","using":"xpath"} }
T 2018-06-21 16:25:21:327 IECommandExecutor.cpp(133) Entering IECommandExecutor::OnExecCommand
T 2018-06-21 16:25:21:327 IECommandExecutor.cpp(454) Entering IECommandExecutor::DispatchCommand
T 2018-06-21 16:25:21:327 IECommandExecutor.cpp(577) Entering IECommandExecutor::GetCurrentBrowser
T 2018-06-21 16:25:21:327 IECommandExecutor.cpp(583) Entering IECommandExecutor::GetManagedBrowser
W 2018-06-21 16:25:21:327 IECommandExecutor.cpp(591) Browser ID requested was an empty string
W 2018-06-21 16:25:21:327 IECommandExecutor.cpp(503) Unable to find current browser
T 2018-06-21 16:25:21:327 IECommandExecutor.cpp(734) Entering IECommandExecutor::LocateElements
T 2018-06-21 16:25:21:327 IECommandExecutor.cpp(695) Entering IECommandExecutor::GetElementFindMethod
T 2018-06-21 16:25:21:327 ElementFinder.cpp(111) Entering ElementFinder::FindElements
T 2018-06-21 16:25:21:327 IECommandExecutor.cpp(577) Entering IECommandExecutor::GetCurrentBrowser
T 2018-06-21 16:25:21:327 IECommandExecutor.cpp(583) Entering IECommandExecutor::GetManagedBrowser
W 2018-06-21 16:25:21:327 IECommandExecutor.cpp(591) Browser ID requested was an empty string
W 2018-06-21 16:25:21:327 ElementFinder.cpp(167) Unable to get browser
T 2018-06-21 16:25:21:327 response.cc(85) Entering Response::SetErrorResponse
T 2018-06-21 16:25:21:327 response.cc(78) Entering Response::SetResponse
T 2018-06-21 16:25:21:327 IECommandExecutor.cpp(577) Entering IECommandExecutor::GetCurrentBrowser
T 2018-06-21 16:25:21:327 IECommandExecutor.cpp(583) Entering IECommandExecutor::GetManagedBrowser
W 2018-06-21 16:25:21:327 IECommandExecutor.cpp(591) Browser ID requested was an empty string
W 2018-06-21 16:25:21:327 IECommandExecutor.cpp(520) Unable to get current browser
T 2018-06-21 16:25:21:327 response.cc(51) Entering Response::Serialize
T 2018-06-21 16:25:21:328 IESession.cpp(212) Beginning wait for response length to be not zero
T 2018-06-21 16:25:21:328 IESession.cpp(221) Found non-zero response length
T 2018-06-21 16:25:21:328 IECommandExecutor.cpp(156) Entering IECommandExecutor::OnGetResponse
T 2018-06-21 16:25:21:328 IECommandExecutor.cpp(285) Entering IECommandExecutor::OnIsSessionValid
D 2018-06-21 16:25:21:328 server.cc(338) Response: {"value":{"data":null,"error":"no such window","message":"Unable to find elements on closed window","stacktrace":""}}

T 2018-06-21 16:25:21:328 server.cc(391) Entering Server::SendResponseToClient
T 2018-06-21 16:25:21:328 response.cc(30) Entering Response::Deserialize
T 2018-06-21 16:25:21:328 server.cc(465) Entering Server::SendHttpBadRequest
T 2018-06-21 16:25:21:370 server.cc(174) Entering Server::ProcessRequest
T 2018-06-21 16:25:21:370 server.cc(183) Process request with: URI: /session/927bfc36-5676-4932-873e-7c194d60ff92/screenshot HTTP verb: GET
body: {}
T 2018-06-21 16:25:21:370 server.cc(272) Entering Server::DispatchCommand
T 2018-06-21 16:25:21:370 server.cc(583) Entering Server::LookupCommand
D 2018-06-21 16:25:21:370 server.cc(281) Command: GET /session/927bfc36-5676-4932-873e-7c194d60ff92/screenshot {}
T 2018-06-21 16:25:21:370 server.cc(378) Entering Server::LookupSession
T 2018-06-21 16:25:21:370 IESession.cpp(191) Entering IESession::ExecuteCommand
T 2018-06-21 16:25:21:370 IECommandExecutor.cpp(122) Entering IECommandExecutor::OnSetCommand
T 2018-06-21 16:25:21:370 command.cc(31) Entering Command::Deserialize
D 2018-06-21 16:25:21:370 command.cc(36) Raw JSON command: { "name" : "takeScreenshot", "locator" : { "sessionid" : "927bfc36-5676-4932-873e-7c194d60ff92" }, "parameters" : {} }
T 2018-06-21 16:25:21:371 IECommandExecutor.cpp(133) Entering IECommandExecutor::OnExecCommand
T 2018-06-21 16:25:21:371 IECommandExecutor.cpp(454) Entering IECommandExecutor::DispatchCommand
T 2018-06-21 16:25:21:371 IECommandExecutor.cpp(577) Entering IECommandExecutor::GetCurrentBrowser
T 2018-06-21 16:25:21:371 IECommandExecutor.cpp(583) Entering IECommandExecutor::GetManagedBrowser
W 2018-06-21 16:25:21:371 IECommandExecutor.cpp(591) Browser ID requested was an empty string
W 2018-06-21 16:25:21:371 IECommandExecutor.cpp(503) Unable to find current browser
T 2018-06-21 16:25:21:371 CommandHandlers\ScreenshotCommandHandler.cpp(38) Entering ScreenshotCommandHandler::ExecuteInternal
T 2018-06-21 16:25:21:371 IECommandExecutor.cpp(577) Entering IECommandExecutor::GetCurrentBrowser
T 2018-06-21 16:25:21:371 IECommandExecutor.cpp(583) Entering IECommandExecutor::GetManagedBrowser
W 2018-06-21 16:25:21:371 IECommandExecutor.cpp(591) Browser ID requested was an empty string
T 2018-06-21 16:25:21:371 response.cc(91) Entering Response::SetErrorResponse
W 2018-06-21 16:25:21:371 response.cc(92) Error response has status code 23 and message 'Unable to get browser' message
T 2018-06-21 16:25:21:371 response.cc(85) Entering Response::SetErrorResponse
T 2018-06-21 16:25:21:371 response.cc(78) Entering Response::SetResponse
T 2018-06-21 16:25:21:371 IECommandExecutor.cpp(577) Entering IECommandExecutor::GetCurrentBrowser
T 2018-06-21 16:25:21:371 IECommandExecutor.cpp(583) Entering IECommandExecutor::GetManagedBrowser
W 2018-06-21 16:25:21:371 IECommandExecutor.cpp(591) Browser ID requested was an empty string
W 2018-06-21 16:25:21:371 IECommandExecutor.cpp(520) Unable to get current browser
T 2018-06-21 16:25:21:371 response.cc(51) Entering Response::Serialize
T 2018-06-21 16:25:21:371 IESession.cpp(212) Beginning wait for response length to be not zero
T 2018-06-21 16:25:21:371 IESession.cpp(221) Found non-zero response length
T 2018-06-21 16:25:21:372 IECommandExecutor.cpp(156) Entering IECommandExecutor::OnGetResponse
T 2018-06-21 16:25:21:372 IECommandExecutor.cpp(285) Entering IECommandExecutor::OnIsSessionValid
D 2018-06-21 16:25:21:372 server.cc(338) Response: {"value":{"data":null,"error":"no such window","message":"Unable to get browser","stacktrace":""}}

T 2018-06-21 16:25:21:372 server.cc(391) Entering Server::SendResponseToClient
T 2018-06-21 16:25:21:372 response.cc(30) Entering Response::Deserialize
T 2018-06-21 16:25:21:372 server.cc(465) Entering Server::SendHttpBadRequest
T 2018-06-21 16:25:21:420 server.cc(174) Entering Server::ProcessRequest
T 2018-06-21 16:25:21:420 server.cc(238) Entering Server::ReadRequestBody
T 2018-06-21 16:25:21:420 server.cc(183) Process request with: URI: /session/927bfc36-5676-4932-873e-7c194d60ff92/elements HTTP verb: POST
body: {"value":"//a[@href \u003d \u0027javascript:;\u0027]","using":"xpath"}
T 2018-06-21 16:25:21:420 server.cc(272) Entering Server::DispatchCommand
T 2018-06-21 16:25:21:420 server.cc(583) Entering Server::LookupCommand
D 2018-06-21 16:25:21:420 server.cc(281) Command: POST /session/927bfc36-5676-4932-873e-7c194d60ff92/elements {"value":"//a[@href \u003d \u0027javascript:;\u0027]","using":"xpath"}
T 2018-06-21 16:25:21:420 server.cc(378) Entering Server::LookupSession
T 2018-06-21 16:25:21:420 IESession.cpp(191) Entering IESession::ExecuteCommand
T 2018-06-21 16:25:21:420 IECommandExecutor.cpp(122) Entering IECommandExecutor::OnSetCommand
T 2018-06-21 16:25:21:420 command.cc(31) Entering Command::Deserialize
D 2018-06-21 16:25:21:420 command.cc(36) Raw JSON command: { "name" : "findElements", "locator" : { "sessionid" : "927bfc36-5676-4932-873e-7c194d60ff92" }, "parameters" : {"value":"//a[@href \u003d \u0027javascript:;\u0027]","using":"xpath"} }
T 2018-06-21 16:25:21:421 IECommandExecutor.cpp(133) Entering IECommandExecutor::OnExecCommand
T 2018-06-21 16:25:21:421 IECommandExecutor.cpp(454) Entering IECommandExecutor::DispatchCommand
T 2018-06-21 16:25:21:421 IECommandExecutor.cpp(577) Entering IECommandExecutor::GetCurrentBrowser
T 2018-06-21 16:25:21:421 IECommandExecutor.cpp(583) Entering IECommandExecutor::GetManagedBrowser
W 2018-06-21 16:25:21:421 IECommandExecutor.cpp(591) Browser ID requested was an empty string
W 2018-06-21 16:25:21:421 IECommandExecutor.cpp(503) Unable to find current browser
T 2018-06-21 16:25:21:421 IECommandExecutor.cpp(734) Entering IECommandExecutor::LocateElements
T 2018-06-21 16:25:21:421 IECommandExecutor.cpp(695) Entering IECommandExecutor::GetElementFindMethod
T 2018-06-21 16:25:21:421 ElementFinder.cpp(111) Entering ElementFinder::FindElements
T 2018-06-21 16:25:21:421 IECommandExecutor.cpp(577) Entering IECommandExecutor::GetCurrentBrowser
T 2018-06-21 16:25:21:421 IECommandExecutor.cpp(583) Entering IECommandExecutor::GetManagedBrowser
W 2018-06-21 16:25:21:421 IECommandExecutor.cpp(591) Browser ID requested was an empty string
W 2018-06-21 16:25:21:421 ElementFinder.cpp(167) Unable to get browser
T 2018-06-21 16:25:21:421 response.cc(85) Entering Response::SetErrorResponse
T 2018-06-21 16:25:21:421 response.cc(78) Entering Response::SetResponse
T 2018-06-21 16:25:21:421 IECommandExecutor.cpp(577) Entering IECommandExecutor::GetCurrentBrowser
T 2018-06-21 16:25:21:421 IECommandExecutor.cpp(583) Entering IECommandExecutor::GetManagedBrowser
W 2018-06-21 16:25:21:421 IECommandExecutor.cpp(591) Browser ID requested was an empty string
W 2018-06-21 16:25:21:421 IECommandExecutor.cpp(520) Unable to get current browser
T 2018-06-21 16:25:21:421 response.cc(51) Entering Response::Serialize
T 2018-06-21 16:25:21:421 IESession.cpp(212) Beginning wait for response length to be not zero
T 2018-06-21 16:25:21:421 IESession.cpp(221) Found non-zero response length
T 2018-06-21 16:25:21:421 IECommandExecutor.cpp(156) Entering IECommandExecutor::OnGetResponse
T 2018-06-21 16:25:21:421 IECommandExecutor.cpp(285) Entering IECommandExecutor::OnIsSessionValid
D 2018-06-21 16:25:21:422 server.cc(338) Response: {"value":{"data":null,"error":"no such window","message":"Unable to find elements on closed window","stacktrace":""}}

T 2018-06-21 16:25:21:422 server.cc(391) Entering Server::SendResponseToClient
T 2018-06-21 16:25:21:422 response.cc(30) Entering Response::Deserialize
T 2018-06-21 16:25:21:422 server.cc(465) Entering Server::SendHttpBadRequest
T 2018-06-21 16:25:21:428 server.cc(174) Entering Server::ProcessRequest
T 2018-06-21 16:25:21:428 server.cc(183) Process request with: URI: /session/927bfc36-5676-4932-873e-7c194d60ff92/screenshot HTTP verb: GET
body: {}
T 2018-06-21 16:25:21:428 server.cc(272) Entering Server::DispatchCommand
T 2018-06-21 16:25:21:428 server.cc(583) Entering Server::LookupCommand
D 2018-06-21 16:25:21:428 server.cc(281) Command: GET /session/927bfc36-5676-4932-873e-7c194d60ff92/screenshot {}
T 2018-06-21 16:25:21:428 server.cc(378) Entering Server::LookupSession
T 2018-06-21 16:25:21:428 IESession.cpp(191) Entering IESession::ExecuteCommand
T 2018-06-21 16:25:21:429 IECommandExecutor.cpp(122) Entering IECommandExecutor::OnSetCommand
T 2018-06-21 16:25:21:429 command.cc(31) Entering Command::Deserialize
D 2018-06-21 16:25:21:429 command.cc(36) Raw JSON command: { "name" : "takeScreenshot", "locator" : { "sessionid" : "927bfc36-5676-4932-873e-7c194d60ff92" }, "parameters" : {} }
T 2018-06-21 16:25:21:429 IECommandExecutor.cpp(133) Entering IECommandExecutor::OnExecCommand
T 2018-06-21 16:25:21:429 IECommandExecutor.cpp(454) Entering IECommandExecutor::DispatchCommand
T 2018-06-21 16:25:21:429 IECommandExecutor.cpp(577) Entering IECommandExecutor::GetCurrentBrowser
T 2018-06-21 16:25:21:429 IECommandExecutor.cpp(583) Entering IECommandExecutor::GetManagedBrowser
W 2018-06-21 16:25:21:430 IECommandExecutor.cpp(591) Browser ID requested was an empty string
W 2018-06-21 16:25:21:430 IECommandExecutor.cpp(503) Unable to find current browser
T 2018-06-21 16:25:21:430 CommandHandlers\ScreenshotCommandHandler.cpp(38) Entering ScreenshotCommandHandler::ExecuteInternal
T 2018-06-21 16:25:21:430 IECommandExecutor.cpp(577) Entering IECommandExecutor::GetCurrentBrowser
T 2018-06-21 16:25:21:430 IECommandExecutor.cpp(583) Entering IECommandExecutor::GetManagedBrowser
W 2018-06-21 16:25:21:430 IECommandExecutor.cpp(591) Browser ID requested was an empty string
T 2018-06-21 16:25:21:430 response.cc(91) Entering Response::SetErrorResponse
W 2018-06-21 16:25:21:430 response.cc(92) Error response has status code 23 and message 'Unable to get browser' message
T 2018-06-21 16:25:21:430 response.cc(85) Entering Response::SetErrorResponse
T 2018-06-21 16:25:21:430 response.cc(78) Entering Response::SetResponse
T 2018-06-21 16:25:21:430 IECommandExecutor.cpp(577) Entering IECommandExecutor::GetCurrentBrowser
T 2018-06-21 16:25:21:430 IECommandExecutor.cpp(583) Entering IECommandExecutor::GetManagedBrowser
W 2018-06-21 16:25:21:430 IECommandExecutor.cpp(591) Browser ID requested was an empty string
W 2018-06-21 16:25:21:430 IECommandExecutor.cpp(520) Unable to get current browser
T 2018-06-21 16:25:21:430 response.cc(51) Entering Response::Serialize
T 2018-06-21 16:25:21:430 IESession.cpp(212) Beginning wait for response length to be not zero
T 2018-06-21 16:25:21:430 IESession.cpp(221) Found non-zero response length
T 2018-06-21 16:25:21:430 IECommandExecutor.cpp(156) Entering IECommandExecutor::OnGetResponse
T 2018-06-21 16:25:21:430 IECommandExecutor.cpp(285) Entering IECommandExecutor::OnIsSessionValid
D 2018-06-21 16:25:21:430 server.cc(338) Response: {"value":{"data":null,"error":"no such window","message":"Unable to get browser","stacktrace":""}}

T 2018-06-21 16:25:21:430 server.cc(391) Entering Server::SendResponseToClient
T 2018-06-21 16:25:21:430 response.cc(30) Entering Response::Deserialize
T 2018-06-21 16:25:21:431 server.cc(465) Entering Server::SendHttpBadRequest
T 2018-06-21 16:25:21:463 server.cc(174) Entering Server::ProcessRequest
T 2018-06-21 16:25:21:463 server.cc(183) Process request with: URI: /session/927bfc36-5676-4932-873e-7c194d60ff92 HTTP verb: DELETE
body: {}
T 2018-06-21 16:25:21:463 server.cc(272) Entering Server::DispatchCommand
T 2018-06-21 16:25:21:463 server.cc(583) Entering Server::LookupCommand
D 2018-06-21 16:25:21:463 server.cc(281) Command: DELETE /session/927bfc36-5676-4932-873e-7c194d60ff92 {}
T 2018-06-21 16:25:21:463 server.cc(378) Entering Server::LookupSession
T 2018-06-21 16:25:21:463 IESession.cpp(191) Entering IESession::ExecuteCommand
T 2018-06-21 16:25:21:463 IECommandExecutor.cpp(122) Entering IECommandExecutor::OnSetCommand
T 2018-06-21 16:25:21:463 command.cc(31) Entering Command::Deserialize
D 2018-06-21 16:25:21:463 command.cc(36) Raw JSON command: { "name" : "quit", "locator" : { "sessionid" : "927bfc36-5676-4932-873e-7c194d60ff92" }, "parameters" : {} }
T 2018-06-21 16:25:21:464 IECommandExecutor.cpp(133) Entering IECommandExecutor::OnExecCommand
T 2018-06-21 16:25:21:464 IECommandExecutor.cpp(454) Entering IECommandExecutor::DispatchCommand
T 2018-06-21 16:25:21:464 IECommandExecutor.cpp(577) Entering IECommandExecutor::GetCurrentBrowser
T 2018-06-21 16:25:21:464 IECommandExecutor.cpp(583) Entering IECommandExecutor::GetManagedBrowser
W 2018-06-21 16:25:21:464 IECommandExecutor.cpp(591) Browser ID requested was an empty string
W 2018-06-21 16:25:21:464 IECommandExecutor.cpp(503) Unable to find current browser
T 2018-06-21 16:25:21:464 IECommandExecutor.cpp(607) Entering IECommandExecutor::GetManagedBrowserHandles
T 2018-06-21 16:25:21:464 response.cc(72) Entering Response::SetSuccessResponse
T 2018-06-21 16:25:21:464 response.cc(78) Entering Response::SetResponse
T 2018-06-21 16:25:21:464 IECommandExecutor.cpp(577) Entering IECommandExecutor::GetCurrentBrowser
T 2018-06-21 16:25:21:464 IECommandExecutor.cpp(583) Entering IECommandExecutor::GetManagedBrowser
T 2018-06-21 16:25:21:464 IECommandExecutor.cpp(586) Current command executor is not valid
T 2018-06-21 16:25:21:464 response.cc(51) Entering Response::Serialize
T 2018-06-21 16:25:21:464 IESession.cpp(212) Beginning wait for response length to be not zero
T 2018-06-21 16:25:21:475 IESession.cpp(221) Found non-zero response length
T 2018-06-21 16:25:21:475 IECommandExecutor.cpp(156) Entering IECommandExecutor::OnGetResponse
T 2018-06-21 16:25:21:475 IECommandExecutor.cpp(285) Entering IECommandExecutor::OnIsSessionValid
T 2018-06-21 16:25:21:475 server.cc(225) Entering Server::ShutDownSession
T 2018-06-21 16:25:21:475 IESession.cpp(119) Entering IESession::ShutDown
T 2018-06-21 16:25:21:475 IESession.cpp(173) Entering IESession::WaitForCommandExecutorExit
D 2018-06-21 16:25:21:475 IESession.cpp(150) Executor shutdown successful!
D 2018-06-21 16:25:21:475 IESession.cpp(158) Posting thread shutdown message
D 2018-06-21 16:25:21:475 IESession.cpp(161) Starting wait for thread completion
D 2018-06-21 16:25:21:475 IECommandExecutor.cpp(436) Shutdown message received
D 2018-06-21 16:25:21:475 IESession.cpp(164) Waiting for thread to end returned 4294967295
D 2018-06-21 16:25:21:476 server.cc(338) Response: {"value":null}

T 2018-06-21 16:25:21:476 server.cc(391) Entering Server::SendResponseToClient
D 2018-06-21 16:25:21:476 IECommandExecutor.cpp(97) Entering IECommandExecutor::OnDestroy
T 2018-06-21 16:25:21:476 response.cc(30) Entering Response::Deserialize
D 2018-06-21 16:25:21:476 IECommandExecutor.cpp(99) Clearing managed element cache
T 2018-06-21 16:25:21:476 server.cc(445) Entering Server::SendHttpOk
D 2018-06-21 16:25:21:476 IECommandExecutor.cpp(102) Closing command handler repository
D 2018-06-21 16:25:21:476 IECommandExecutor.cpp(104) Closing element finder
D 2018-06-21 16:25:21:476 IECommandExecutor.cpp(106) Closing input manager
D 2018-06-21 16:25:21:476 IECommandExecutor.cpp(108) Closing proxy manager
T 2018-06-21 16:25:21:476 ProxyManager.cpp(185) ProxyManager::RestoreProxySettings
D 2018-06-21 16:25:21:476 IECommandExecutor.cpp(110) Closing browser factory
D 2018-06-21 16:25:21:476 IECommandExecutor.cpp(112) Posting quit message
D 2018-06-21 16:25:21:476 IECommandExecutor.cpp(114) Leaving IECommandExecutor::OnDestroy
D 2018-06-21 16:25:21:476 IECommandExecutor.cpp(438) Returned from DestroyWindow()
D 2018-06-21 16:25:21:476 IECommandExecutor.cpp(447) Exited IECommandExecutor thread message loop
T 2018-06-21 16:25:21:483 server.cc(174) Entering Server::ProcessRequest
T 2018-06-21 16:25:21:483 server.cc(183) Process request with: URI: /shutdown HTTP verb: GET
body: {}
T 2018-06-21 16:25:21:483 server.cc(445) Entering Server::SendHttpOk
T 2018-06-21 16:25:21:483 IEServer.cpp(88) Entering IEServer::ShutDown
T 2018-06-21 16:25:21:484 WebDriver.cpp(54) Entering StopServer
T 2018-06-21 16:25:21:484 server.cc(165) Entering Server::Stop
