<?xml version="1.0" encoding="UTF-8" standalone="no"?>
<!DOCTYPE log SYSTEM "logger.dtd">
<log>
<record>
  <date>2018-06-19T21:22:19</date>
  <millis>1529423539708</millis>
  <sequence>0</sequence>
  <level>START</level>
  <class>com.kms.katalon.core.logging.KeywordLogger</class>
  <method>startSuite</method>
  <thread>1</thread>
  <message>Start Test Suite : Test Suites/all_env</message>
  <nestedLevel>0</nestedLevel>
  <property name="name">all_env</property>
  <property name="description"></property>
  <property name="id">Test Suites/all_env</property>
</record>
<record>
  <date>2018-06-19T21:22:19</date>
  <millis>1529423539762</millis>
  <sequence>1</sequence>
  <level>RUN_DATA</level>
  <class>com.kms.katalon.core.logging.KeywordLogger</class>
  <method>logMessage</method>
  <thread>1</thread>
  <message>Logging run data &amp;apos;hostName&amp;apos; with value &amp;apos;smaniiyer - pVDPERVM019.triaddigital.local&amp;apos;</message>
  <nestedLevel>0</nestedLevel>
  <property name="hostName">smaniiyer - pVDPERVM019.triaddigital.local</property>
</record>
<record>
  <date>2018-06-19T21:22:19</date>
  <millis>1529423539763</millis>
  <sequence>2</sequence>
  <level>RUN_DATA</level>
  <class>com.kms.katalon.core.logging.KeywordLogger</class>
  <method>logMessage</method>
  <thread>1</thread>
  <message>Logging run data &amp;apos;os&amp;apos; with value &amp;apos;Windows 8.1 64bit&amp;apos;</message>
  <nestedLevel>0</nestedLevel>
  <property name="os">Windows 8.1 64bit</property>
</record>
<record>
  <date>2018-06-19T21:22:19</date>
  <millis>1529423539764</millis>
  <sequence>3</sequence>
  <level>RUN_DATA</level>
  <class>com.kms.katalon.core.logging.KeywordLogger</class>
  <method>logMessage</method>
  <thread>1</thread>
  <message>Logging run data &amp;apos;hostAddress&amp;apos; with value &amp;apos;10.2.70.215&amp;apos;</message>
  <nestedLevel>0</nestedLevel>
  <property name="hostAddress">10.2.70.215</property>
</record>
<record>
  <date>2018-06-19T21:22:19</date>
  <millis>1529423539765</millis>
  <sequence>4</sequence>
  <level>RUN_DATA</level>
  <class>com.kms.katalon.core.logging.KeywordLogger</class>
  <method>logMessage</method>
  <thread>1</thread>
  <message>Logging run data &amp;apos;katalonVersion&amp;apos; with value &amp;apos;5.4.2.1&amp;apos;</message>
  <nestedLevel>0</nestedLevel>
  <property name="katalonVersion">5.4.2.1</property>
</record>
<record>
  <date>2018-06-19T21:22:20</date>
  <millis>1529423540278</millis>
  <sequence>5</sequence>
  <level>START</level>
  <class>com.kms.katalon.core.logging.KeywordLogger</class>
  <method>startTest</method>
  <thread>1</thread>
  <message>Start Test Case : Test Cases/New Test Case</message>
  <nestedLevel>1</nestedLevel>
  <property name="name">Test Cases/New Test Case</property>
  <property name="description"></property>
  <property name="id">Test Cases/New Test Case</property>
  <property name="source">C:\\Users\\smaniiyer\\Katalon Studio\\01_MAR_Q1718\\Test Cases\\New Test Case.tc</property>
  <property name="isOptional">false</property>
</record>
<record>
  <date>2018-06-19T21:22:20</date>
  <millis>1529423540333</millis>
  <sequence>6</sequence>
  <level>INFO</level>
  <class>com.kms.katalon.core.logging.KeywordLogger</class>
  <method>logMessage</method>
  <thread>1</thread>
  <message>Evaluating variables for test case</message>
  <nestedLevel>1</nestedLevel>
</record>
<record>
  <date>2018-06-19T21:22:20</date>
  <millis>1529423540862</millis>
  <sequence>7</sequence>
  <level>START</level>
  <class>com.kms.katalon.core.logging.KeywordLogger</class>
  <method>startKeyword</method>
  <thread>1</thread>
  <message>Start action : openBrowser</message>
  <nestedLevel>1</nestedLevel>
  <property name="startLine">23</property>
  <property name="stepIndex">1</property>
</record>
<record>
  <date>2018-06-19T21:22:21</date>
  <millis>1529423541405</millis>
  <sequence>8</sequence>
  <level>INFO</level>
  <class>com.kms.katalon.core.logging.KeywordLogger</class>
  <method>logMessage</method>
  <thread>1</thread>
  <message>Opening browser</message>
  <nestedLevel>1</nestedLevel>
</record>
<record>
  <date>2018-06-19T21:22:21</date>
  <millis>1529423541417</millis>
  <sequence>9</sequence>
  <level>INFO</level>
  <class>com.kms.katalon.core.logging.KeywordLogger</class>
  <method>logMessage</method>
  <thread>1</thread>
  <message>Starting &amp;apos;Chrome&amp;apos; driver</message>
  <nestedLevel>1</nestedLevel>
</record>
<record>
  <date>2018-06-19T21:22:21</date>
  <millis>1529423541462</millis>
  <sequence>10</sequence>
  <level>INFO</level>
  <class>com.kms.katalon.core.logging.KeywordLogger</class>
  <method>logMessage</method>
  <thread>1</thread>
  <message>Action delay is set to 0 seconds</message>
  <nestedLevel>1</nestedLevel>
</record>
<record>
  <date>2018-06-19T21:22:27</date>
  <millis>1529423547842</millis>
  <sequence>12</sequence>
  <level>RUN_DATA</level>
  <class>com.kms.katalon.core.logging.KeywordLogger</class>
  <method>logMessage</method>
  <thread>1</thread>
  <message>Logging run data &amp;apos;sessionId&amp;apos; with value &amp;apos;52f53af0bca0525c7cb96d5df20ae0e1&amp;apos;</message>
  <nestedLevel>1</nestedLevel>
  <property name="sessionId">52f53af0bca0525c7cb96d5df20ae0e1</property>
</record>
<record>
  <date>2018-06-19T21:22:27</date>
  <millis>1529423547915</millis>
  <sequence>13</sequence>
  <level>RUN_DATA</level>
  <class>com.kms.katalon.core.logging.KeywordLogger</class>
  <method>logMessage</method>
  <thread>1</thread>
  <message>Logging run data &amp;apos;browser&amp;apos; with value &amp;apos;Chrome 66.0.3359.181&amp;apos;</message>
  <nestedLevel>1</nestedLevel>
  <property name="browser">Chrome 66.0.3359.181</property>
</record>
<record>
  <date>2018-06-19T21:22:27</date>
  <millis>1529423547916</millis>
  <sequence>14</sequence>
  <level>RUN_DATA</level>
  <class>com.kms.katalon.core.logging.KeywordLogger</class>
  <method>logMessage</method>
  <thread>1</thread>
  <message>Logging run data &amp;apos;platform&amp;apos; with value &amp;apos;Windows 8.1&amp;apos;</message>
  <nestedLevel>1</nestedLevel>
  <property name="platform">Windows 8.1</property>
</record>
<record>
  <date>2018-06-19T21:22:27</date>
  <millis>1529423547918</millis>
  <sequence>15</sequence>
  <level>RUN_DATA</level>
  <class>com.kms.katalon.core.logging.KeywordLogger</class>
  <method>logMessage</method>
  <thread>1</thread>
  <message>Logging run data &amp;apos;seleniumVersion&amp;apos; with value &amp;apos;3.7.1&amp;apos;</message>
  <nestedLevel>1</nestedLevel>
  <property name="seleniumVersion">3.7.1</property>
</record>
<record>
  <date>2018-06-19T21:22:27</date>
  <millis>1529423547919</millis>
  <sequence>16</sequence>
  <level>RUN_DATA</level>
  <class>com.kms.katalon.core.logging.KeywordLogger</class>
  <method>logMessage</method>
  <thread>1</thread>
  <message>Logging run data &amp;apos;proxyInformation&amp;apos; with value &amp;apos;ProxyInformation{proxyOption=NO_PROXY, proxyServerType=HTTP, password=, proxyServerAddress=, proxyServerPort=0}&amp;apos;</message>
  <nestedLevel>1</nestedLevel>
  <property name="proxyInformation">ProxyInformation{proxyOption=NO_PROXY, proxyServerType=HTTP, password=, proxyServerAddress=, proxyServerPort=0}</property>
</record>
<record>
  <date>2018-06-19T21:22:27</date>
  <millis>1529423547920</millis>
  <sequence>17</sequence>
  <level>PASSED</level>
  <class>com.kms.katalon.core.logging.KeywordLogger</class>
  <method>logMessage</method>
  <thread>1</thread>
  <message>Browser is opened with url: &amp;apos;&amp;apos;</message>
  <nestedLevel>1</nestedLevel>
</record>
<record>
  <date>2018-06-19T21:22:27</date>
  <millis>1529423547921</millis>
  <sequence>18</sequence>
  <level>END</level>
  <class>com.kms.katalon.core.logging.KeywordLogger</class>
  <method>endKeyword</method>
  <thread>1</thread>
  <message>End action : openBrowser</message>
  <nestedLevel>1</nestedLevel>
</record>
<record>
  <date>2018-06-19T21:22:27</date>
  <millis>1529423547921</millis>
  <sequence>19</sequence>
  <level>START</level>
  <class>com.kms.katalon.core.logging.KeywordLogger</class>
  <method>startKeyword</method>
  <thread>1</thread>
  <message>Start action : navigateToUrl</message>
  <nestedLevel>1</nestedLevel>
  <property name="startLine">25</property>
  <property name="stepIndex">2</property>
</record>
<record>
  <date>2018-06-19T21:22:27</date>
  <millis>1529423547956</millis>
  <sequence>20</sequence>
  <level>INFO</level>
  <class>com.kms.katalon.core.logging.KeywordLogger</class>
  <method>logMessage</method>
  <thread>1</thread>
  <message>Checking url</message>
  <nestedLevel>1</nestedLevel>
</record>
<record>
  <date>2018-06-19T21:22:27</date>
  <millis>1529423547959</millis>
  <sequence>21</sequence>
  <level>INFO</level>
  <class>com.kms.katalon.core.logging.KeywordLogger</class>
  <method>logMessage</method>
  <thread>1</thread>
  <message>Navigating to &amp;apos;https://staging-walmart.triadretail.net/MadeforSummer&amp;apos;</message>
  <nestedLevel>1</nestedLevel>
</record>
<record>
  <date>2018-06-19T21:22:29</date>
  <millis>1529423549868</millis>
  <sequence>22</sequence>
  <level>PASSED</level>
  <class>com.kms.katalon.core.logging.KeywordLogger</class>
  <method>logMessage</method>
  <thread>1</thread>
  <message>Navigate to &amp;apos;https://staging-walmart.triadretail.net/MadeforSummer&amp;apos; successfully</message>
  <nestedLevel>1</nestedLevel>
</record>
<record>
  <date>2018-06-19T21:22:29</date>
  <millis>1529423549869</millis>
  <sequence>23</sequence>
  <level>END</level>
  <class>com.kms.katalon.core.logging.KeywordLogger</class>
  <method>endKeyword</method>
  <thread>1</thread>
  <message>End action : navigateToUrl</message>
  <nestedLevel>1</nestedLevel>
</record>
<record>
  <date>2018-06-19T21:22:29</date>
  <millis>1529423549869</millis>
  <sequence>24</sequence>
  <level>START</level>
  <class>com.kms.katalon.core.logging.KeywordLogger</class>
  <method>startKeyword</method>
  <thread>1</thread>
  <message>Start action : click</message>
  <nestedLevel>1</nestedLevel>
  <property name="startLine">27</property>
  <property name="stepIndex">3</property>
</record>
<record>
  <date>2018-06-19T21:22:29</date>
  <millis>1529423549877</millis>
  <sequence>25</sequence>
  <level>INFO</level>
  <class>com.kms.katalon.core.logging.KeywordLogger</class>
  <method>logMessage</method>
  <thread>1</thread>
  <message>Finding Test Object with id &amp;apos;Object Repository/Made_for_Summer_Mars_Candy/img&amp;apos;</message>
  <nestedLevel>1</nestedLevel>
</record>
<record>
  <date>2018-06-19T21:22:29</date>
  <millis>1529423549917</millis>
  <sequence>26</sequence>
  <level>INFO</level>
  <class>com.kms.katalon.core.logging.KeywordLogger</class>
  <method>logMessage</method>
  <thread>1</thread>
  <message>Checking object</message>
  <nestedLevel>1</nestedLevel>
</record>
<record>
  <date>2018-06-19T21:22:29</date>
  <millis>1529423549917</millis>
  <sequence>27</sequence>
  <level>INFO</level>
  <class>com.kms.katalon.core.logging.KeywordLogger</class>
  <method>logMessage</method>
  <thread>1</thread>
  <message>Checking timeout</message>
  <nestedLevel>1</nestedLevel>
</record>
<record>
  <date>2018-06-19T21:22:29</date>
  <millis>1529423549933</millis>
  <sequence>28</sequence>
  <level>INFO</level>
  <class>com.kms.katalon.core.logging.KeywordLogger</class>
  <method>logMessage</method>
  <thread>1</thread>
  <message>Finding web element with id: &amp;apos;Object Repository/Made_for_Summer_Mars_Candy/img&amp;apos; located by &amp;apos;By.xpath: //img[@src = &amp;apos;/MediaOMP/2018/MAR/01_MAR_Q1718_MarsSummerRW/img/pov.jpg&amp;apos; and @alt = &amp;apos;pov&amp;apos;]&amp;apos; in &amp;apos;30&amp;apos; second(s)</message>
  <nestedLevel>1</nestedLevel>
</record>
<record>
  <date>2018-06-19T21:22:30</date>
  <millis>1529423550399</millis>
  <sequence>29</sequence>
  <level>INFO</level>
  <class>com.kms.katalon.core.logging.KeywordLogger</class>
  <method>logMessage</method>
  <thread>1</thread>
  <message>Found 1 web elements with id: &amp;apos;Object Repository/Made_for_Summer_Mars_Candy/img&amp;apos; located by &amp;apos;By.xpath: //img[@src = &amp;apos;/MediaOMP/2018/MAR/01_MAR_Q1718_MarsSummerRW/img/pov.jpg&amp;apos; and @alt = &amp;apos;pov&amp;apos;]&amp;apos; in &amp;apos;30&amp;apos; second(s)</message>
  <nestedLevel>1</nestedLevel>
</record>
<record>
  <date>2018-06-19T21:22:30</date>
  <millis>1529423550400</millis>
  <sequence>30</sequence>
  <level>INFO</level>
  <class>com.kms.katalon.core.logging.KeywordLogger</class>
  <method>logMessage</method>
  <thread>1</thread>
  <message>Clicking on object: &amp;apos;Object Repository/Made_for_Summer_Mars_Candy/img&amp;apos;</message>
  <nestedLevel>1</nestedLevel>
</record>
<record>
  <date>2018-06-19T21:22:30</date>
  <millis>1529423550660</millis>
  <sequence>31</sequence>
  <level>PASSED</level>
  <class>com.kms.katalon.core.logging.KeywordLogger</class>
  <method>logMessage</method>
  <thread>1</thread>
  <message>Object: &amp;apos;Object Repository/Made_for_Summer_Mars_Candy/img&amp;apos; is clicked on</message>
  <nestedLevel>1</nestedLevel>
</record>
<record>
  <date>2018-06-19T21:22:30</date>
  <millis>1529423550661</millis>
  <sequence>32</sequence>
  <level>END</level>
  <class>com.kms.katalon.core.logging.KeywordLogger</class>
  <method>endKeyword</method>
  <thread>1</thread>
  <message>End action : click</message>
  <nestedLevel>1</nestedLevel>
</record>
<record>
  <date>2018-06-19T21:22:30</date>
  <millis>1529423550662</millis>
  <sequence>33</sequence>
  <level>START</level>
  <class>com.kms.katalon.core.logging.KeywordLogger</class>
  <method>startKeyword</method>
  <thread>1</thread>
  <message>Start action : verifyElementPresent</message>
  <nestedLevel>1</nestedLevel>
  <property name="startLine">31</property>
  <property name="stepIndex">4</property>
</record>
<record>
  <date>2018-06-19T21:22:30</date>
  <millis>1529423550663</millis>
  <sequence>34</sequence>
  <level>INFO</level>
  <class>com.kms.katalon.core.logging.KeywordLogger</class>
  <method>logMessage</method>
  <thread>1</thread>
  <message>Finding Test Object with id &amp;apos;Object Repository/spy_Made_for_Summer/img&amp;apos;</message>
  <nestedLevel>1</nestedLevel>
</record>
<record>
  <date>2018-06-19T21:22:30</date>
  <millis>1529423550696</millis>
  <sequence>35</sequence>
  <level>INFO</level>
  <class>com.kms.katalon.core.logging.KeywordLogger</class>
  <method>logMessage</method>
  <thread>1</thread>
  <message>Checking object</message>
  <nestedLevel>1</nestedLevel>
</record>
<record>
  <date>2018-06-19T21:22:30</date>
  <millis>1529423550697</millis>
  <sequence>36</sequence>
  <level>INFO</level>
  <class>com.kms.katalon.core.logging.KeywordLogger</class>
  <method>logMessage</method>
  <thread>1</thread>
  <message>Checking timeout</message>
  <nestedLevel>1</nestedLevel>
</record>
<record>
  <date>2018-06-19T21:22:30</date>
  <millis>1529423550698</millis>
  <sequence>37</sequence>
  <level>WARNING</level>
  <class>com.kms.katalon.core.logging.KeywordLogger</class>
  <method>logMessage</method>
  <thread>1</thread>
  <message>Timeout &amp;apos;0&amp;apos; is invalid. Using default page load timeout: &amp;apos;30&amp;apos;</message>
  <nestedLevel>1</nestedLevel>
</record>
<record>
  <date>2018-06-19T21:22:30</date>
  <millis>1529423550699</millis>
  <sequence>38</sequence>
  <level>INFO</level>
  <class>com.kms.katalon.core.logging.KeywordLogger</class>
  <method>logMessage</method>
  <thread>1</thread>
  <message>Finding web element with id: &amp;apos;Object Repository/spy_Made_for_Summer/img&amp;apos; located by &amp;apos;By.xpath: //img[@src = &amp;apos;/MediaOMP/2018/MAR/01_MAR_Q1718_MarsSummerRW/img/pov.jpg&amp;apos; and @alt = &amp;apos;pov&amp;apos;]&amp;apos; in &amp;apos;30&amp;apos; second(s)</message>
  <nestedLevel>1</nestedLevel>
</record>
<record>
  <date>2018-06-19T21:22:30</date>
  <millis>1529423550722</millis>
  <sequence>39</sequence>
  <level>INFO</level>
  <class>com.kms.katalon.core.logging.KeywordLogger</class>
  <method>logMessage</method>
  <thread>1</thread>
  <message>Found 1 web elements with id: &amp;apos;Object Repository/spy_Made_for_Summer/img&amp;apos; located by &amp;apos;By.xpath: //img[@src = &amp;apos;/MediaOMP/2018/MAR/01_MAR_Q1718_MarsSummerRW/img/pov.jpg&amp;apos; and @alt = &amp;apos;pov&amp;apos;]&amp;apos; in &amp;apos;30&amp;apos; second(s)</message>
  <nestedLevel>1</nestedLevel>
</record>
<record>
  <date>2018-06-19T21:22:30</date>
  <millis>1529423550724</millis>
  <sequence>40</sequence>
  <level>PASSED</level>
  <class>com.kms.katalon.core.logging.KeywordLogger</class>
  <method>logMessage</method>
  <thread>1</thread>
  <message>Object &amp;apos;Object Repository/spy_Made_for_Summer/img&amp;apos; is present</message>
  <nestedLevel>1</nestedLevel>
</record>
<record>
  <date>2018-06-19T21:22:30</date>
  <millis>1529423550725</millis>
  <sequence>41</sequence>
  <level>END</level>
  <class>com.kms.katalon.core.logging.KeywordLogger</class>
  <method>endKeyword</method>
  <thread>1</thread>
  <message>End action : verifyElementPresent</message>
  <nestedLevel>1</nestedLevel>
</record>
<record>
  <date>2018-06-19T21:22:30</date>
  <millis>1529423550726</millis>
  <sequence>42</sequence>
  <level>START</level>
  <class>com.kms.katalon.core.logging.KeywordLogger</class>
  <method>startKeyword</method>
  <thread>1</thread>
  <message>Start action : verifyElementPresent</message>
  <nestedLevel>1</nestedLevel>
  <property name="startLine">32</property>
  <property name="stepIndex">5</property>
</record>
<record>
  <date>2018-06-19T21:22:30</date>
  <millis>1529423550727</millis>
  <sequence>43</sequence>
  <level>INFO</level>
  <class>com.kms.katalon.core.logging.KeywordLogger</class>
  <method>logMessage</method>
  <thread>1</thread>
  <message>Finding Test Object with id &amp;apos;Object Repository/spy_Made_for_Summer/img (3)&amp;apos;</message>
  <nestedLevel>1</nestedLevel>
</record>
<record>
  <date>2018-06-19T21:22:30</date>
  <millis>1529423550743</millis>
  <sequence>44</sequence>
  <level>INFO</level>
  <class>com.kms.katalon.core.logging.KeywordLogger</class>
  <method>logMessage</method>
  <thread>1</thread>
  <message>Checking object</message>
  <nestedLevel>1</nestedLevel>
</record>
<record>
  <date>2018-06-19T21:22:30</date>
  <millis>1529423550744</millis>
  <sequence>45</sequence>
  <level>INFO</level>
  <class>com.kms.katalon.core.logging.KeywordLogger</class>
  <method>logMessage</method>
  <thread>1</thread>
  <message>Checking timeout</message>
  <nestedLevel>1</nestedLevel>
</record>
<record>
  <date>2018-06-19T21:22:30</date>
  <millis>1529423550744</millis>
  <sequence>46</sequence>
  <level>WARNING</level>
  <class>com.kms.katalon.core.logging.KeywordLogger</class>
  <method>logMessage</method>
  <thread>1</thread>
  <message>Timeout &amp;apos;0&amp;apos; is invalid. Using default page load timeout: &amp;apos;30&amp;apos;</message>
  <nestedLevel>1</nestedLevel>
</record>
<record>
  <date>2018-06-19T21:22:30</date>
  <millis>1529423550745</millis>
  <sequence>47</sequence>
  <level>INFO</level>
  <class>com.kms.katalon.core.logging.KeywordLogger</class>
  <method>logMessage</method>
  <thread>1</thread>
  <message>Finding web element with id: &amp;apos;Object Repository/spy_Made_for_Summer/img (3)&amp;apos; located by &amp;apos;By.xpath: //img[@src = &amp;apos;/MediaOMP/2018/MAR/01_MAR_Q1718_MarsSummerRW/img/recipe_btm.jpg&amp;apos; and @alt = &amp;apos;recipe&amp;apos;]&amp;apos; in &amp;apos;30&amp;apos; second(s)</message>
  <nestedLevel>1</nestedLevel>
</record>
<record>
  <date>2018-06-19T21:22:30</date>
  <millis>1529423550773</millis>
  <sequence>48</sequence>
  <level>INFO</level>
  <class>com.kms.katalon.core.logging.KeywordLogger</class>
  <method>logMessage</method>
  <thread>1</thread>
  <message>Found 1 web elements with id: &amp;apos;Object Repository/spy_Made_for_Summer/img (3)&amp;apos; located by &amp;apos;By.xpath: //img[@src = &amp;apos;/MediaOMP/2018/MAR/01_MAR_Q1718_MarsSummerRW/img/recipe_btm.jpg&amp;apos; and @alt = &amp;apos;recipe&amp;apos;]&amp;apos; in &amp;apos;30&amp;apos; second(s)</message>
  <nestedLevel>1</nestedLevel>
</record>
<record>
  <date>2018-06-19T21:22:30</date>
  <millis>1529423550774</millis>
  <sequence>49</sequence>
  <level>PASSED</level>
  <class>com.kms.katalon.core.logging.KeywordLogger</class>
  <method>logMessage</method>
  <thread>1</thread>
  <message>Object &amp;apos;Object Repository/spy_Made_for_Summer/img (3)&amp;apos; is present</message>
  <nestedLevel>1</nestedLevel>
</record>
<record>
  <date>2018-06-19T21:22:30</date>
  <millis>1529423550775</millis>
  <sequence>50</sequence>
  <level>END</level>
  <class>com.kms.katalon.core.logging.KeywordLogger</class>
  <method>endKeyword</method>
  <thread>1</thread>
  <message>End action : verifyElementPresent</message>
  <nestedLevel>1</nestedLevel>
</record>
<record>
  <date>2018-06-19T21:22:30</date>
  <millis>1529423550775</millis>
  <sequence>51</sequence>
  <level>START</level>
  <class>com.kms.katalon.core.logging.KeywordLogger</class>
  <method>startKeyword</method>
  <thread>1</thread>
  <message>Start action : verifyElementPresent</message>
  <nestedLevel>1</nestedLevel>
  <property name="startLine">33</property>
  <property name="stepIndex">6</property>
</record>
<record>
  <date>2018-06-19T21:22:30</date>
  <millis>1529423550776</millis>
  <sequence>52</sequence>
  <level>INFO</level>
  <class>com.kms.katalon.core.logging.KeywordLogger</class>
  <method>logMessage</method>
  <thread>1</thread>
  <message>Finding Test Object with id &amp;apos;Object Repository/spy_Made_for_Summer/img (2)&amp;apos;</message>
  <nestedLevel>1</nestedLevel>
</record>
<record>
  <date>2018-06-19T21:22:30</date>
  <millis>1529423550789</millis>
  <sequence>53</sequence>
  <level>INFO</level>
  <class>com.kms.katalon.core.logging.KeywordLogger</class>
  <method>logMessage</method>
  <thread>1</thread>
  <message>Checking object</message>
  <nestedLevel>1</nestedLevel>
</record>
<record>
  <date>2018-06-19T21:22:30</date>
  <millis>1529423550789</millis>
  <sequence>54</sequence>
  <level>INFO</level>
  <class>com.kms.katalon.core.logging.KeywordLogger</class>
  <method>logMessage</method>
  <thread>1</thread>
  <message>Checking timeout</message>
  <nestedLevel>1</nestedLevel>
</record>
<record>
  <date>2018-06-19T21:22:30</date>
  <millis>1529423550790</millis>
  <sequence>55</sequence>
  <level>WARNING</level>
  <class>com.kms.katalon.core.logging.KeywordLogger</class>
  <method>logMessage</method>
  <thread>1</thread>
  <message>Timeout &amp;apos;0&amp;apos; is invalid. Using default page load timeout: &amp;apos;30&amp;apos;</message>
  <nestedLevel>1</nestedLevel>
</record>
<record>
  <date>2018-06-19T21:22:30</date>
  <millis>1529423550792</millis>
  <sequence>56</sequence>
  <level>INFO</level>
  <class>com.kms.katalon.core.logging.KeywordLogger</class>
  <method>logMessage</method>
  <thread>1</thread>
  <message>Finding web element with id: &amp;apos;Object Repository/spy_Made_for_Summer/img (2)&amp;apos; located by &amp;apos;By.xpath: //img[@src = &amp;apos;/MediaOMP/2018/MAR/01_MAR_Q1718_MarsSummerRW/img/recipe_left.jpg&amp;apos; and @alt = &amp;apos;recipe&amp;apos;]&amp;apos; in &amp;apos;30&amp;apos; second(s)</message>
  <nestedLevel>1</nestedLevel>
</record>
<record>
  <date>2018-06-19T21:22:30</date>
  <millis>1529423550825</millis>
  <sequence>57</sequence>
  <level>INFO</level>
  <class>com.kms.katalon.core.logging.KeywordLogger</class>
  <method>logMessage</method>
  <thread>1</thread>
  <message>Found 1 web elements with id: &amp;apos;Object Repository/spy_Made_for_Summer/img (2)&amp;apos; located by &amp;apos;By.xpath: //img[@src = &amp;apos;/MediaOMP/2018/MAR/01_MAR_Q1718_MarsSummerRW/img/recipe_left.jpg&amp;apos; and @alt = &amp;apos;recipe&amp;apos;]&amp;apos; in &amp;apos;30&amp;apos; second(s)</message>
  <nestedLevel>1</nestedLevel>
</record>
<record>
  <date>2018-06-19T21:22:30</date>
  <millis>1529423550826</millis>
  <sequence>58</sequence>
  <level>PASSED</level>
  <class>com.kms.katalon.core.logging.KeywordLogger</class>
  <method>logMessage</method>
  <thread>1</thread>
  <message>Object &amp;apos;Object Repository/spy_Made_for_Summer/img (2)&amp;apos; is present</message>
  <nestedLevel>1</nestedLevel>
</record>
<record>
  <date>2018-06-19T21:22:30</date>
  <millis>1529423550827</millis>
  <sequence>59</sequence>
  <level>END</level>
  <class>com.kms.katalon.core.logging.KeywordLogger</class>
  <method>endKeyword</method>
  <thread>1</thread>
  <message>End action : verifyElementPresent</message>
  <nestedLevel>1</nestedLevel>
</record>
<record>
  <date>2018-06-19T21:22:30</date>
  <millis>1529423550827</millis>
  <sequence>60</sequence>
  <level>START</level>
  <class>com.kms.katalon.core.logging.KeywordLogger</class>
  <method>startKeyword</method>
  <thread>1</thread>
  <message>Start action : verifyElementPresent</message>
  <nestedLevel>1</nestedLevel>
  <property name="startLine">34</property>
  <property name="stepIndex">7</property>
</record>
<record>
  <date>2018-06-19T21:22:30</date>
  <millis>1529423550828</millis>
  <sequence>61</sequence>
  <level>INFO</level>
  <class>com.kms.katalon.core.logging.KeywordLogger</class>
  <method>logMessage</method>
  <thread>1</thread>
  <message>Finding Test Object with id &amp;apos;Object Repository/spy_Made_for_Summer/img (1)&amp;apos;</message>
  <nestedLevel>1</nestedLevel>
</record>
<record>
  <date>2018-06-19T21:22:30</date>
  <millis>1529423550839</millis>
  <sequence>62</sequence>
  <level>INFO</level>
  <class>com.kms.katalon.core.logging.KeywordLogger</class>
  <method>logMessage</method>
  <thread>1</thread>
  <message>Checking object</message>
  <nestedLevel>1</nestedLevel>
</record>
<record>
  <date>2018-06-19T21:22:30</date>
  <millis>1529423550839</millis>
  <sequence>63</sequence>
  <level>INFO</level>
  <class>com.kms.katalon.core.logging.KeywordLogger</class>
  <method>logMessage</method>
  <thread>1</thread>
  <message>Checking timeout</message>
  <nestedLevel>1</nestedLevel>
</record>
<record>
  <date>2018-06-19T21:22:30</date>
  <millis>1529423550840</millis>
  <sequence>64</sequence>
  <level>WARNING</level>
  <class>com.kms.katalon.core.logging.KeywordLogger</class>
  <method>logMessage</method>
  <thread>1</thread>
  <message>Timeout &amp;apos;0&amp;apos; is invalid. Using default page load timeout: &amp;apos;30&amp;apos;</message>
  <nestedLevel>1</nestedLevel>
</record>
<record>
  <date>2018-06-19T21:22:30</date>
  <millis>1529423550841</millis>
  <sequence>65</sequence>
  <level>INFO</level>
  <class>com.kms.katalon.core.logging.KeywordLogger</class>
  <method>logMessage</method>
  <thread>1</thread>
  <message>Finding web element with id: &amp;apos;Object Repository/spy_Made_for_Summer/img (1)&amp;apos; located by &amp;apos;By.xpath: //img[@src = &amp;apos;/MediaOMP/2018/MAR/01_MAR_Q1718_MarsSummerRW/img/recipe_top.jpg&amp;apos; and @alt = &amp;apos;recipe&amp;apos;]&amp;apos; in &amp;apos;30&amp;apos; second(s)</message>
  <nestedLevel>1</nestedLevel>
</record>
<record>
  <date>2018-06-19T21:22:30</date>
  <millis>1529423550873</millis>
  <sequence>66</sequence>
  <level>INFO</level>
  <class>com.kms.katalon.core.logging.KeywordLogger</class>
  <method>logMessage</method>
  <thread>1</thread>
  <message>Found 1 web elements with id: &amp;apos;Object Repository/spy_Made_for_Summer/img (1)&amp;apos; located by &amp;apos;By.xpath: //img[@src = &amp;apos;/MediaOMP/2018/MAR/01_MAR_Q1718_MarsSummerRW/img/recipe_top.jpg&amp;apos; and @alt = &amp;apos;recipe&amp;apos;]&amp;apos; in &amp;apos;30&amp;apos; second(s)</message>
  <nestedLevel>1</nestedLevel>
</record>
<record>
  <date>2018-06-19T21:22:30</date>
  <millis>1529423550874</millis>
  <sequence>67</sequence>
  <level>PASSED</level>
  <class>com.kms.katalon.core.logging.KeywordLogger</class>
  <method>logMessage</method>
  <thread>1</thread>
  <message>Object &amp;apos;Object Repository/spy_Made_for_Summer/img (1)&amp;apos; is present</message>
  <nestedLevel>1</nestedLevel>
</record>
<record>
  <date>2018-06-19T21:22:30</date>
  <millis>1529423550875</millis>
  <sequence>68</sequence>
  <level>END</level>
  <class>com.kms.katalon.core.logging.KeywordLogger</class>
  <method>endKeyword</method>
  <thread>1</thread>
  <message>End action : verifyElementPresent</message>
  <nestedLevel>1</nestedLevel>
</record>
<record>
  <date>2018-06-19T21:22:30</date>
  <millis>1529423550875</millis>
  <sequence>69</sequence>
  <level>START</level>
  <class>com.kms.katalon.core.logging.KeywordLogger</class>
  <method>startKeyword</method>
  <thread>1</thread>
  <message>Start action : verifyElementPresent</message>
  <nestedLevel>1</nestedLevel>
  <property name="startLine">35</property>
  <property name="stepIndex">8</property>
</record>
<record>
  <date>2018-06-19T21:22:30</date>
  <millis>1529423550879</millis>
  <sequence>70</sequence>
  <level>INFO</level>
  <class>com.kms.katalon.core.logging.KeywordLogger</class>
  <method>logMessage</method>
  <thread>1</thread>
  <message>Finding Test Object with id &amp;apos;Object Repository/spy_Made_for_Summer/h4_MMs Treat Pops&amp;apos;</message>
  <nestedLevel>1</nestedLevel>
</record>
<record>
  <date>2018-06-19T21:22:30</date>
  <millis>1529423550889</millis>
  <sequence>71</sequence>
  <level>INFO</level>
  <class>com.kms.katalon.core.logging.KeywordLogger</class>
  <method>logMessage</method>
  <thread>1</thread>
  <message>Checking object</message>
  <nestedLevel>1</nestedLevel>
</record>
<record>
  <date>2018-06-19T21:22:30</date>
  <millis>1529423550890</millis>
  <sequence>72</sequence>
  <level>INFO</level>
  <class>com.kms.katalon.core.logging.KeywordLogger</class>
  <method>logMessage</method>
  <thread>1</thread>
  <message>Checking timeout</message>
  <nestedLevel>1</nestedLevel>
</record>
<record>
  <date>2018-06-19T21:22:30</date>
  <millis>1529423550890</millis>
  <sequence>73</sequence>
  <level>WARNING</level>
  <class>com.kms.katalon.core.logging.KeywordLogger</class>
  <method>logMessage</method>
  <thread>1</thread>
  <message>Timeout &amp;apos;0&amp;apos; is invalid. Using default page load timeout: &amp;apos;30&amp;apos;</message>
  <nestedLevel>1</nestedLevel>
</record>
<record>
  <date>2018-06-19T21:22:30</date>
  <millis>1529423550896</millis>
  <sequence>74</sequence>
  <level>INFO</level>
  <class>com.kms.katalon.core.logging.KeywordLogger</class>
  <method>logMessage</method>
  <thread>1</thread>
  <message>Finding web element with id: &amp;apos;Object Repository/spy_Made_for_Summer/h4_MMs Treat Pops&amp;apos; located by &amp;apos;By.xpath: //h4[(text() = concat(&amp;apos;M&amp;amp;M&amp;apos; , \&amp;quot;&amp;apos;\&amp;quot; , &amp;apos;s\u00AE Treat Pops&amp;apos;) or . = concat(&amp;apos;M&amp;amp;M&amp;apos; , \&amp;quot;&amp;apos;\&amp;quot; , &amp;apos;s\u00AE Treat Pops&amp;apos;))]&amp;apos; in &amp;apos;30&amp;apos; second(s)</message>
  <nestedLevel>1</nestedLevel>
</record>
<record>
  <date>2018-06-19T21:22:30</date>
  <millis>1529423550931</millis>
  <sequence>75</sequence>
  <level>INFO</level>
  <class>com.kms.katalon.core.logging.KeywordLogger</class>
  <method>logMessage</method>
  <thread>1</thread>
  <message>Found 1 web elements with id: &amp;apos;Object Repository/spy_Made_for_Summer/h4_MMs Treat Pops&amp;apos; located by &amp;apos;By.xpath: //h4[(text() = concat(&amp;apos;M&amp;amp;M&amp;apos; , \&amp;quot;&amp;apos;\&amp;quot; , &amp;apos;s\u00AE Treat Pops&amp;apos;) or . = concat(&amp;apos;M&amp;amp;M&amp;apos; , \&amp;quot;&amp;apos;\&amp;quot; , &amp;apos;s\u00AE Treat Pops&amp;apos;))]&amp;apos; in &amp;apos;30&amp;apos; second(s)</message>
  <nestedLevel>1</nestedLevel>
</record>
<record>
  <date>2018-06-19T21:22:30</date>
  <millis>1529423550932</millis>
  <sequence>76</sequence>
  <level>PASSED</level>
  <class>com.kms.katalon.core.logging.KeywordLogger</class>
  <method>logMessage</method>
  <thread>1</thread>
  <message>Object &amp;apos;Object Repository/spy_Made_for_Summer/h4_MMs Treat Pops&amp;apos; is present</message>
  <nestedLevel>1</nestedLevel>
</record>
<record>
  <date>2018-06-19T21:22:30</date>
  <millis>1529423550933</millis>
  <sequence>77</sequence>
  <level>END</level>
  <class>com.kms.katalon.core.logging.KeywordLogger</class>
  <method>endKeyword</method>
  <thread>1</thread>
  <message>End action : verifyElementPresent</message>
  <nestedLevel>1</nestedLevel>
</record>
<record>
  <date>2018-06-19T21:22:30</date>
  <millis>1529423550934</millis>
  <sequence>78</sequence>
  <level>START</level>
  <class>com.kms.katalon.core.logging.KeywordLogger</class>
  <method>startKeyword</method>
  <thread>1</thread>
  <message>Start action : verifyElementPresent</message>
  <nestedLevel>1</nestedLevel>
  <property name="startLine">36</property>
  <property name="stepIndex">9</property>
</record>
<record>
  <date>2018-06-19T21:22:30</date>
  <millis>1529423550935</millis>
  <sequence>79</sequence>
  <level>INFO</level>
  <class>com.kms.katalon.core.logging.KeywordLogger</class>
  <method>logMessage</method>
  <thread>1</thread>
  <message>Finding Test Object with id &amp;apos;Object Repository/spy_Made_for_Summer/h1_Make Summer Mmmemorable&amp;apos;</message>
  <nestedLevel>1</nestedLevel>
</record>
<record>
  <date>2018-06-19T21:22:30</date>
  <millis>1529423550946</millis>
  <sequence>80</sequence>
  <level>INFO</level>
  <class>com.kms.katalon.core.logging.KeywordLogger</class>
  <method>logMessage</method>
  <thread>1</thread>
  <message>Checking object</message>
  <nestedLevel>1</nestedLevel>
</record>
<record>
  <date>2018-06-19T21:22:30</date>
  <millis>1529423550946</millis>
  <sequence>81</sequence>
  <level>INFO</level>
  <class>com.kms.katalon.core.logging.KeywordLogger</class>
  <method>logMessage</method>
  <thread>1</thread>
  <message>Checking timeout</message>
  <nestedLevel>1</nestedLevel>
</record>
<record>
  <date>2018-06-19T21:22:30</date>
  <millis>1529423550947</millis>
  <sequence>82</sequence>
  <level>WARNING</level>
  <class>com.kms.katalon.core.logging.KeywordLogger</class>
  <method>logMessage</method>
  <thread>1</thread>
  <message>Timeout &amp;apos;0&amp;apos; is invalid. Using default page load timeout: &amp;apos;30&amp;apos;</message>
  <nestedLevel>1</nestedLevel>
</record>
<record>
  <date>2018-06-19T21:22:30</date>
  <millis>1529423550948</millis>
  <sequence>83</sequence>
  <level>INFO</level>
  <class>com.kms.katalon.core.logging.KeywordLogger</class>
  <method>logMessage</method>
  <thread>1</thread>
  <message>Finding web element with id: &amp;apos;Object Repository/spy_Made_for_Summer/h1_Make Summer Mmmemorable&amp;apos; located by &amp;apos;By.xpath: //h1[(text() = &amp;apos;Make Summer Mmmemorable&amp;apos; or . = &amp;apos;Make Summer Mmmemorable&amp;apos;)]&amp;apos; in &amp;apos;30&amp;apos; second(s)</message>
  <nestedLevel>1</nestedLevel>
</record>
<record>
  <date>2018-06-19T21:22:30</date>
  <millis>1529423550980</millis>
  <sequence>84</sequence>
  <level>INFO</level>
  <class>com.kms.katalon.core.logging.KeywordLogger</class>
  <method>logMessage</method>
  <thread>1</thread>
  <message>Found 1 web elements with id: &amp;apos;Object Repository/spy_Made_for_Summer/h1_Make Summer Mmmemorable&amp;apos; located by &amp;apos;By.xpath: //h1[(text() = &amp;apos;Make Summer Mmmemorable&amp;apos; or . = &amp;apos;Make Summer Mmmemorable&amp;apos;)]&amp;apos; in &amp;apos;30&amp;apos; second(s)</message>
  <nestedLevel>1</nestedLevel>
</record>
<record>
  <date>2018-06-19T21:22:30</date>
  <millis>1529423550980</millis>
  <sequence>85</sequence>
  <level>PASSED</level>
  <class>com.kms.katalon.core.logging.KeywordLogger</class>
  <method>logMessage</method>
  <thread>1</thread>
  <message>Object &amp;apos;Object Repository/spy_Made_for_Summer/h1_Make Summer Mmmemorable&amp;apos; is present</message>
  <nestedLevel>1</nestedLevel>
</record>
<record>
  <date>2018-06-19T21:22:30</date>
  <millis>1529423550981</millis>
  <sequence>86</sequence>
  <level>END</level>
  <class>com.kms.katalon.core.logging.KeywordLogger</class>
  <method>endKeyword</method>
  <thread>1</thread>
  <message>End action : verifyElementPresent</message>
  <nestedLevel>1</nestedLevel>
</record>
<record>
  <date>2018-06-19T21:22:30</date>
  <millis>1529423550982</millis>
  <sequence>87</sequence>
  <level>START</level>
  <class>com.kms.katalon.core.logging.KeywordLogger</class>
  <method>startKeyword</method>
  <thread>1</thread>
  <message>Start action : verifyElementPresent</message>
  <nestedLevel>1</nestedLevel>
  <property name="startLine">37</property>
  <property name="stepIndex">10</property>
</record>
<record>
  <date>2018-06-19T21:22:30</date>
  <millis>1529423550983</millis>
  <sequence>88</sequence>
  <level>INFO</level>
  <class>com.kms.katalon.core.logging.KeywordLogger</class>
  <method>logMessage</method>
  <thread>1</thread>
  <message>Finding Test Object with id &amp;apos;Object Repository/spy_Made_for_Summer/h1_How Sweet It Is&amp;apos;</message>
  <nestedLevel>1</nestedLevel>
</record>
<record>
  <date>2018-06-19T21:22:30</date>
  <millis>1529423550990</millis>
  <sequence>89</sequence>
  <level>INFO</level>
  <class>com.kms.katalon.core.logging.KeywordLogger</class>
  <method>logMessage</method>
  <thread>1</thread>
  <message>Checking object</message>
  <nestedLevel>1</nestedLevel>
</record>
<record>
  <date>2018-06-19T21:22:30</date>
  <millis>1529423550991</millis>
  <sequence>90</sequence>
  <level>INFO</level>
  <class>com.kms.katalon.core.logging.KeywordLogger</class>
  <method>logMessage</method>
  <thread>1</thread>
  <message>Checking timeout</message>
  <nestedLevel>1</nestedLevel>
</record>
<record>
  <date>2018-06-19T21:22:30</date>
  <millis>1529423550991</millis>
  <sequence>91</sequence>
  <level>WARNING</level>
  <class>com.kms.katalon.core.logging.KeywordLogger</class>
  <method>logMessage</method>
  <thread>1</thread>
  <message>Timeout &amp;apos;0&amp;apos; is invalid. Using default page load timeout: &amp;apos;30&amp;apos;</message>
  <nestedLevel>1</nestedLevel>
</record>
<record>
  <date>2018-06-19T21:22:30</date>
  <millis>1529423550992</millis>
  <sequence>92</sequence>
  <level>INFO</level>
  <class>com.kms.katalon.core.logging.KeywordLogger</class>
  <method>logMessage</method>
  <thread>1</thread>
  <message>Finding web element with id: &amp;apos;Object Repository/spy_Made_for_Summer/h1_How Sweet It Is&amp;apos; located by &amp;apos;By.xpath: //h1[(text() = &amp;apos;How Sweet It Is&amp;apos; or . = &amp;apos;How Sweet It Is&amp;apos;)]&amp;apos; in &amp;apos;30&amp;apos; second(s)</message>
  <nestedLevel>1</nestedLevel>
</record>
<record>
  <date>2018-06-19T21:22:31</date>
  <millis>1529423551021</millis>
  <sequence>93</sequence>
  <level>INFO</level>
  <class>com.kms.katalon.core.logging.KeywordLogger</class>
  <method>logMessage</method>
  <thread>1</thread>
  <message>Found 1 web elements with id: &amp;apos;Object Repository/spy_Made_for_Summer/h1_How Sweet It Is&amp;apos; located by &amp;apos;By.xpath: //h1[(text() = &amp;apos;How Sweet It Is&amp;apos; or . = &amp;apos;How Sweet It Is&amp;apos;)]&amp;apos; in &amp;apos;30&amp;apos; second(s)</message>
  <nestedLevel>1</nestedLevel>
</record>
<record>
  <date>2018-06-19T21:22:31</date>
  <millis>1529423551022</millis>
  <sequence>94</sequence>
  <level>PASSED</level>
  <class>com.kms.katalon.core.logging.KeywordLogger</class>
  <method>logMessage</method>
  <thread>1</thread>
  <message>Object &amp;apos;Object Repository/spy_Made_for_Summer/h1_How Sweet It Is&amp;apos; is present</message>
  <nestedLevel>1</nestedLevel>
</record>
<record>
  <date>2018-06-19T21:22:31</date>
  <millis>1529423551023</millis>
  <sequence>95</sequence>
  <level>END</level>
  <class>com.kms.katalon.core.logging.KeywordLogger</class>
  <method>endKeyword</method>
  <thread>1</thread>
  <message>End action : verifyElementPresent</message>
  <nestedLevel>1</nestedLevel>
</record>
<record>
  <date>2018-06-19T21:22:31</date>
  <millis>1529423551023</millis>
  <sequence>96</sequence>
  <level>START</level>
  <class>com.kms.katalon.core.logging.KeywordLogger</class>
  <method>startKeyword</method>
  <thread>1</thread>
  <message>Start action : verifyElementPresent</message>
  <nestedLevel>1</nestedLevel>
  <property name="startLine">38</property>
  <property name="stepIndex">11</property>
</record>
<record>
  <date>2018-06-19T21:22:31</date>
  <millis>1529423551024</millis>
  <sequence>97</sequence>
  <level>INFO</level>
  <class>com.kms.katalon.core.logging.KeywordLogger</class>
  <method>logMessage</method>
  <thread>1</thread>
  <message>Finding Test Object with id &amp;apos;Object Repository/spy_Made_for_Summer/div_Skittles All American Cand&amp;apos;</message>
  <nestedLevel>1</nestedLevel>
</record>
<record>
  <date>2018-06-19T21:22:31</date>
  <millis>1529423551032</millis>
  <sequence>98</sequence>
  <level>INFO</level>
  <class>com.kms.katalon.core.logging.KeywordLogger</class>
  <method>logMessage</method>
  <thread>1</thread>
  <message>Checking object</message>
  <nestedLevel>1</nestedLevel>
</record>
<record>
  <date>2018-06-19T21:22:31</date>
  <millis>1529423551032</millis>
  <sequence>99</sequence>
  <level>INFO</level>
  <class>com.kms.katalon.core.logging.KeywordLogger</class>
  <method>logMessage</method>
  <thread>1</thread>
  <message>Checking timeout</message>
  <nestedLevel>1</nestedLevel>
</record>
<record>
  <date>2018-06-19T21:22:31</date>
  <millis>1529423551033</millis>
  <sequence>100</sequence>
  <level>WARNING</level>
  <class>com.kms.katalon.core.logging.KeywordLogger</class>
  <method>logMessage</method>
  <thread>1</thread>
  <message>Timeout &amp;apos;0&amp;apos; is invalid. Using default page load timeout: &amp;apos;30&amp;apos;</message>
  <nestedLevel>1</nestedLevel>
</record>
<record>
  <date>2018-06-19T21:22:31</date>
  <millis>1529423551034</millis>
  <sequence>101</sequence>
  <level>INFO</level>
  <class>com.kms.katalon.core.logging.KeywordLogger</class>
  <method>logMessage</method>
  <thread>1</thread>
  <message>Finding web element with id: &amp;apos;Object Repository/spy_Made_for_Summer/div_Skittles All American Cand&amp;apos; located by &amp;apos;By.xpath: //div[(text() = concat(&amp;apos;\n\t\n\t\t\n\t\t\n\t\n\t\n\t\t\n\n\t\t\n\t\t\tSkittles, All American Candy Bowl...\n\n\t\t\t\n\t\t\t\t\u00A0\n\t\t\t\t\u00A0\n\t\t\t\n\n\t\t\n\n\t\t\n\t\t\t\n\t\t\t\t\n\t\t\t\t\t\n\t\t\t\t\t\t$19.95\n\t\t\t\t\t\n\t\t\t\t\n\t\t\t\n\t\t\n\t\tAdd to cart \n\t\t\n\t\t\t2 day shipping\n\t\t\n\t\n\n\n\t\n\t\t\n\t\t\n\t\n\t\n\t\t\n\n\t\t\n\t\t\tM&amp;amp;M&amp;apos; , \&amp;quot;&amp;apos;\&amp;quot; , &amp;apos;S Red, White &amp;amp; Blue Milk Chocolate...\n\n\t\t\t\n\t\t\t\t\u00A0\n\t\t\t\t\u00A0\n\t\t\t\n\n\t\t\n\n\t\t\n\t\t\t\n\t\t\t\t\n\t\t\t\t\t\n\t\t\t\t\t\t$8.98\n\t\t\t\t\t\n\t\t\t\t\t\t\n\t\t\t\t\t\t\t $10.75\n\t\t\t\t\t\t\n\t\t\t\t\t\t\n\t\t\t\t\n\t\t\t\n\t\t\n\t\tAdd to cart \n\t\n\n\n\t\n\t\t\n\t\t\n\t\n\t\n\t\t\n\n\t\t\n\t\t\tM&amp;amp;M&amp;apos; , \&amp;quot;&amp;apos;\&amp;quot; , &amp;apos;S Red, White &amp;amp; Blue Peanut Chocolate...\n\n\t\t\t\n\t\t\t\t\n\t\t\t\t\t\n\t\t\t\t\t\n\t\t\t\t\t\n\t\t\t\t\t3.5 stars\n\t\t\t\t\n\t\t\t\t\n\t\t\t\t\t4\n\t\t\t\t\t\tratings\n\t\t\t\t\t\n\t\t\t\t\n\t\t\t\n\n\t\t\n\n\t\t\n\t\t\t\n\t\t\t\t\n\t\t\t\t\t\n\t\t\t\t\t\t$8.98\n\t\t\t\t\t\n\t\t\t\t\t\t\n\t\t\t\t\t\t\t $9.72\n\t\t\t\t\t\t\n\t\t\t\t\t\t\n\t\t\t\t\n\t\t\t\n\t\t\n\t\tAdd to cart \n\t\n\n\n\t\n\t\t\n\t\t\n\t\n\t\n\t\t\n\n\t\t\n\t\t\tSkittles, America Mix Skittles Candy,...\n\n\t\t\t\n\t\t\t\t\n\t\t\t\t\t\n\t\t\t\t\t\n\t\t\t\t\t\n\t\t\t\t\t4.0 stars\n\t\t\t\t\n\t\t\t\t\n\t\t\t\t\t23\n\t\t\t\t\t\tratings\n\t\t\t\t\t\n\t\t\t\t\n\t\t\t\n\n\t\t\n\n\t\t\n\t\t\t\n\t\t\t\t\n\t\t\t\t\t\n\t\t\t\t\t\t$6.58\n\t\t\t\t\t\n\t\t\t\t\n\t\t\t\n\t\t\n\t\tAdd to cart \n\t\n\n\n\t\n\t\t\n\t\t\n\t\n\t\n\t\t\n\n\t\t\n\t\t\tSNICKERS, Minis Size Chocolate Bars...\n\n\t\t\t\n\t\t\t\t\u00A0\n\t\t\t\t\u00A0\n\t\t\t\n\n\t\t\n\n\t\t\n\t\t\t\n\t\t\t\t\n\t\t\t\t\t\n\t\t\t\t\t\t$2.98\n\t\t\t\t\t\n\t\t\t\t\n\t\t\t\n\t\t\n\t\tLearn more \n\t\n\n\n\t\n\t\t\n\t\t\n\t\n\t\n\t\t\n\n\t\t\n\t\t\tM&amp;amp;M&amp;apos; , \&amp;quot;&amp;apos;\&amp;quot; , &amp;apos;S Peanut Chocolate Candy Party Size...\n\n\t\t\t\n\t\t\t\t\n\t\t\t\t\t\n\t\t\t\t\t\n\t\t\t\t\t\n\t\t\t\t\t4.5 stars\n\t\t\t\t\n\t\t\t\t\n\t\t\t\t\t230\n\t\t\t\t\t\tratings\n\t\t\t\t\t\n\t\t\t\t\n\t\t\t\n\n\t\t\n\n\t\t\n\t\t\t\n\t\t\t\t\n\t\t\t\t\t\n\t\t\t\t\t\t$8.98\n\t\t\t\t\t\n\t\t\t\t\t\t\n\t\t\t\t\t\t\t $9.72\n\t\t\t\t\t\t\n\t\t\t\t\t\t\n\t\t\t\t\n\t\t\t\n\t\t\n\t\tAdd to cart \n\t\n\n\n\t\n\t\t\n\t\t\n\t\n\t\n\t\t\n\n\t\t\n\t\t\tM&amp;amp;M&amp;apos; , \&amp;quot;&amp;apos;\&amp;quot; , &amp;apos;S Caramel Chocolate Candy Party Size...\n\n\t\t\t\n\t\t\t\t\n\t\t\t\t\t\n\t\t\t\t\t\n\t\t\t\t\t\n\t\t\t\t\t4.0 stars\n\t\t\t\t\n\t\t\t\t\n\t\t\t\t\t3\n\t\t\t\t\t\tratings\n\t\t\t\t\t\n\t\t\t\t\n\t\t\t\n\n\t\t\n\n\t\t\n\t\t\t\n\t\t\t\t\n\t\t\t\t\t\n\t\t\t\t\t\t$8.98\n\t\t\t\t\t\n\t\t\t\t\t\t\n\t\t\t\t\t\t\t $9.72\n\t\t\t\t\t\t\n\t\t\t\t\t\t\n\t\t\t\t\n\t\t\t\n\t\t\n\t\tLearn more \n\t\n\n\n\t\n\t\t\n\t\t\n\t\n\t\n\t\t\n\n\t\t\n\t\t\tM&amp;amp;M&amp;apos; , \&amp;quot;&amp;apos;\&amp;quot; , &amp;apos;S Milk Chocolate Candy Party Size...\n\n\t\t\t\n\t\t\t\t\n\t\t\t\t\t\n\t\t\t\t\t\n\t\t\t\t\t\n\t\t\t\t\t4.5 stars\n\t\t\t\t\n\t\t\t\t\n\t\t\t\t\t143\n\t\t\t\t\t\tratings\n\t\t\t\t\t\n\t\t\t\t\n\t\t\t\n\n\t\t\n\n\t\t\n\t\t\t\n\t\t\t\t\n\t\t\t\t\t\n\t\t\t\t\t\t$8.98\n\t\t\t\t\t\n\t\t\t\t\t\t\n\t\t\t\t\t\t\t $9.72\n\t\t\t\t\t\t\n\t\t\t\t\t\t\n\t\t\t\t\n\t\t\t\n\t\t\n\t\tLearn more \n\t\n\n\n\t\n\t\t\n\t\t\n\t\n\t\n\t\t\n\n\t\t\n\t\t\tStarburst, Original Fruit Chews Candy,...\n\n\t\t\t\n\t\t\t\t\n\t\t\t\t\t\n\t\t\t\t\t\n\t\t\t\t\t\n\t\t\t\t\t4.5 stars\n\t\t\t\t\n\t\t\t\t\n\t\t\t\t\t38\n\t\t\t\t\t\tratings\n\t\t\t\t\t\n\t\t\t\t\n\t\t\t\n\n\t\t\n\n\t\t\n\t\t\t\n\t\t\t\t\n\t\t\t\t\t\n\t\t\t\t\t\t$5.98\n\t\t\t\t\t\n\t\t\t\t\t\t\n\t\t\t\t\t\t\t $12.38\n\t\t\t\t\t\t\n\t\t\t\t\t\t\n\t\t\t\t\n\t\t\t\n\t\t\n\t\tAdd to cart \n\t\t\n\t\t\t2 day shipping\n\t\t\n\t\n\n\n\t\n\t\t\n\t\t\n\t\n\t\n\t\t\n\n\t\t\n\t\t\tSkittles and Starburst, Fun Size...\n\n\t\t\t\n\t\t\t\t\n\t\t\t\t\t\n\t\t\t\t\t\n\t\t\t\t\t\n\t\t\t\t\t4.5 stars\n\t\t\t\t\n\t\t\t\t\n\t\t\t\t\t12\n\t\t\t\t\t\tratings\n\t\t\t\t\t\n\t\t\t\t\n\t\t\t\n\n\t\t\n\n\t\t\n\t\t\t\n\t\t\t\t\n\t\t\t\t\t\n\t\t\t\t\t\t$8.38\n\t\t\t\t\t\n\t\t\t\t\n\t\t\t\n\t\t\n\t\tAdd to cart \n\t\t\n\t\t\t2 day shipping\n\t\t\n\t\n\n\n\t\n\t\t\n\t\t\n\t\n\t\n\t\t\n\n\t\t\n\t\t\tStarburst Skittles Lifesavers, Variety...\n\n\t\t\t\n\t\t\t\t\n\t\t\t\t\t\n\t\t\t\t\t\n\t\t\t\t\t\n\t\t\t\t\t4.0 stars\n\t\t\t\t\n\t\t\t\t\n\t\t\t\t\t30\n\t\t\t\t\t\tratings\n\t\t\t\t\t\n\t\t\t\t\n\t\t\t\n\n\t\t\n\n\t\t\n\t\t\t\n\t\t\t\t\n\t\t\t\t\t\n\t\t\t\t\t\t$5.98\n\t\t\t\t\t\n\t\t\t\t\n\t\t\t\n\t\t\n\t\tAdd to cart \n\t\t\n\t\t\t2 day shipping\n\t\t\n\t\n\n\n\t\n\t\t\n\t\t\n\t\n\t\n\t\t\n\n\t\t\n\t\t\tSkittles &amp;amp; Starburst Candy Variety...\n\n\t\t\t\n\t\t\t\t\n\t\t\t\t\t\n\t\t\t\t\t\n\t\t\t\t\t\n\t\t\t\t\t5.0 stars\n\t\t\t\t\n\t\t\t\t\n\t\t\t\t\t6\n\t\t\t\t\t\tratings\n\t\t\t\t\t\n\t\t\t\t\n\t\t\t\n\n\t\t\n\n\t\t\n\t\t\t\n\t\t\t\t\n\t\t\t\t\t\n\t\t\t\t\t\t$11.98\n\t\t\t\t\t\n\t\t\t\t\n\t\t\t\n\t\t\n\t\tAdd to cart \n\t\t\n\t\t\t2 day shipping\n\t\t\n\t\n\n\n\t\n\t\t\n\t\t\n\t\n\t\n\t\t\n\n\t\t\n\t\t\tLife Savers, 5 Flavors Hard Candy, 41 Oz\n\n\t\t\t\n\t\t\t\t\n\t\t\t\t\t\n\t\t\t\t\t\n\t\t\t\t\t\n\t\t\t\t\t4.5 stars\n\t\t\t\t\n\t\t\t\t\n\t\t\t\t\t71\n\t\t\t\t\t\tratings\n\t\t\t\t\t\n\t\t\t\t\n\t\t\t\n\n\t\t\n\n\t\t\n\t\t\t\n\t\t\t\t\n\t\t\t\t\t\n\t\t\t\t\t\t$5.98\n\t\t\t\t\t\n\t\t\t\t\t\t\n\t\t\t\t\t\t\t $6.98\n\t\t\t\t\t\t\n\t\t\t\t\t\t\n\t\t\t\t\n\t\t\t\n\t\t\n\t\tAdd to cart \n\t\t\n\t\t\t2 day shipping\n\t\t\n\t\n\n\n\t\n\t\t\n\t\t\n\t\n\t\n\t\t\n\n\t\t\n\t\t\tLife Savers Wint O Green Mints Candy...\n\n\t\t\t\n\t\t\t\t\n\t\t\t\t\t\n\t\t\t\t\t\n\t\t\t\t\t\n\t\t\t\t\t5.0 stars\n\t\t\t\t\n\t\t\t\t\n\t\t\t\t\t109\n\t\t\t\t\t\tratings\n\t\t\t\t\t\n\t\t\t\t\n\t\t\t\n\n\t\t\n\n\t\t\n\t\t\t\n\t\t\t\t\n\t\t\t\t\t\n\t\t\t\t\t\t$6.98\n\t\t\t\t\t\n\t\t\t\t\n\t\t\t\n\t\t\n\t\tAdd to cart \n\t\t\n\t\t\t2 day shipping\n\t\t\n\t\n\n\n\t\n\t\t\n\t\t\n\t\n\t\n\t\t\n\n\t\t\n\t\t\tEclipse Spearmint Sugarfree Chewing...\n\n\t\t\t\n\t\t\t\t\n\t\t\t\t\t\n\t\t\t\t\t\n\t\t\t\t\t\n\t\t\t\t\t4.5 stars\n\t\t\t\t\n\t\t\t\t\n\t\t\t\t\t30\n\t\t\t\t\t\tratings\n\t\t\t\t\t\n\t\t\t\t\n\t\t\t\n\n\t\t\n\n\t\t\n\t\t\t\n\t\t\t\t\n\t\t\t\t\t\n\t\t\t\t\t\t$5.98\n\t\t\t\t\t\n\t\t\t\t\n\t\t\t\n\t\t\n\t\tAdd to cart \n\t\t\n\t\t\t2 day shipping\n\t\t\n\t\n\n\n\t\n\t\t\n\t\t\n\t\n\t\n\t\t\n\n\t\t\n\t\t\tOrbit White Bubblemint Sugarfree Gum,...\n\n\t\t\t\n\t\t\t\t\n\t\t\t\t\t\n\t\t\t\t\t\n\t\t\t\t\t\n\t\t\t\t\t4.5 stars\n\t\t\t\t\n\t\t\t\t\n\t\t\t\t\t40\n\t\t\t\t\t\tratings\n\t\t\t\t\t\n\t\t\t\t\n\t\t\t\n\n\t\t\n\n\t\t\n\t\t\t\n\t\t\t\t\n\t\t\t\t\t\n\t\t\t\t\t\t$5.98\n\t\t\t\t\t\n\t\t\t\t\n\t\t\t\n\t\t\n\t\tAdd to cart \n\t\t\n\t\t\t2 day shipping\n\t\t\n\t\n\n&amp;apos;) or . = concat(&amp;apos;\n\t\n\t\t\n\t\t\n\t\n\t\n\t\t\n\n\t\t\n\t\t\tSkittles, All American Candy Bowl...\n\n\t\t\t\n\t\t\t\t\u00A0\n\t\t\t\t\u00A0\n\t\t\t\n\n\t\t\n\n\t\t\n\t\t\t\n\t\t\t\t\n\t\t\t\t\t\n\t\t\t\t\t\t$19.95\n\t\t\t\t\t\n\t\t\t\t\n\t\t\t\n\t\t\n\t\tAdd to cart \n\t\t\n\t\t\t2 day shipping\n\t\t\n\t\n\n\n\t\n\t\t\n\t\t\n\t\n\t\n\t\t\n\n\t\t\n\t\t\tM&amp;amp;M&amp;apos; , \&amp;quot;&amp;apos;\&amp;quot; , &amp;apos;S Red, White &amp;amp; Blue Milk Chocolate...\n\n\t\t\t\n\t\t\t\t\u00A0\n\t\t\t\t\u00A0\n\t\t\t\n\n\t\t\n\n\t\t\n\t\t\t\n\t\t\t\t\n\t\t\t\t\t\n\t\t\t\t\t\t$8.98\n\t\t\t\t\t\n\t\t\t\t\t\t\n\t\t\t\t\t\t\t $10.75\n\t\t\t\t\t\t\n\t\t\t\t\t\t\n\t\t\t\t\n\t\t\t\n\t\t\n\t\tAdd to cart \n\t\n\n\n\t\n\t\t\n\t\t\n\t\n\t\n\t\t\n\n\t\t\n\t\t\tM&amp;amp;M&amp;apos; , \&amp;quot;&amp;apos;\&amp;quot; , &amp;apos;S Red, White &amp;amp; Blue Peanut Chocolate...\n\n\t\t\t\n\t\t\t\t\n\t\t\t\t\t\n\t\t\t\t\t\n\t\t\t\t\t\n\t\t\t\t\t3.5 stars\n\t\t\t\t\n\t\t\t\t\n\t\t\t\t\t4\n\t\t\t\t\t\tratings\n\t\t\t\t\t\n\t\t\t\t\n\t\t\t\n\n\t\t\n\n\t\t\n\t\t\t\n\t\t\t\t\n\t\t\t\t\t\n\t\t\t\t\t\t$8.98\n\t\t\t\t\t\n\t\t\t\t\t\t\n\t\t\t\t\t\t\t $9.72\n\t\t\t\t\t\t\n\t\t\t\t\t\t\n\t\t\t\t\n\t\t\t\n\t\t\n\t\tAdd to cart \n\t\n\n\n\t\n\t\t\n\t\t\n\t\n\t\n\t\t\n\n\t\t\n\t\t\tSkittles, America Mix Skittles Candy,...\n\n\t\t\t\n\t\t\t\t\n\t\t\t\t\t\n\t\t\t\t\t\n\t\t\t\t\t\n\t\t\t\t\t4.0 stars\n\t\t\t\t\n\t\t\t\t\n\t\t\t\t\t23\n\t\t\t\t\t\tratings\n\t\t\t\t\t\n\t\t\t\t\n\t\t\t\n\n\t\t\n\n\t\t\n\t\t\t\n\t\t\t\t\n\t\t\t\t\t\n\t\t\t\t\t\t$6.58\n\t\t\t\t\t\n\t\t\t\t\n\t\t\t\n\t\t\n\t\tAdd to cart \n\t\n\n\n\t\n\t\t\n\t\t\n\t\n\t\n\t\t\n\n\t\t\n\t\t\tSNICKERS, Minis Size Chocolate Bars...\n\n\t\t\t\n\t\t\t\t\u00A0\n\t\t\t\t\u00A0\n\t\t\t\n\n\t\t\n\n\t\t\n\t\t\t\n\t\t\t\t\n\t\t\t\t\t\n\t\t\t\t\t\t$2.98\n\t\t\t\t\t\n\t\t\t\t\n\t\t\t\n\t\t\n\t\tLearn more \n\t\n\n\n\t\n\t\t\n\t\t\n\t\n\t\n\t\t\n\n\t\t\n\t\t\tM&amp;amp;M&amp;apos; , \&amp;quot;&amp;apos;\&amp;quot; , &amp;apos;S Peanut Chocolate Candy Party Size...\n\n\t\t\t\n\t\t\t\t\n\t\t\t\t\t\n\t\t\t\t\t\n\t\t\t\t\t\n\t\t\t\t\t4.5 stars\n\t\t\t\t\n\t\t\t\t\n\t\t\t\t\t230\n\t\t\t\t\t\tratings\n\t\t\t\t\t\n\t\t\t\t\n\t\t\t\n\n\t\t\n\n\t\t\n\t\t\t\n\t\t\t\t\n\t\t\t\t\t\n\t\t\t\t\t\t$8.98\n\t\t\t\t\t\n\t\t\t\t\t\t\n\t\t\t\t\t\t\t $9.72\n\t\t\t\t\t\t\n\t\t\t\t\t\t\n\t\t\t\t\n\t\t\t\n\t\t\n\t\tAdd to cart \n\t\n\n\n\t\n\t\t\n\t\t\n\t\n\t\n\t\t\n\n\t\t\n\t\t\tM&amp;amp;M&amp;apos; , \&amp;quot;&amp;apos;\&amp;quot; , &amp;apos;S Caramel Chocolate Candy Party Size...\n\n\t\t\t\n\t\t\t\t\n\t\t\t\t\t\n\t\t\t\t\t\n\t\t\t\t\t\n\t\t\t\t\t4.0 stars\n\t\t\t\t\n\t\t\t\t\n\t\t\t\t\t3\n\t\t\t\t\t\tratings\n\t\t\t\t\t\n\t\t\t\t\n\t\t\t\n\n\t\t\n\n\t\t\n\t\t\t\n\t\t\t\t\n\t\t\t\t\t\n\t\t\t\t\t\t$8.98\n\t\t\t\t\t\n\t\t\t\t\t\t\n\t\t\t\t\t\t\t $9.72\n\t\t\t\t\t\t\n\t\t\t\t\t\t\n\t\t\t\t\n\t\t\t\n\t\t\n\t\tLearn more \n\t\n\n\n\t\n\t\t\n\t\t\n\t\n\t\n\t\t\n\n\t\t\n\t\t\tM&amp;amp;M&amp;apos; , \&amp;quot;&amp;apos;\&amp;quot; , &amp;apos;S Milk Chocolate Candy Party Size...\n\n\t\t\t\n\t\t\t\t\n\t\t\t\t\t\n\t\t\t\t\t\n\t\t\t\t\t\n\t\t\t\t\t4.5 stars\n\t\t\t\t\n\t\t\t\t\n\t\t\t\t\t143\n\t\t\t\t\t\tratings\n\t\t\t\t\t\n\t\t\t\t\n\t\t\t\n\n\t\t\n\n\t\t\n\t\t\t\n\t\t\t\t\n\t\t\t\t\t\n\t\t\t\t\t\t$8.98\n\t\t\t\t\t\n\t\t\t\t\t\t\n\t\t\t\t\t\t\t $9.72\n\t\t\t\t\t\t\n\t\t\t\t\t\t\n\t\t\t\t\n\t\t\t\n\t\t\n\t\tLearn more \n\t\n\n\n\t\n\t\t\n\t\t\n\t\n\t\n\t\t\n\n\t\t\n\t\t\tStarburst, Original Fruit Chews Candy,...\n\n\t\t\t\n\t\t\t\t\n\t\t\t\t\t\n\t\t\t\t\t\n\t\t\t\t\t\n\t\t\t\t\t4.5 stars\n\t\t\t\t\n\t\t\t\t\n\t\t\t\t\t38\n\t\t\t\t\t\tratings\n\t\t\t\t\t\n\t\t\t\t\n\t\t\t\n\n\t\t\n\n\t\t\n\t\t\t\n\t\t\t\t\n\t\t\t\t\t\n\t\t\t\t\t\t$5.98\n\t\t\t\t\t\n\t\t\t\t\t\t\n\t\t\t\t\t\t\t $12.38\n\t\t\t\t\t\t\n\t\t\t\t\t\t\n\t\t\t\t\n\t\t\t\n\t\t\n\t\tAdd to cart \n\t\t\n\t\t\t2 day shipping\n\t\t\n\t\n\n\n\t\n\t\t\n\t\t\n\t\n\t\n\t\t\n\n\t\t\n\t\t\tSkittles and Starburst, Fun Size...\n\n\t\t\t\n\t\t\t\t\n\t\t\t\t\t\n\t\t\t\t\t\n\t\t\t\t\t\n\t\t\t\t\t4.5 stars\n\t\t\t\t\n\t\t\t\t\n\t\t\t\t\t12\n\t\t\t\t\t\tratings\n\t\t\t\t\t\n\t\t\t\t\n\t\t\t\n\n\t\t\n\n\t\t\n\t\t\t\n\t\t\t\t\n\t\t\t\t\t\n\t\t\t\t\t\t$8.38\n\t\t\t\t\t\n\t\t\t\t\n\t\t\t\n\t\t\n\t\tAdd to cart \n\t\t\n\t\t\t2 day shipping\n\t\t\n\t\n\n\n\t\n\t\t\n\t\t\n\t\n\t\n\t\t\n\n\t\t\n\t\t\tStarburst Skittles Lifesavers, Variety...\n\n\t\t\t\n\t\t\t\t\n\t\t\t\t\t\n\t\t\t\t\t\n\t\t\t\t\t\n\t\t\t\t\t4.0 stars\n\t\t\t\t\n\t\t\t\t\n\t\t\t\t\t30\n\t\t\t\t\t\tratings\n\t\t\t\t\t\n\t\t\t\t\n\t\t\t\n\n\t\t\n\n\t\t\n\t\t\t\n\t\t\t\t\n\t\t\t\t\t\n\t\t\t\t\t\t$5.98\n\t\t\t\t\t\n\t\t\t\t\n\t\t\t\n\t\t\n\t\tAdd to cart \n\t\t\n\t\t\t2 day shipping\n\t\t\n\t\n\n\n\t\n\t\t\n\t\t\n\t\n\t\n\t\t\n\n\t\t\n\t\t\tSkittles &amp;amp; Starburst Candy Variety...\n\n\t\t\t\n\t\t\t\t\n\t\t\t\t\t\n\t\t\t\t\t\n\t\t\t\t\t\n\t\t\t\t\t5.0 stars\n\t\t\t\t\n\t\t\t\t\n\t\t\t\t\t6\n\t\t\t\t\t\tratings\n\t\t\t\t\t\n\t\t\t\t\n\t\t\t\n\n\t\t\n\n\t\t\n\t\t\t\n\t\t\t\t\n\t\t\t\t\t\n\t\t\t\t\t\t$11.98\n\t\t\t\t\t\n\t\t\t\t\n\t\t\t\n\t\t\n\t\tAdd to cart \n\t\t\n\t\t\t2 day shipping\n\t\t\n\t\n\n\n\t\n\t\t\n\t\t\n\t\n\t\n\t\t\n\n\t\t\n\t\t\tLife Savers, 5 Flavors Hard Candy, 41 Oz\n\n\t\t\t\n\t\t\t\t\n\t\t\t\t\t\n\t\t\t\t\t\n\t\t\t\t\t\n\t\t\t\t\t4.5 stars\n\t\t\t\t\n\t\t\t\t\n\t\t\t\t\t71\n\t\t\t\t\t\tratings\n\t\t\t\t\t\n\t\t\t\t\n\t\t\t\n\n\t\t\n\n\t\t\n\t\t\t\n\t\t\t\t\n\t\t\t\t\t\n\t\t\t\t\t\t$5.98\n\t\t\t\t\t\n\t\t\t\t\t\t\n\t\t\t\t\t\t\t $6.98\n\t\t\t\t\t\t\n\t\t\t\t\t\t\n\t\t\t\t\n\t\t\t\n\t\t\n\t\tAdd to cart \n\t\t\n\t\t\t2 day shipping\n\t\t\n\t\n\n\n\t\n\t\t\n\t\t\n\t\n\t\n\t\t\n\n\t\t\n\t\t\tLife Savers Wint O Green Mints Candy...\n\n\t\t\t\n\t\t\t\t\n\t\t\t\t\t\n\t\t\t\t\t\n\t\t\t\t\t\n\t\t\t\t\t5.0 stars\n\t\t\t\t\n\t\t\t\t\n\t\t\t\t\t109\n\t\t\t\t\t\tratings\n\t\t\t\t\t\n\t\t\t\t\n\t\t\t\n\n\t\t\n\n\t\t\n\t\t\t\n\t\t\t\t\n\t\t\t\t\t\n\t\t\t\t\t\t$6.98\n\t\t\t\t\t\n\t\t\t\t\n\t\t\t\n\t\t\n\t\tAdd to cart \n\t\t\n\t\t\t2 day shipping\n\t\t\n\t\n\n\n\t\n\t\t\n\t\t\n\t\n\t\n\t\t\n\n\t\t\n\t\t\tEclipse Spearmint Sugarfree Chewing...\n\n\t\t\t\n\t\t\t\t\n\t\t\t\t\t\n\t\t\t\t\t\n\t\t\t\t\t\n\t\t\t\t\t4.5 stars\n\t\t\t\t\n\t\t\t\t\n\t\t\t\t\t30\n\t\t\t\t\t\tratings\n\t\t\t\t\t\n\t\t\t\t\n\t\t\t\n\n\t\t\n\n\t\t\n\t\t\t\n\t\t\t\t\n\t\t\t\t\t\n\t\t\t\t\t\t$5.98\n\t\t\t\t\t\n\t\t\t\t\n\t\t\t\n\t\t\n\t\tAdd to cart \n\t\t\n\t\t\t2 day shipping\n\t\t\n\t\n\n\n\t\n\t\t\n\t\t\n\t\n\t\n\t\t\n\n\t\t\n\t\t\tOrbit White Bubblemint Sugarfree Gum,...\n\n\t\t\t\n\t\t\t\t\n\t\t\t\t\t\n\t\t\t\t\t\n\t\t\t\t\t\n\t\t\t\t\t4.5 stars\n\t\t\t\t\n\t\t\t\t\n\t\t\t\t\t40\n\t\t\t\t\t\tratings\n\t\t\t\t\t\n\t\t\t\t\n\t\t\t\n\n\t\t\n\n\t\t\n\t\t\t\n\t\t\t\t\n\t\t\t\t\t\n\t\t\t\t\t\t$5.98\n\t\t\t\t\t\n\t\t\t\t\n\t\t\t\n\t\t\n\t\tAdd to cart \n\t\t\n\t\t\t2 day shipping\n\t\t\n\t\n\n&amp;apos;))]&amp;apos; in &amp;apos;30&amp;apos; second(s)</message>
  <nestedLevel>1</nestedLevel>
</record>
<record>
  <date>2018-06-19T21:22:31</date>
  <millis>1529423551088</millis>
  <sequence>102</sequence>
  <level>INFO</level>
  <class>com.kms.katalon.core.logging.KeywordLogger</class>
  <method>logMessage</method>
  <thread>1</thread>
  <message>Found 2 web elements with id: &amp;apos;Object Repository/spy_Made_for_Summer/div_Skittles All American Cand&amp;apos; located by &amp;apos;By.xpath: //div[(text() = concat(&amp;apos;\n\t\n\t\t\n\t\t\n\t\n\t\n\t\t\n\n\t\t\n\t\t\tSkittles, All American Candy Bowl...\n\n\t\t\t\n\t\t\t\t\u00A0\n\t\t\t\t\u00A0\n\t\t\t\n\n\t\t\n\n\t\t\n\t\t\t\n\t\t\t\t\n\t\t\t\t\t\n\t\t\t\t\t\t$19.95\n\t\t\t\t\t\n\t\t\t\t\n\t\t\t\n\t\t\n\t\tAdd to cart \n\t\t\n\t\t\t2 day shipping\n\t\t\n\t\n\n\n\t\n\t\t\n\t\t\n\t\n\t\n\t\t\n\n\t\t\n\t\t\tM&amp;amp;M&amp;apos; , \&amp;quot;&amp;apos;\&amp;quot; , &amp;apos;S Red, White &amp;amp; Blue Milk Chocolate...\n\n\t\t\t\n\t\t\t\t\u00A0\n\t\t\t\t\u00A0\n\t\t\t\n\n\t\t\n\n\t\t\n\t\t\t\n\t\t\t\t\n\t\t\t\t\t\n\t\t\t\t\t\t$8.98\n\t\t\t\t\t\n\t\t\t\t\t\t\n\t\t\t\t\t\t\t $10.75\n\t\t\t\t\t\t\n\t\t\t\t\t\t\n\t\t\t\t\n\t\t\t\n\t\t\n\t\tAdd to cart \n\t\n\n\n\t\n\t\t\n\t\t\n\t\n\t\n\t\t\n\n\t\t\n\t\t\tM&amp;amp;M&amp;apos; , \&amp;quot;&amp;apos;\&amp;quot; , &amp;apos;S Red, White &amp;amp; Blue Peanut Chocolate...\n\n\t\t\t\n\t\t\t\t\n\t\t\t\t\t\n\t\t\t\t\t\n\t\t\t\t\t\n\t\t\t\t\t3.5 stars\n\t\t\t\t\n\t\t\t\t\n\t\t\t\t\t4\n\t\t\t\t\t\tratings\n\t\t\t\t\t\n\t\t\t\t\n\t\t\t\n\n\t\t\n\n\t\t\n\t\t\t\n\t\t\t\t\n\t\t\t\t\t\n\t\t\t\t\t\t$8.98\n\t\t\t\t\t\n\t\t\t\t\t\t\n\t\t\t\t\t\t\t $9.72\n\t\t\t\t\t\t\n\t\t\t\t\t\t\n\t\t\t\t\n\t\t\t\n\t\t\n\t\tAdd to cart \n\t\n\n\n\t\n\t\t\n\t\t\n\t\n\t\n\t\t\n\n\t\t\n\t\t\tSkittles, America Mix Skittles Candy,...\n\n\t\t\t\n\t\t\t\t\n\t\t\t\t\t\n\t\t\t\t\t\n\t\t\t\t\t\n\t\t\t\t\t4.0 stars\n\t\t\t\t\n\t\t\t\t\n\t\t\t\t\t23\n\t\t\t\t\t\tratings\n\t\t\t\t\t\n\t\t\t\t\n\t\t\t\n\n\t\t\n\n\t\t\n\t\t\t\n\t\t\t\t\n\t\t\t\t\t\n\t\t\t\t\t\t$6.58\n\t\t\t\t\t\n\t\t\t\t\n\t\t\t\n\t\t\n\t\tAdd to cart \n\t\n\n\n\t\n\t\t\n\t\t\n\t\n\t\n\t\t\n\n\t\t\n\t\t\tSNICKERS, Minis Size Chocolate Bars...\n\n\t\t\t\n\t\t\t\t\u00A0\n\t\t\t\t\u00A0\n\t\t\t\n\n\t\t\n\n\t\t\n\t\t\t\n\t\t\t\t\n\t\t\t\t\t\n\t\t\t\t\t\t$2.98\n\t\t\t\t\t\n\t\t\t\t\n\t\t\t\n\t\t\n\t\tLearn more \n\t\n\n\n\t\n\t\t\n\t\t\n\t\n\t\n\t\t\n\n\t\t\n\t\t\tM&amp;amp;M&amp;apos; , \&amp;quot;&amp;apos;\&amp;quot; , &amp;apos;S Peanut Chocolate Candy Party Size...\n\n\t\t\t\n\t\t\t\t\n\t\t\t\t\t\n\t\t\t\t\t\n\t\t\t\t\t\n\t\t\t\t\t4.5 stars\n\t\t\t\t\n\t\t\t\t\n\t\t\t\t\t230\n\t\t\t\t\t\tratings\n\t\t\t\t\t\n\t\t\t\t\n\t\t\t\n\n\t\t\n\n\t\t\n\t\t\t\n\t\t\t\t\n\t\t\t\t\t\n\t\t\t\t\t\t$8.98\n\t\t\t\t\t\n\t\t\t\t\t\t\n\t\t\t\t\t\t\t $9.72\n\t\t\t\t\t\t\n\t\t\t\t\t\t\n\t\t\t\t\n\t\t\t\n\t\t\n\t\tAdd to cart \n\t\n\n\n\t\n\t\t\n\t\t\n\t\n\t\n\t\t\n\n\t\t\n\t\t\tM&amp;amp;M&amp;apos; , \&amp;quot;&amp;apos;\&amp;quot; , &amp;apos;S Caramel Chocolate Candy Party Size...\n\n\t\t\t\n\t\t\t\t\n\t\t\t\t\t\n\t\t\t\t\t\n\t\t\t\t\t\n\t\t\t\t\t4.0 stars\n\t\t\t\t\n\t\t\t\t\n\t\t\t\t\t3\n\t\t\t\t\t\tratings\n\t\t\t\t\t\n\t\t\t\t\n\t\t\t\n\n\t\t\n\n\t\t\n\t\t\t\n\t\t\t\t\n\t\t\t\t\t\n\t\t\t\t\t\t$8.98\n\t\t\t\t\t\n\t\t\t\t\t\t\n\t\t\t\t\t\t\t $9.72\n\t\t\t\t\t\t\n\t\t\t\t\t\t\n\t\t\t\t\n\t\t\t\n\t\t\n\t\tLearn more \n\t\n\n\n\t\n\t\t\n\t\t\n\t\n\t\n\t\t\n\n\t\t\n\t\t\tM&amp;amp;M&amp;apos; , \&amp;quot;&amp;apos;\&amp;quot; , &amp;apos;S Milk Chocolate Candy Party Size...\n\n\t\t\t\n\t\t\t\t\n\t\t\t\t\t\n\t\t\t\t\t\n\t\t\t\t\t\n\t\t\t\t\t4.5 stars\n\t\t\t\t\n\t\t\t\t\n\t\t\t\t\t143\n\t\t\t\t\t\tratings\n\t\t\t\t\t\n\t\t\t\t\n\t\t\t\n\n\t\t\n\n\t\t\n\t\t\t\n\t\t\t\t\n\t\t\t\t\t\n\t\t\t\t\t\t$8.98\n\t\t\t\t\t\n\t\t\t\t\t\t\n\t\t\t\t\t\t\t $9.72\n\t\t\t\t\t\t\n\t\t\t\t\t\t\n\t\t\t\t\n\t\t\t\n\t\t\n\t\tLearn more \n\t\n\n\n\t\n\t\t\n\t\t\n\t\n\t\n\t\t\n\n\t\t\n\t\t\tStarburst, Original Fruit Chews Candy,...\n\n\t\t\t\n\t\t\t\t\n\t\t\t\t\t\n\t\t\t\t\t\n\t\t\t\t\t\n\t\t\t\t\t4.5 stars\n\t\t\t\t\n\t\t\t\t\n\t\t\t\t\t38\n\t\t\t\t\t\tratings\n\t\t\t\t\t\n\t\t\t\t\n\t\t\t\n\n\t\t\n\n\t\t\n\t\t\t\n\t\t\t\t\n\t\t\t\t\t\n\t\t\t\t\t\t$5.98\n\t\t\t\t\t\n\t\t\t\t\t\t\n\t\t\t\t\t\t\t $12.38\n\t\t\t\t\t\t\n\t\t\t\t\t\t\n\t\t\t\t\n\t\t\t\n\t\t\n\t\tAdd to cart \n\t\t\n\t\t\t2 day shipping\n\t\t\n\t\n\n\n\t\n\t\t\n\t\t\n\t\n\t\n\t\t\n\n\t\t\n\t\t\tSkittles and Starburst, Fun Size...\n\n\t\t\t\n\t\t\t\t\n\t\t\t\t\t\n\t\t\t\t\t\n\t\t\t\t\t\n\t\t\t\t\t4.5 stars\n\t\t\t\t\n\t\t\t\t\n\t\t\t\t\t12\n\t\t\t\t\t\tratings\n\t\t\t\t\t\n\t\t\t\t\n\t\t\t\n\n\t\t\n\n\t\t\n\t\t\t\n\t\t\t\t\n\t\t\t\t\t\n\t\t\t\t\t\t$8.38\n\t\t\t\t\t\n\t\t\t\t\n\t\t\t\n\t\t\n\t\tAdd to cart \n\t\t\n\t\t\t2 day shipping\n\t\t\n\t\n\n\n\t\n\t\t\n\t\t\n\t\n\t\n\t\t\n\n\t\t\n\t\t\tStarburst Skittles Lifesavers, Variety...\n\n\t\t\t\n\t\t\t\t\n\t\t\t\t\t\n\t\t\t\t\t\n\t\t\t\t\t\n\t\t\t\t\t4.0 stars\n\t\t\t\t\n\t\t\t\t\n\t\t\t\t\t30\n\t\t\t\t\t\tratings\n\t\t\t\t\t\n\t\t\t\t\n\t\t\t\n\n\t\t\n\n\t\t\n\t\t\t\n\t\t\t\t\n\t\t\t\t\t\n\t\t\t\t\t\t$5.98\n\t\t\t\t\t\n\t\t\t\t\n\t\t\t\n\t\t\n\t\tAdd to cart \n\t\t\n\t\t\t2 day shipping\n\t\t\n\t\n\n\n\t\n\t\t\n\t\t\n\t\n\t\n\t\t\n\n\t\t\n\t\t\tSkittles &amp;amp; Starburst Candy Variety...\n\n\t\t\t\n\t\t\t\t\n\t\t\t\t\t\n\t\t\t\t\t\n\t\t\t\t\t\n\t\t\t\t\t5.0 stars\n\t\t\t\t\n\t\t\t\t\n\t\t\t\t\t6\n\t\t\t\t\t\tratings\n\t\t\t\t\t\n\t\t\t\t\n\t\t\t\n\n\t\t\n\n\t\t\n\t\t\t\n\t\t\t\t\n\t\t\t\t\t\n\t\t\t\t\t\t$11.98\n\t\t\t\t\t\n\t\t\t\t\n\t\t\t\n\t\t\n\t\tAdd to cart \n\t\t\n\t\t\t2 day shipping\n\t\t\n\t\n\n\n\t\n\t\t\n\t\t\n\t\n\t\n\t\t\n\n\t\t\n\t\t\tLife Savers, 5 Flavors Hard Candy, 41 Oz\n\n\t\t\t\n\t\t\t\t\n\t\t\t\t\t\n\t\t\t\t\t\n\t\t\t\t\t\n\t\t\t\t\t4.5 stars\n\t\t\t\t\n\t\t\t\t\n\t\t\t\t\t71\n\t\t\t\t\t\tratings\n\t\t\t\t\t\n\t\t\t\t\n\t\t\t\n\n\t\t\n\n\t\t\n\t\t\t\n\t\t\t\t\n\t\t\t\t\t\n\t\t\t\t\t\t$5.98\n\t\t\t\t\t\n\t\t\t\t\t\t\n\t\t\t\t\t\t\t $6.98\n\t\t\t\t\t\t\n\t\t\t\t\t\t\n\t\t\t\t\n\t\t\t\n\t\t\n\t\tAdd to cart \n\t\t\n\t\t\t2 day shipping\n\t\t\n\t\n\n\n\t\n\t\t\n\t\t\n\t\n\t\n\t\t\n\n\t\t\n\t\t\tLife Savers Wint O Green Mints Candy...\n\n\t\t\t\n\t\t\t\t\n\t\t\t\t\t\n\t\t\t\t\t\n\t\t\t\t\t\n\t\t\t\t\t5.0 stars\n\t\t\t\t\n\t\t\t\t\n\t\t\t\t\t109\n\t\t\t\t\t\tratings\n\t\t\t\t\t\n\t\t\t\t\n\t\t\t\n\n\t\t\n\n\t\t\n\t\t\t\n\t\t\t\t\n\t\t\t\t\t\n\t\t\t\t\t\t$6.98\n\t\t\t\t\t\n\t\t\t\t\n\t\t\t\n\t\t\n\t\tAdd to cart \n\t\t\n\t\t\t2 day shipping\n\t\t\n\t\n\n\n\t\n\t\t\n\t\t\n\t\n\t\n\t\t\n\n\t\t\n\t\t\tEclipse Spearmint Sugarfree Chewing...\n\n\t\t\t\n\t\t\t\t\n\t\t\t\t\t\n\t\t\t\t\t\n\t\t\t\t\t\n\t\t\t\t\t4.5 stars\n\t\t\t\t\n\t\t\t\t\n\t\t\t\t\t30\n\t\t\t\t\t\tratings\n\t\t\t\t\t\n\t\t\t\t\n\t\t\t\n\n\t\t\n\n\t\t\n\t\t\t\n\t\t\t\t\n\t\t\t\t\t\n\t\t\t\t\t\t$5.98\n\t\t\t\t\t\n\t\t\t\t\n\t\t\t\n\t\t\n\t\tAdd to cart \n\t\t\n\t\t\t2 day shipping\n\t\t\n\t\n\n\n\t\n\t\t\n\t\t\n\t\n\t\n\t\t\n\n\t\t\n\t\t\tOrbit White Bubblemint Sugarfree Gum,...\n\n\t\t\t\n\t\t\t\t\n\t\t\t\t\t\n\t\t\t\t\t\n\t\t\t\t\t\n\t\t\t\t\t4.5 stars\n\t\t\t\t\n\t\t\t\t\n\t\t\t\t\t40\n\t\t\t\t\t\tratings\n\t\t\t\t\t\n\t\t\t\t\n\t\t\t\n\n\t\t\n\n\t\t\n\t\t\t\n\t\t\t\t\n\t\t\t\t\t\n\t\t\t\t\t\t$5.98\n\t\t\t\t\t\n\t\t\t\t\n\t\t\t\n\t\t\n\t\tAdd to cart \n\t\t\n\t\t\t2 day shipping\n\t\t\n\t\n\n&amp;apos;) or . = concat(&amp;apos;\n\t\n\t\t\n\t\t\n\t\n\t\n\t\t\n\n\t\t\n\t\t\tSkittles, All American Candy Bowl...\n\n\t\t\t\n\t\t\t\t\u00A0\n\t\t\t\t\u00A0\n\t\t\t\n\n\t\t\n\n\t\t\n\t\t\t\n\t\t\t\t\n\t\t\t\t\t\n\t\t\t\t\t\t$19.95\n\t\t\t\t\t\n\t\t\t\t\n\t\t\t\n\t\t\n\t\tAdd to cart \n\t\t\n\t\t\t2 day shipping\n\t\t\n\t\n\n\n\t\n\t\t\n\t\t\n\t\n\t\n\t\t\n\n\t\t\n\t\t\tM&amp;amp;M&amp;apos; , \&amp;quot;&amp;apos;\&amp;quot; , &amp;apos;S Red, White &amp;amp; Blue Milk Chocolate...\n\n\t\t\t\n\t\t\t\t\u00A0\n\t\t\t\t\u00A0\n\t\t\t\n\n\t\t\n\n\t\t\n\t\t\t\n\t\t\t\t\n\t\t\t\t\t\n\t\t\t\t\t\t$8.98\n\t\t\t\t\t\n\t\t\t\t\t\t\n\t\t\t\t\t\t\t $10.75\n\t\t\t\t\t\t\n\t\t\t\t\t\t\n\t\t\t\t\n\t\t\t\n\t\t\n\t\tAdd to cart \n\t\n\n\n\t\n\t\t\n\t\t\n\t\n\t\n\t\t\n\n\t\t\n\t\t\tM&amp;amp;M&amp;apos; , \&amp;quot;&amp;apos;\&amp;quot; , &amp;apos;S Red, White &amp;amp; Blue Peanut Chocolate...\n\n\t\t\t\n\t\t\t\t\n\t\t\t\t\t\n\t\t\t\t\t\n\t\t\t\t\t\n\t\t\t\t\t3.5 stars\n\t\t\t\t\n\t\t\t\t\n\t\t\t\t\t4\n\t\t\t\t\t\tratings\n\t\t\t\t\t\n\t\t\t\t\n\t\t\t\n\n\t\t\n\n\t\t\n\t\t\t\n\t\t\t\t\n\t\t\t\t\t\n\t\t\t\t\t\t$8.98\n\t\t\t\t\t\n\t\t\t\t\t\t\n\t\t\t\t\t\t\t $9.72\n\t\t\t\t\t\t\n\t\t\t\t\t\t\n\t\t\t\t\n\t\t\t\n\t\t\n\t\tAdd to cart \n\t\n\n\n\t\n\t\t\n\t\t\n\t\n\t\n\t\t\n\n\t\t\n\t\t\tSkittles, America Mix Skittles Candy,...\n\n\t\t\t\n\t\t\t\t\n\t\t\t\t\t\n\t\t\t\t\t\n\t\t\t\t\t\n\t\t\t\t\t4.0 stars\n\t\t\t\t\n\t\t\t\t\n\t\t\t\t\t23\n\t\t\t\t\t\tratings\n\t\t\t\t\t\n\t\t\t\t\n\t\t\t\n\n\t\t\n\n\t\t\n\t\t\t\n\t\t\t\t\n\t\t\t\t\t\n\t\t\t\t\t\t$6.58\n\t\t\t\t\t\n\t\t\t\t\n\t\t\t\n\t\t\n\t\tAdd to cart \n\t\n\n\n\t\n\t\t\n\t\t\n\t\n\t\n\t\t\n\n\t\t\n\t\t\tSNICKERS, Minis Size Chocolate Bars...\n\n\t\t\t\n\t\t\t\t\u00A0\n\t\t\t\t\u00A0\n\t\t\t\n\n\t\t\n\n\t\t\n\t\t\t\n\t\t\t\t\n\t\t\t\t\t\n\t\t\t\t\t\t$2.98\n\t\t\t\t\t\n\t\t\t\t\n\t\t\t\n\t\t\n\t\tLearn more \n\t\n\n\n\t\n\t\t\n\t\t\n\t\n\t\n\t\t\n\n\t\t\n\t\t\tM&amp;amp;M&amp;apos; , \&amp;quot;&amp;apos;\&amp;quot; , &amp;apos;S Peanut Chocolate Candy Party Size...\n\n\t\t\t\n\t\t\t\t\n\t\t\t\t\t\n\t\t\t\t\t\n\t\t\t\t\t\n\t\t\t\t\t4.5 stars\n\t\t\t\t\n\t\t\t\t\n\t\t\t\t\t230\n\t\t\t\t\t\tratings\n\t\t\t\t\t\n\t\t\t\t\n\t\t\t\n\n\t\t\n\n\t\t\n\t\t\t\n\t\t\t\t\n\t\t\t\t\t\n\t\t\t\t\t\t$8.98\n\t\t\t\t\t\n\t\t\t\t\t\t\n\t\t\t\t\t\t\t $9.72\n\t\t\t\t\t\t\n\t\t\t\t\t\t\n\t\t\t\t\n\t\t\t\n\t\t\n\t\tAdd to cart \n\t\n\n\n\t\n\t\t\n\t\t\n\t\n\t\n\t\t\n\n\t\t\n\t\t\tM&amp;amp;M&amp;apos; , \&amp;quot;&amp;apos;\&amp;quot; , &amp;apos;S Caramel Chocolate Candy Party Size...\n\n\t\t\t\n\t\t\t\t\n\t\t\t\t\t\n\t\t\t\t\t\n\t\t\t\t\t\n\t\t\t\t\t4.0 stars\n\t\t\t\t\n\t\t\t\t\n\t\t\t\t\t3\n\t\t\t\t\t\tratings\n\t\t\t\t\t\n\t\t\t\t\n\t\t\t\n\n\t\t\n\n\t\t\n\t\t\t\n\t\t\t\t\n\t\t\t\t\t\n\t\t\t\t\t\t$8.98\n\t\t\t\t\t\n\t\t\t\t\t\t\n\t\t\t\t\t\t\t $9.72\n\t\t\t\t\t\t\n\t\t\t\t\t\t\n\t\t\t\t\n\t\t\t\n\t\t\n\t\tLearn more \n\t\n\n\n\t\n\t\t\n\t\t\n\t\n\t\n\t\t\n\n\t\t\n\t\t\tM&amp;amp;M&amp;apos; , \&amp;quot;&amp;apos;\&amp;quot; , &amp;apos;S Milk Chocolate Candy Party Size...\n\n\t\t\t\n\t\t\t\t\n\t\t\t\t\t\n\t\t\t\t\t\n\t\t\t\t\t\n\t\t\t\t\t4.5 stars\n\t\t\t\t\n\t\t\t\t\n\t\t\t\t\t143\n\t\t\t\t\t\tratings\n\t\t\t\t\t\n\t\t\t\t\n\t\t\t\n\n\t\t\n\n\t\t\n\t\t\t\n\t\t\t\t\n\t\t\t\t\t\n\t\t\t\t\t\t$8.98\n\t\t\t\t\t\n\t\t\t\t\t\t\n\t\t\t\t\t\t\t $9.72\n\t\t\t\t\t\t\n\t\t\t\t\t\t\n\t\t\t\t\n\t\t\t\n\t\t\n\t\tLearn more \n\t\n\n\n\t\n\t\t\n\t\t\n\t\n\t\n\t\t\n\n\t\t\n\t\t\tStarburst, Original Fruit Chews Candy,...\n\n\t\t\t\n\t\t\t\t\n\t\t\t\t\t\n\t\t\t\t\t\n\t\t\t\t\t\n\t\t\t\t\t4.5 stars\n\t\t\t\t\n\t\t\t\t\n\t\t\t\t\t38\n\t\t\t\t\t\tratings\n\t\t\t\t\t\n\t\t\t\t\n\t\t\t\n\n\t\t\n\n\t\t\n\t\t\t\n\t\t\t\t\n\t\t\t\t\t\n\t\t\t\t\t\t$5.98\n\t\t\t\t\t\n\t\t\t\t\t\t\n\t\t\t\t\t\t\t $12.38\n\t\t\t\t\t\t\n\t\t\t\t\t\t\n\t\t\t\t\n\t\t\t\n\t\t\n\t\tAdd to cart \n\t\t\n\t\t\t2 day shipping\n\t\t\n\t\n\n\n\t\n\t\t\n\t\t\n\t\n\t\n\t\t\n\n\t\t\n\t\t\tSkittles and Starburst, Fun Size...\n\n\t\t\t\n\t\t\t\t\n\t\t\t\t\t\n\t\t\t\t\t\n\t\t\t\t\t\n\t\t\t\t\t4.5 stars\n\t\t\t\t\n\t\t\t\t\n\t\t\t\t\t12\n\t\t\t\t\t\tratings\n\t\t\t\t\t\n\t\t\t\t\n\t\t\t\n\n\t\t\n\n\t\t\n\t\t\t\n\t\t\t\t\n\t\t\t\t\t\n\t\t\t\t\t\t$8.38\n\t\t\t\t\t\n\t\t\t\t\n\t\t\t\n\t\t\n\t\tAdd to cart \n\t\t\n\t\t\t2 day shipping\n\t\t\n\t\n\n\n\t\n\t\t\n\t\t\n\t\n\t\n\t\t\n\n\t\t\n\t\t\tStarburst Skittles Lifesavers, Variety...\n\n\t\t\t\n\t\t\t\t\n\t\t\t\t\t\n\t\t\t\t\t\n\t\t\t\t\t\n\t\t\t\t\t4.0 stars\n\t\t\t\t\n\t\t\t\t\n\t\t\t\t\t30\n\t\t\t\t\t\tratings\n\t\t\t\t\t\n\t\t\t\t\n\t\t\t\n\n\t\t\n\n\t\t\n\t\t\t\n\t\t\t\t\n\t\t\t\t\t\n\t\t\t\t\t\t$5.98\n\t\t\t\t\t\n\t\t\t\t\n\t\t\t\n\t\t\n\t\tAdd to cart \n\t\t\n\t\t\t2 day shipping\n\t\t\n\t\n\n\n\t\n\t\t\n\t\t\n\t\n\t\n\t\t\n\n\t\t\n\t\t\tSkittles &amp;amp; Starburst Candy Variety...\n\n\t\t\t\n\t\t\t\t\n\t\t\t\t\t\n\t\t\t\t\t\n\t\t\t\t\t\n\t\t\t\t\t5.0 stars\n\t\t\t\t\n\t\t\t\t\n\t\t\t\t\t6\n\t\t\t\t\t\tratings\n\t\t\t\t\t\n\t\t\t\t\n\t\t\t\n\n\t\t\n\n\t\t\n\t\t\t\n\t\t\t\t\n\t\t\t\t\t\n\t\t\t\t\t\t$11.98\n\t\t\t\t\t\n\t\t\t\t\n\t\t\t\n\t\t\n\t\tAdd to cart \n\t\t\n\t\t\t2 day shipping\n\t\t\n\t\n\n\n\t\n\t\t\n\t\t\n\t\n\t\n\t\t\n\n\t\t\n\t\t\tLife Savers, 5 Flavors Hard Candy, 41 Oz\n\n\t\t\t\n\t\t\t\t\n\t\t\t\t\t\n\t\t\t\t\t\n\t\t\t\t\t\n\t\t\t\t\t4.5 stars\n\t\t\t\t\n\t\t\t\t\n\t\t\t\t\t71\n\t\t\t\t\t\tratings\n\t\t\t\t\t\n\t\t\t\t\n\t\t\t\n\n\t\t\n\n\t\t\n\t\t\t\n\t\t\t\t\n\t\t\t\t\t\n\t\t\t\t\t\t$5.98\n\t\t\t\t\t\n\t\t\t\t\t\t\n\t\t\t\t\t\t\t $6.98\n\t\t\t\t\t\t\n\t\t\t\t\t\t\n\t\t\t\t\n\t\t\t\n\t\t\n\t\tAdd to cart \n\t\t\n\t\t\t2 day shipping\n\t\t\n\t\n\n\n\t\n\t\t\n\t\t\n\t\n\t\n\t\t\n\n\t\t\n\t\t\tLife Savers Wint O Green Mints Candy...\n\n\t\t\t\n\t\t\t\t\n\t\t\t\t\t\n\t\t\t\t\t\n\t\t\t\t\t\n\t\t\t\t\t5.0 stars\n\t\t\t\t\n\t\t\t\t\n\t\t\t\t\t109\n\t\t\t\t\t\tratings\n\t\t\t\t\t\n\t\t\t\t\n\t\t\t\n\n\t\t\n\n\t\t\n\t\t\t\n\t\t\t\t\n\t\t\t\t\t\n\t\t\t\t\t\t$6.98\n\t\t\t\t\t\n\t\t\t\t\n\t\t\t\n\t\t\n\t\tAdd to cart \n\t\t\n\t\t\t2 day shipping\n\t\t\n\t\n\n\n\t\n\t\t\n\t\t\n\t\n\t\n\t\t\n\n\t\t\n\t\t\tEclipse Spearmint Sugarfree Chewing...\n\n\t\t\t\n\t\t\t\t\n\t\t\t\t\t\n\t\t\t\t\t\n\t\t\t\t\t\n\t\t\t\t\t4.5 stars\n\t\t\t\t\n\t\t\t\t\n\t\t\t\t\t30\n\t\t\t\t\t\tratings\n\t\t\t\t\t\n\t\t\t\t\n\t\t\t\n\n\t\t\n\n\t\t\n\t\t\t\n\t\t\t\t\n\t\t\t\t\t\n\t\t\t\t\t\t$5.98\n\t\t\t\t\t\n\t\t\t\t\n\t\t\t\n\t\t\n\t\tAdd to cart \n\t\t\n\t\t\t2 day shipping\n\t\t\n\t\n\n\n\t\n\t\t\n\t\t\n\t\n\t\n\t\t\n\n\t\t\n\t\t\tOrbit White Bubblemint Sugarfree Gum,...\n\n\t\t\t\n\t\t\t\t\n\t\t\t\t\t\n\t\t\t\t\t\n\t\t\t\t\t\n\t\t\t\t\t4.5 stars\n\t\t\t\t\n\t\t\t\t\n\t\t\t\t\t40\n\t\t\t\t\t\tratings\n\t\t\t\t\t\n\t\t\t\t\n\t\t\t\n\n\t\t\n\n\t\t\n\t\t\t\n\t\t\t\t\n\t\t\t\t\t\n\t\t\t\t\t\t$5.98\n\t\t\t\t\t\n\t\t\t\t\n\t\t\t\n\t\t\n\t\tAdd to cart \n\t\t\n\t\t\t2 day shipping\n\t\t\n\t\n\n&amp;apos;))]&amp;apos; in &amp;apos;30&amp;apos; second(s)</message>
  <nestedLevel>1</nestedLevel>
</record>
<record>
  <date>2018-06-19T21:22:31</date>
  <millis>1529423551093</millis>
  <sequence>103</sequence>
  <level>PASSED</level>
  <class>com.kms.katalon.core.logging.KeywordLogger</class>
  <method>logMessage</method>
  <thread>1</thread>
  <message>Object &amp;apos;Object Repository/spy_Made_for_Summer/div_Skittles All American Cand&amp;apos; is present</message>
  <nestedLevel>1</nestedLevel>
</record>
<record>
  <date>2018-06-19T21:22:31</date>
  <millis>1529423551094</millis>
  <sequence>104</sequence>
  <level>END</level>
  <class>com.kms.katalon.core.logging.KeywordLogger</class>
  <method>endKeyword</method>
  <thread>1</thread>
  <message>End action : verifyElementPresent</message>
  <nestedLevel>1</nestedLevel>
</record>
<record>
  <date>2018-06-19T21:22:31</date>
  <millis>1529423551095</millis>
  <sequence>105</sequence>
  <level>START</level>
  <class>com.kms.katalon.core.logging.KeywordLogger</class>
  <method>startKeyword</method>
  <thread>1</thread>
  <message>Start action : verifyElementPresent</message>
  <nestedLevel>1</nestedLevel>
  <property name="startLine">39</property>
  <property name="stepIndex">12</property>
</record>
<record>
  <date>2018-06-19T21:22:31</date>
  <millis>1529423551095</millis>
  <sequence>106</sequence>
  <level>INFO</level>
  <class>com.kms.katalon.core.logging.KeywordLogger</class>
  <method>logMessage</method>
  <thread>1</thread>
  <message>Finding Test Object with id &amp;apos;Object Repository/spy_Made_for_Summer/div_RecipeMMs Treat PopsRecipe&amp;apos;</message>
  <nestedLevel>1</nestedLevel>
</record>
<record>
  <date>2018-06-19T21:22:31</date>
  <millis>1529423551104</millis>
  <sequence>107</sequence>
  <level>INFO</level>
  <class>com.kms.katalon.core.logging.KeywordLogger</class>
  <method>logMessage</method>
  <thread>1</thread>
  <message>Checking object</message>
  <nestedLevel>1</nestedLevel>
</record>
<record>
  <date>2018-06-19T21:22:31</date>
  <millis>1529423551104</millis>
  <sequence>108</sequence>
  <level>INFO</level>
  <class>com.kms.katalon.core.logging.KeywordLogger</class>
  <method>logMessage</method>
  <thread>1</thread>
  <message>Checking timeout</message>
  <nestedLevel>1</nestedLevel>
</record>
<record>
  <date>2018-06-19T21:22:31</date>
  <millis>1529423551105</millis>
  <sequence>109</sequence>
  <level>WARNING</level>
  <class>com.kms.katalon.core.logging.KeywordLogger</class>
  <method>logMessage</method>
  <thread>1</thread>
  <message>Timeout &amp;apos;0&amp;apos; is invalid. Using default page load timeout: &amp;apos;30&amp;apos;</message>
  <nestedLevel>1</nestedLevel>
</record>
<record>
  <date>2018-06-19T21:22:31</date>
  <millis>1529423551106</millis>
  <sequence>110</sequence>
  <level>INFO</level>
  <class>com.kms.katalon.core.logging.KeywordLogger</class>
  <method>logMessage</method>
  <thread>1</thread>
  <message>Finding web element with id: &amp;apos;Object Repository/spy_Made_for_Summer/div_RecipeMMs Treat PopsRecipe&amp;apos; located by &amp;apos;By.xpath: //div[(text() = concat(&amp;apos;\n\t\t\t\t\n\t\t\t\t\t\n\t\t\t\t\t\t\n\t\t\t\t\t\tRecipe\n\t\t\t\t\t\tM&amp;amp;M&amp;apos; , \&amp;quot;&amp;apos;\&amp;quot; , &amp;apos;s\u00AE Treat Pops\n\t\t\t\t\t\n\t\t\t\t\n\t\t\t\t\n\t\t\t\t\t\n\t\t\t\t\t\t\n\t\t\t\t\t\tRecipe\n\t\t\t\t\t\tSnickers\u00AE Cookie Dough Truffles\n\t\t\t\t\t\n\t\t\t\t\n\t\t\t&amp;apos;) or . = concat(&amp;apos;\n\t\t\t\t\n\t\t\t\t\t\n\t\t\t\t\t\t\n\t\t\t\t\t\tRecipe\n\t\t\t\t\t\tM&amp;amp;M&amp;apos; , \&amp;quot;&amp;apos;\&amp;quot; , &amp;apos;s\u00AE Treat Pops\n\t\t\t\t\t\n\t\t\t\t\n\t\t\t\t\n\t\t\t\t\t\n\t\t\t\t\t\t\n\t\t\t\t\t\tRecipe\n\t\t\t\t\t\tSnickers\u00AE Cookie Dough Truffles\n\t\t\t\t\t\n\t\t\t\t\n\t\t\t&amp;apos;))]&amp;apos; in &amp;apos;30&amp;apos; second(s)</message>
  <nestedLevel>1</nestedLevel>
</record>
<record>
  <date>2018-06-19T21:22:31</date>
  <millis>1529423551154</millis>
  <sequence>111</sequence>
  <level>INFO</level>
  <class>com.kms.katalon.core.logging.KeywordLogger</class>
  <method>logMessage</method>
  <thread>1</thread>
  <message>Found 1 web elements with id: &amp;apos;Object Repository/spy_Made_for_Summer/div_RecipeMMs Treat PopsRecipe&amp;apos; located by &amp;apos;By.xpath: //div[(text() = concat(&amp;apos;\n\t\t\t\t\n\t\t\t\t\t\n\t\t\t\t\t\t\n\t\t\t\t\t\tRecipe\n\t\t\t\t\t\tM&amp;amp;M&amp;apos; , \&amp;quot;&amp;apos;\&amp;quot; , &amp;apos;s\u00AE Treat Pops\n\t\t\t\t\t\n\t\t\t\t\n\t\t\t\t\n\t\t\t\t\t\n\t\t\t\t\t\t\n\t\t\t\t\t\tRecipe\n\t\t\t\t\t\tSnickers\u00AE Cookie Dough Truffles\n\t\t\t\t\t\n\t\t\t\t\n\t\t\t&amp;apos;) or . = concat(&amp;apos;\n\t\t\t\t\n\t\t\t\t\t\n\t\t\t\t\t\t\n\t\t\t\t\t\tRecipe\n\t\t\t\t\t\tM&amp;amp;M&amp;apos; , \&amp;quot;&amp;apos;\&amp;quot; , &amp;apos;s\u00AE Treat Pops\n\t\t\t\t\t\n\t\t\t\t\n\t\t\t\t\n\t\t\t\t\t\n\t\t\t\t\t\t\n\t\t\t\t\t\tRecipe\n\t\t\t\t\t\tSnickers\u00AE Cookie Dough Truffles\n\t\t\t\t\t\n\t\t\t\t\n\t\t\t&amp;apos;))]&amp;apos; in &amp;apos;30&amp;apos; second(s)</message>
  <nestedLevel>1</nestedLevel>
</record>
<record>
  <date>2018-06-19T21:22:31</date>
  <millis>1529423551154</millis>
  <sequence>112</sequence>
  <level>PASSED</level>
  <class>com.kms.katalon.core.logging.KeywordLogger</class>
  <method>logMessage</method>
  <thread>1</thread>
  <message>Object &amp;apos;Object Repository/spy_Made_for_Summer/div_RecipeMMs Treat PopsRecipe&amp;apos; is present</message>
  <nestedLevel>1</nestedLevel>
</record>
<record>
  <date>2018-06-19T21:22:31</date>
  <millis>1529423551155</millis>
  <sequence>113</sequence>
  <level>END</level>
  <class>com.kms.katalon.core.logging.KeywordLogger</class>
  <method>endKeyword</method>
  <thread>1</thread>
  <message>End action : verifyElementPresent</message>
  <nestedLevel>1</nestedLevel>
</record>
<record>
  <date>2018-06-19T21:22:31</date>
  <millis>1529423551155</millis>
  <sequence>114</sequence>
  <level>START</level>
  <class>com.kms.katalon.core.logging.KeywordLogger</class>
  <method>startKeyword</method>
  <thread>1</thread>
  <message>Start action : verifyElementPresent</message>
  <nestedLevel>1</nestedLevel>
  <property name="startLine">40</property>
  <property name="stepIndex">13</property>
</record>
<record>
  <date>2018-06-19T21:22:31</date>
  <millis>1529423551156</millis>
  <sequence>115</sequence>
  <level>INFO</level>
  <class>com.kms.katalon.core.logging.KeywordLogger</class>
  <method>logMessage</method>
  <thread>1</thread>
  <message>Finding Test Object with id &amp;apos;Object Repository/spy_Made_for_Summer/button_Next&amp;apos;</message>
  <nestedLevel>1</nestedLevel>
</record>
<record>
  <date>2018-06-19T21:22:31</date>
  <millis>1529423551173</millis>
  <sequence>116</sequence>
  <level>INFO</level>
  <class>com.kms.katalon.core.logging.KeywordLogger</class>
  <method>logMessage</method>
  <thread>1</thread>
  <message>Checking object</message>
  <nestedLevel>1</nestedLevel>
</record>
<record>
  <date>2018-06-19T21:22:31</date>
  <millis>1529423551173</millis>
  <sequence>117</sequence>
  <level>INFO</level>
  <class>com.kms.katalon.core.logging.KeywordLogger</class>
  <method>logMessage</method>
  <thread>1</thread>
  <message>Checking timeout</message>
  <nestedLevel>1</nestedLevel>
</record>
<record>
  <date>2018-06-19T21:22:31</date>
  <millis>1529423551174</millis>
  <sequence>118</sequence>
  <level>WARNING</level>
  <class>com.kms.katalon.core.logging.KeywordLogger</class>
  <method>logMessage</method>
  <thread>1</thread>
  <message>Timeout &amp;apos;0&amp;apos; is invalid. Using default page load timeout: &amp;apos;30&amp;apos;</message>
  <nestedLevel>1</nestedLevel>
</record>
<record>
  <date>2018-06-19T21:22:31</date>
  <millis>1529423551174</millis>
  <sequence>119</sequence>
  <level>INFO</level>
  <class>com.kms.katalon.core.logging.KeywordLogger</class>
  <method>logMessage</method>
  <thread>1</thread>
  <message>Finding web element with id: &amp;apos;Object Repository/spy_Made_for_Summer/button_Next&amp;apos; located by &amp;apos;By.xpath: //button[@type = &amp;apos;button&amp;apos; and (text() = &amp;apos;Next&amp;apos; or . = &amp;apos;Next&amp;apos;)]&amp;apos; in &amp;apos;30&amp;apos; second(s)</message>
  <nestedLevel>1</nestedLevel>
</record>
<record>
  <date>2018-06-19T21:22:31</date>
  <millis>1529423551204</millis>
  <sequence>120</sequence>
  <level>INFO</level>
  <class>com.kms.katalon.core.logging.KeywordLogger</class>
  <method>logMessage</method>
  <thread>1</thread>
  <message>Found 1 web elements with id: &amp;apos;Object Repository/spy_Made_for_Summer/button_Next&amp;apos; located by &amp;apos;By.xpath: //button[@type = &amp;apos;button&amp;apos; and (text() = &amp;apos;Next&amp;apos; or . = &amp;apos;Next&amp;apos;)]&amp;apos; in &amp;apos;30&amp;apos; second(s)</message>
  <nestedLevel>1</nestedLevel>
</record>
<record>
  <date>2018-06-19T21:22:31</date>
  <millis>1529423551205</millis>
  <sequence>121</sequence>
  <level>PASSED</level>
  <class>com.kms.katalon.core.logging.KeywordLogger</class>
  <method>logMessage</method>
  <thread>1</thread>
  <message>Object &amp;apos;Object Repository/spy_Made_for_Summer/button_Next&amp;apos; is present</message>
  <nestedLevel>1</nestedLevel>
</record>
<record>
  <date>2018-06-19T21:22:31</date>
  <millis>1529423551206</millis>
  <sequence>122</sequence>
  <level>END</level>
  <class>com.kms.katalon.core.logging.KeywordLogger</class>
  <method>endKeyword</method>
  <thread>1</thread>
  <message>End action : verifyElementPresent</message>
  <nestedLevel>1</nestedLevel>
</record>
<record>
  <date>2018-06-19T21:22:31</date>
  <millis>1529423551207</millis>
  <sequence>123</sequence>
  <level>START</level>
  <class>com.kms.katalon.core.logging.KeywordLogger</class>
  <method>startKeyword</method>
  <thread>1</thread>
  <message>Start action : verifyElementPresent</message>
  <nestedLevel>1</nestedLevel>
  <property name="startLine">41</property>
  <property name="stepIndex">14</property>
</record>
<record>
  <date>2018-06-19T21:22:31</date>
  <millis>1529423551207</millis>
  <sequence>124</sequence>
  <level>INFO</level>
  <class>com.kms.katalon.core.logging.KeywordLogger</class>
  <method>logMessage</method>
  <thread>1</thread>
  <message>Finding Test Object with id &amp;apos;Object Repository/spy_Made_for_Summer/a_Tile-linkOverlay js-tile-lin&amp;apos;</message>
  <nestedLevel>1</nestedLevel>
</record>
<record>
  <date>2018-06-19T21:22:31</date>
  <millis>1529423551215</millis>
  <sequence>125</sequence>
  <level>INFO</level>
  <class>com.kms.katalon.core.logging.KeywordLogger</class>
  <method>logMessage</method>
  <thread>1</thread>
  <message>Checking object</message>
  <nestedLevel>1</nestedLevel>
</record>
<record>
  <date>2018-06-19T21:22:31</date>
  <millis>1529423551216</millis>
  <sequence>126</sequence>
  <level>INFO</level>
  <class>com.kms.katalon.core.logging.KeywordLogger</class>
  <method>logMessage</method>
  <thread>1</thread>
  <message>Checking timeout</message>
  <nestedLevel>1</nestedLevel>
</record>
<record>
  <date>2018-06-19T21:22:31</date>
  <millis>1529423551216</millis>
  <sequence>127</sequence>
  <level>WARNING</level>
  <class>com.kms.katalon.core.logging.KeywordLogger</class>
  <method>logMessage</method>
  <thread>1</thread>
  <message>Timeout &amp;apos;0&amp;apos; is invalid. Using default page load timeout: &amp;apos;30&amp;apos;</message>
  <nestedLevel>1</nestedLevel>
</record>
<record>
  <date>2018-06-19T21:22:31</date>
  <millis>1529423551217</millis>
  <sequence>128</sequence>
  <level>INFO</level>
  <class>com.kms.katalon.core.logging.KeywordLogger</class>
  <method>logMessage</method>
  <thread>1</thread>
  <message>Finding web element with id: &amp;apos;Object Repository/spy_Made_for_Summer/a_Tile-linkOverlay js-tile-lin&amp;apos; located by &amp;apos;By.xpath: //a[@href = &amp;apos;https://www.walmart.com/ip/821356904&amp;apos;]&amp;apos; in &amp;apos;30&amp;apos; second(s)</message>
  <nestedLevel>1</nestedLevel>
</record>
<record>
  <date>2018-06-19T21:22:31</date>
  <millis>1529423551251</millis>
  <sequence>129</sequence>
  <level>INFO</level>
  <class>com.kms.katalon.core.logging.KeywordLogger</class>
  <method>logMessage</method>
  <thread>1</thread>
  <message>Found 3 web elements with id: &amp;apos;Object Repository/spy_Made_for_Summer/a_Tile-linkOverlay js-tile-lin&amp;apos; located by &amp;apos;By.xpath: //a[@href = &amp;apos;https://www.walmart.com/ip/821356904&amp;apos;]&amp;apos; in &amp;apos;30&amp;apos; second(s)</message>
  <nestedLevel>1</nestedLevel>
</record>
<record>
  <date>2018-06-19T21:22:31</date>
  <millis>1529423551252</millis>
  <sequence>130</sequence>
  <level>PASSED</level>
  <class>com.kms.katalon.core.logging.KeywordLogger</class>
  <method>logMessage</method>
  <thread>1</thread>
  <message>Object &amp;apos;Object Repository/spy_Made_for_Summer/a_Tile-linkOverlay js-tile-lin&amp;apos; is present</message>
  <nestedLevel>1</nestedLevel>
</record>
<record>
  <date>2018-06-19T21:22:31</date>
  <millis>1529423551253</millis>
  <sequence>131</sequence>
  <level>END</level>
  <class>com.kms.katalon.core.logging.KeywordLogger</class>
  <method>endKeyword</method>
  <thread>1</thread>
  <message>End action : verifyElementPresent</message>
  <nestedLevel>1</nestedLevel>
</record>
<record>
  <date>2018-06-19T21:22:31</date>
  <millis>1529423551253</millis>
  <sequence>132</sequence>
  <level>START</level>
  <class>com.kms.katalon.core.logging.KeywordLogger</class>
  <method>startKeyword</method>
  <thread>1</thread>
  <message>Start action : verifyElementPresent</message>
  <nestedLevel>1</nestedLevel>
  <property name="startLine">42</property>
  <property name="stepIndex">15</property>
</record>
<record>
  <date>2018-06-19T21:22:31</date>
  <millis>1529423551253</millis>
  <sequence>133</sequence>
  <level>INFO</level>
  <class>com.kms.katalon.core.logging.KeywordLogger</class>
  <method>logMessage</method>
  <thread>1</thread>
  <message>Finding Test Object with id &amp;apos;Object Repository/spy_Made_for_Summer/a_Tile-linkOverlay js-tile-lin (3)&amp;apos;</message>
  <nestedLevel>1</nestedLevel>
</record>
<record>
  <date>2018-06-19T21:22:31</date>
  <millis>1529423551264</millis>
  <sequence>134</sequence>
  <level>INFO</level>
  <class>com.kms.katalon.core.logging.KeywordLogger</class>
  <method>logMessage</method>
  <thread>1</thread>
  <message>Checking object</message>
  <nestedLevel>1</nestedLevel>
</record>
<record>
  <date>2018-06-19T21:22:31</date>
  <millis>1529423551265</millis>
  <sequence>135</sequence>
  <level>INFO</level>
  <class>com.kms.katalon.core.logging.KeywordLogger</class>
  <method>logMessage</method>
  <thread>1</thread>
  <message>Checking timeout</message>
  <nestedLevel>1</nestedLevel>
</record>
<record>
  <date>2018-06-19T21:22:31</date>
  <millis>1529423551266</millis>
  <sequence>136</sequence>
  <level>WARNING</level>
  <class>com.kms.katalon.core.logging.KeywordLogger</class>
  <method>logMessage</method>
  <thread>1</thread>
  <message>Timeout &amp;apos;0&amp;apos; is invalid. Using default page load timeout: &amp;apos;30&amp;apos;</message>
  <nestedLevel>1</nestedLevel>
</record>
<record>
  <date>2018-06-19T21:22:31</date>
  <millis>1529423551267</millis>
  <sequence>137</sequence>
  <level>INFO</level>
  <class>com.kms.katalon.core.logging.KeywordLogger</class>
  <method>logMessage</method>
  <thread>1</thread>
  <message>Finding web element with id: &amp;apos;Object Repository/spy_Made_for_Summer/a_Tile-linkOverlay js-tile-lin (3)&amp;apos; located by &amp;apos;By.xpath: //a[@href = &amp;apos;https://www.walmart.com/ip/52024994&amp;apos;]&amp;apos; in &amp;apos;30&amp;apos; second(s)</message>
  <nestedLevel>1</nestedLevel>
</record>
<record>
  <date>2018-06-19T21:22:31</date>
  <millis>1529423551307</millis>
  <sequence>138</sequence>
  <level>INFO</level>
  <class>com.kms.katalon.core.logging.KeywordLogger</class>
  <method>logMessage</method>
  <thread>1</thread>
  <message>Found 3 web elements with id: &amp;apos;Object Repository/spy_Made_for_Summer/a_Tile-linkOverlay js-tile-lin (3)&amp;apos; located by &amp;apos;By.xpath: //a[@href = &amp;apos;https://www.walmart.com/ip/52024994&amp;apos;]&amp;apos; in &amp;apos;30&amp;apos; second(s)</message>
  <nestedLevel>1</nestedLevel>
</record>
<record>
  <date>2018-06-19T21:22:31</date>
  <millis>1529423551308</millis>
  <sequence>139</sequence>
  <level>PASSED</level>
  <class>com.kms.katalon.core.logging.KeywordLogger</class>
  <method>logMessage</method>
  <thread>1</thread>
  <message>Object &amp;apos;Object Repository/spy_Made_for_Summer/a_Tile-linkOverlay js-tile-lin (3)&amp;apos; is present</message>
  <nestedLevel>1</nestedLevel>
</record>
<record>
  <date>2018-06-19T21:22:31</date>
  <millis>1529423551309</millis>
  <sequence>140</sequence>
  <level>END</level>
  <class>com.kms.katalon.core.logging.KeywordLogger</class>
  <method>endKeyword</method>
  <thread>1</thread>
  <message>End action : verifyElementPresent</message>
  <nestedLevel>1</nestedLevel>
</record>
<record>
  <date>2018-06-19T21:22:31</date>
  <millis>1529423551309</millis>
  <sequence>141</sequence>
  <level>START</level>
  <class>com.kms.katalon.core.logging.KeywordLogger</class>
  <method>startKeyword</method>
  <thread>1</thread>
  <message>Start action : verifyElementPresent</message>
  <nestedLevel>1</nestedLevel>
  <property name="startLine">43</property>
  <property name="stepIndex">16</property>
</record>
<record>
  <date>2018-06-19T21:22:31</date>
  <millis>1529423551310</millis>
  <sequence>142</sequence>
  <level>INFO</level>
  <class>com.kms.katalon.core.logging.KeywordLogger</class>
  <method>logMessage</method>
  <thread>1</thread>
  <message>Finding Test Object with id &amp;apos;Object Repository/spy_Made_for_Summer/a_Tile-linkOverlay js-tile-lin (2)&amp;apos;</message>
  <nestedLevel>1</nestedLevel>
</record>
<record>
  <date>2018-06-19T21:22:31</date>
  <millis>1529423551320</millis>
  <sequence>143</sequence>
  <level>INFO</level>
  <class>com.kms.katalon.core.logging.KeywordLogger</class>
  <method>logMessage</method>
  <thread>1</thread>
  <message>Checking object</message>
  <nestedLevel>1</nestedLevel>
</record>
<record>
  <date>2018-06-19T21:22:31</date>
  <millis>1529423551321</millis>
  <sequence>144</sequence>
  <level>INFO</level>
  <class>com.kms.katalon.core.logging.KeywordLogger</class>
  <method>logMessage</method>
  <thread>1</thread>
  <message>Checking timeout</message>
  <nestedLevel>1</nestedLevel>
</record>
<record>
  <date>2018-06-19T21:22:31</date>
  <millis>1529423551321</millis>
  <sequence>145</sequence>
  <level>WARNING</level>
  <class>com.kms.katalon.core.logging.KeywordLogger</class>
  <method>logMessage</method>
  <thread>1</thread>
  <message>Timeout &amp;apos;0&amp;apos; is invalid. Using default page load timeout: &amp;apos;30&amp;apos;</message>
  <nestedLevel>1</nestedLevel>
</record>
<record>
  <date>2018-06-19T21:22:31</date>
  <millis>1529423551322</millis>
  <sequence>146</sequence>
  <level>INFO</level>
  <class>com.kms.katalon.core.logging.KeywordLogger</class>
  <method>logMessage</method>
  <thread>1</thread>
  <message>Finding web element with id: &amp;apos;Object Repository/spy_Made_for_Summer/a_Tile-linkOverlay js-tile-lin (2)&amp;apos; located by &amp;apos;By.xpath: //a[@href = &amp;apos;https://www.walmart.com/ip/51430454&amp;apos;]&amp;apos; in &amp;apos;30&amp;apos; second(s)</message>
  <nestedLevel>1</nestedLevel>
</record>
<record>
  <date>2018-06-19T21:22:31</date>
  <millis>1529423551360</millis>
  <sequence>147</sequence>
  <level>INFO</level>
  <class>com.kms.katalon.core.logging.KeywordLogger</class>
  <method>logMessage</method>
  <thread>1</thread>
  <message>Found 3 web elements with id: &amp;apos;Object Repository/spy_Made_for_Summer/a_Tile-linkOverlay js-tile-lin (2)&amp;apos; located by &amp;apos;By.xpath: //a[@href = &amp;apos;https://www.walmart.com/ip/51430454&amp;apos;]&amp;apos; in &amp;apos;30&amp;apos; second(s)</message>
  <nestedLevel>1</nestedLevel>
</record>
<record>
  <date>2018-06-19T21:22:31</date>
  <millis>1529423551361</millis>
  <sequence>148</sequence>
  <level>PASSED</level>
  <class>com.kms.katalon.core.logging.KeywordLogger</class>
  <method>logMessage</method>
  <thread>1</thread>
  <message>Object &amp;apos;Object Repository/spy_Made_for_Summer/a_Tile-linkOverlay js-tile-lin (2)&amp;apos; is present</message>
  <nestedLevel>1</nestedLevel>
</record>
<record>
  <date>2018-06-19T21:22:31</date>
  <millis>1529423551362</millis>
  <sequence>149</sequence>
  <level>END</level>
  <class>com.kms.katalon.core.logging.KeywordLogger</class>
  <method>endKeyword</method>
  <thread>1</thread>
  <message>End action : verifyElementPresent</message>
  <nestedLevel>1</nestedLevel>
</record>
<record>
  <date>2018-06-19T21:22:31</date>
  <millis>1529423551362</millis>
  <sequence>150</sequence>
  <level>START</level>
  <class>com.kms.katalon.core.logging.KeywordLogger</class>
  <method>startKeyword</method>
  <thread>1</thread>
  <message>Start action : verifyElementPresent</message>
  <nestedLevel>1</nestedLevel>
  <property name="startLine">44</property>
  <property name="stepIndex">17</property>
</record>
<record>
  <date>2018-06-19T21:22:31</date>
  <millis>1529423551363</millis>
  <sequence>151</sequence>
  <level>INFO</level>
  <class>com.kms.katalon.core.logging.KeywordLogger</class>
  <method>logMessage</method>
  <thread>1</thread>
  <message>Finding Test Object with id &amp;apos;Object Repository/spy_Made_for_Summer/a_Tile-linkOverlay js-tile-lin (1)&amp;apos;</message>
  <nestedLevel>1</nestedLevel>
</record>
<record>
  <date>2018-06-19T21:22:31</date>
  <millis>1529423551373</millis>
  <sequence>152</sequence>
  <level>INFO</level>
  <class>com.kms.katalon.core.logging.KeywordLogger</class>
  <method>logMessage</method>
  <thread>1</thread>
  <message>Checking object</message>
  <nestedLevel>1</nestedLevel>
</record>
<record>
  <date>2018-06-19T21:22:31</date>
  <millis>1529423551374</millis>
  <sequence>153</sequence>
  <level>INFO</level>
  <class>com.kms.katalon.core.logging.KeywordLogger</class>
  <method>logMessage</method>
  <thread>1</thread>
  <message>Checking timeout</message>
  <nestedLevel>1</nestedLevel>
</record>
<record>
  <date>2018-06-19T21:22:31</date>
  <millis>1529423551374</millis>
  <sequence>154</sequence>
  <level>WARNING</level>
  <class>com.kms.katalon.core.logging.KeywordLogger</class>
  <method>logMessage</method>
  <thread>1</thread>
  <message>Timeout &amp;apos;0&amp;apos; is invalid. Using default page load timeout: &amp;apos;30&amp;apos;</message>
  <nestedLevel>1</nestedLevel>
</record>
<record>
  <date>2018-06-19T21:22:31</date>
  <millis>1529423551375</millis>
  <sequence>155</sequence>
  <level>INFO</level>
  <class>com.kms.katalon.core.logging.KeywordLogger</class>
  <method>logMessage</method>
  <thread>1</thread>
  <message>Finding web element with id: &amp;apos;Object Repository/spy_Made_for_Summer/a_Tile-linkOverlay js-tile-lin (1)&amp;apos; located by &amp;apos;By.xpath: //a[@href = &amp;apos;https://www.walmart.com/ip/51430456&amp;apos;]&amp;apos; in &amp;apos;30&amp;apos; second(s)</message>
  <nestedLevel>1</nestedLevel>
</record>
<record>
  <date>2018-06-19T21:22:31</date>
  <millis>1529423551405</millis>
  <sequence>156</sequence>
  <level>INFO</level>
  <class>com.kms.katalon.core.logging.KeywordLogger</class>
  <method>logMessage</method>
  <thread>1</thread>
  <message>Found 3 web elements with id: &amp;apos;Object Repository/spy_Made_for_Summer/a_Tile-linkOverlay js-tile-lin (1)&amp;apos; located by &amp;apos;By.xpath: //a[@href = &amp;apos;https://www.walmart.com/ip/51430456&amp;apos;]&amp;apos; in &amp;apos;30&amp;apos; second(s)</message>
  <nestedLevel>1</nestedLevel>
</record>
<record>
  <date>2018-06-19T21:22:31</date>
  <millis>1529423551405</millis>
  <sequence>157</sequence>
  <level>PASSED</level>
  <class>com.kms.katalon.core.logging.KeywordLogger</class>
  <method>logMessage</method>
  <thread>1</thread>
  <message>Object &amp;apos;Object Repository/spy_Made_for_Summer/a_Tile-linkOverlay js-tile-lin (1)&amp;apos; is present</message>
  <nestedLevel>1</nestedLevel>
</record>
<record>
  <date>2018-06-19T21:22:31</date>
  <millis>1529423551406</millis>
  <sequence>158</sequence>
  <level>END</level>
  <class>com.kms.katalon.core.logging.KeywordLogger</class>
  <method>endKeyword</method>
  <thread>1</thread>
  <message>End action : verifyElementPresent</message>
  <nestedLevel>1</nestedLevel>
</record>
<record>
  <date>2018-06-19T21:22:31</date>
  <millis>1529423551406</millis>
  <sequence>159</sequence>
  <level>START</level>
  <class>com.kms.katalon.core.logging.KeywordLogger</class>
  <method>startKeyword</method>
  <thread>1</thread>
  <message>Start action : closeBrowser</message>
  <nestedLevel>1</nestedLevel>
  <property name="startLine">46</property>
  <property name="stepIndex">18</property>
</record>
<record>
  <date>2018-06-19T21:22:31</date>
  <millis>1529423551423</millis>
  <sequence>160</sequence>
  <level>INFO</level>
  <class>com.kms.katalon.core.logging.KeywordLogger</class>
  <method>logMessage</method>
  <thread>1</thread>
  <message>Closing browser</message>
  <nestedLevel>1</nestedLevel>
</record>
<record>
  <date>2018-06-19T21:22:32</date>
  <millis>1529423552597</millis>
  <sequence>161</sequence>
  <level>PASSED</level>
  <class>com.kms.katalon.core.logging.KeywordLogger</class>
  <method>logMessage</method>
  <thread>1</thread>
  <message>Browser is closed</message>
  <nestedLevel>1</nestedLevel>
</record>
<record>
  <date>2018-06-19T21:22:32</date>
  <millis>1529423552597</millis>
  <sequence>162</sequence>
  <level>END</level>
  <class>com.kms.katalon.core.logging.KeywordLogger</class>
  <method>endKeyword</method>
  <thread>1</thread>
  <message>End action : closeBrowser</message>
  <nestedLevel>1</nestedLevel>
</record>
<record>
  <date>2018-06-19T21:22:32</date>
  <millis>1529423552598</millis>
  <sequence>163</sequence>
  <level>PASSED</level>
  <class>com.kms.katalon.core.logging.KeywordLogger</class>
  <method>logMessage</method>
  <thread>1</thread>
  <message>Test Cases/New Test Case</message>
  <nestedLevel>1</nestedLevel>
</record>
<record>
  <date>2018-06-19T21:22:32</date>
  <millis>1529423552599</millis>
  <sequence>164</sequence>
  <level>END</level>
  <class>com.kms.katalon.core.logging.KeywordLogger</class>
  <method>endTest</method>
  <thread>1</thread>
  <message>End Test Case : Test Cases/New Test Case</message>
  <nestedLevel>0</nestedLevel>
</record>
<record>
  <date>2018-06-19T21:22:32</date>
  <millis>1529423552644</millis>
  <sequence>165</sequence>
  <level>END</level>
  <class>com.kms.katalon.core.logging.KeywordLogger</class>
  <method>endSuite</method>
  <thread>1</thread>
  <message>End Test Suite : Test Suites/all_env</message>
  <nestedLevel>0</nestedLevel>
</record>
</log>
